<?xml version="1.0" encoding="UTF-8"?>
<coverage generated="1696169902742" clover="3.2.0">
  <project timestamp="1696169902742" name="All files">
    <metrics statements="1250" coveredstatements="582" conditionals="445" coveredconditionals="82" methods="379" coveredmethods="113" elements="2074" coveredelements="777" complexity="0" loc="1250" ncloc="1250" packages="3" files="5" classes="5"/>
    <package name="builders">
      <metrics statements="20" coveredstatements="20" conditionals="0" coveredconditionals="0" methods="9" coveredmethods="9"/>
      <file name="amount.auth.request.ts" path="/home/user/Desktop/myProjects/open-source/HEXA-LEDGER/services/http-post/src/generated/grpc/builders/amount.auth.request.ts">
        <metrics statements="11" coveredstatements="11" conditionals="0" coveredconditionals="0" methods="5" coveredmethods="5"/>
        <line num="1" count="1" type="stmt"/>
        <line num="2" count="1" type="stmt"/>
        <line num="4" count="1" type="stmt"/>
        <line num="8" count="4" type="stmt"/>
        <line num="12" count="4" type="stmt"/>
        <line num="13" count="4" type="stmt"/>
        <line num="17" count="4" type="stmt"/>
        <line num="18" count="4" type="stmt"/>
        <line num="22" count="4" type="stmt"/>
        <line num="23" count="4" type="stmt"/>
        <line num="27" count="4" type="stmt"/>
      </file>
      <file name="pagination.ts" path="/home/user/Desktop/myProjects/open-source/HEXA-LEDGER/services/http-post/src/generated/grpc/builders/pagination.ts">
        <metrics statements="9" coveredstatements="9" conditionals="0" coveredconditionals="0" methods="4" coveredmethods="4"/>
        <line num="1" count="1" type="stmt"/>
        <line num="2" count="1" type="stmt"/>
        <line num="4" count="1" type="stmt"/>
        <line num="8" count="4" type="stmt"/>
        <line num="12" count="4" type="stmt"/>
        <line num="13" count="4" type="stmt"/>
        <line num="17" count="4" type="stmt"/>
        <line num="18" count="4" type="stmt"/>
        <line num="22" count="4" type="stmt"/>
      </file>
    </package>
    <package name="extacters">
      <metrics statements="85" coveredstatements="43" conditionals="76" coveredconditionals="17" methods="80" coveredmethods="34"/>
      <file name="extractor.ts" path="/home/user/Desktop/myProjects/open-source/HEXA-LEDGER/services/http-post/src/generated/grpc/extacters/extractor.ts">
        <metrics statements="85" coveredstatements="43" conditionals="76" coveredconditionals="17" methods="80" coveredmethods="34"/>
        <line num="15" count="1" type="stmt"/>
        <line num="19" count="29" type="stmt"/>
        <line num="23" count="29" type="cond" truecount="1" falsecount="1"/>
        <line num="27" count="29" type="cond" truecount="1" falsecount="1"/>
        <line num="31" count="29" type="cond" truecount="1" falsecount="1"/>
        <line num="35" count="29" type="cond" truecount="1" falsecount="1"/>
        <line num="39" count="543" type="stmt"/>
        <line num="43" count="29" type="stmt"/>
        <line num="44" count="29" type="cond" truecount="1" falsecount="1"/>
        <line num="48" count="29" type="stmt"/>
        <line num="49" count="29" type="cond" truecount="1" falsecount="1"/>
        <line num="53" count="29" type="cond" truecount="1" falsecount="1"/>
        <line num="57" count="29" type="cond" truecount="2" falsecount="0"/>
        <line num="61" count="652" type="stmt"/>
        <line num="65" count="60" type="stmt"/>
        <line num="69" count="2515" type="stmt"/>
        <line num="73" count="2051" type="stmt"/>
        <line num="77" count="2341" type="stmt"/>
        <line num="81" count="29" type="cond" truecount="1" falsecount="1"/>
        <line num="85" count="29" type="cond" truecount="1" falsecount="1"/>
        <line num="89" count="29" type="stmt"/>
        <line num="110" count="1" type="stmt"/>
        <line num="114" count="652" type="stmt"/>
        <line num="118" count="652" type="cond" truecount="1" falsecount="1"/>
        <line num="122" count="652" type="stmt"/>
        <line num="123" count="652" type="cond" truecount="1" falsecount="1"/>
        <line num="127" count="652" type="cond" truecount="1" falsecount="1"/>
        <line num="131" count="652" type="stmt"/>
        <line num="139" count="1" type="stmt"/>
        <line num="143" count="60" type="stmt"/>
        <line num="147" count="60" type="cond" truecount="1" falsecount="1"/>
        <line num="151" count="60" type="stmt"/>
        <line num="152" count="60" type="cond" truecount="1" falsecount="1"/>
        <line num="156" count="60" type="cond" truecount="1" falsecount="1"/>
        <line num="160" count="60" type="stmt"/>
        <line num="168" count="1" type="stmt"/>
        <line num="172" count="0" type="stmt"/>
        <line num="176" count="0" type="cond" truecount="0" falsecount="2"/>
        <line num="180" count="0" type="cond" truecount="0" falsecount="2"/>
        <line num="184" count="0" type="cond" truecount="0" falsecount="2"/>
        <line num="188" count="0" type="cond" truecount="0" falsecount="2"/>
        <line num="192" count="0" type="stmt"/>
        <line num="196" count="0" type="stmt"/>
        <line num="200" count="0" type="cond" truecount="0" falsecount="2"/>
        <line num="204" count="0" type="cond" truecount="0" falsecount="2"/>
        <line num="208" count="0" type="stmt"/>
        <line num="221" count="1" type="stmt"/>
        <line num="225" count="0" type="stmt"/>
        <line num="229" count="0" type="cond" truecount="0" falsecount="2"/>
        <line num="233" count="0" type="cond" truecount="0" falsecount="2"/>
        <line num="237" count="0" type="cond" truecount="0" falsecount="2"/>
        <line num="241" count="0" type="stmt"/>
        <line num="249" count="1" type="stmt"/>
        <line num="253" count="0" type="stmt"/>
        <line num="257" count="0" type="cond" truecount="0" falsecount="2"/>
        <line num="261" count="0" type="cond" truecount="0" falsecount="2"/>
        <line num="265" count="0" type="stmt"/>
        <line num="272" count="1" type="stmt"/>
        <line num="276" count="0" type="stmt"/>
        <line num="280" count="0" type="cond" truecount="0" falsecount="2"/>
        <line num="284" count="0" type="cond" truecount="0" falsecount="2"/>
        <line num="288" count="0" type="stmt"/>
        <line num="295" count="1" type="stmt"/>
        <line num="299" count="0" type="stmt"/>
        <line num="303" count="0" type="cond" truecount="0" falsecount="2"/>
        <line num="307" count="0" type="stmt"/>
        <line num="313" count="1" type="stmt"/>
        <line num="317" count="0" type="stmt"/>
        <line num="321" count="0" type="cond" truecount="0" falsecount="2"/>
        <line num="325" count="0" type="cond" truecount="0" falsecount="2"/>
        <line num="329" count="0" type="stmt"/>
        <line num="333" count="0" type="stmt"/>
        <line num="337" count="0" type="cond" truecount="0" falsecount="2"/>
        <line num="341" count="0" type="cond" truecount="0" falsecount="2"/>
        <line num="345" count="0" type="stmt"/>
        <line num="356" count="1" type="stmt"/>
        <line num="360" count="0" type="stmt"/>
        <line num="364" count="0" type="cond" truecount="0" falsecount="2"/>
        <line num="368" count="0" type="cond" truecount="0" falsecount="2"/>
        <line num="372" count="0" type="stmt"/>
        <line num="379" count="1" type="stmt"/>
        <line num="383" count="0" type="stmt"/>
        <line num="387" count="0" type="cond" truecount="0" falsecount="2"/>
        <line num="391" count="0" type="cond" truecount="0" falsecount="2"/>
        <line num="395" count="0" type="stmt"/>
      </file>
    </package>
    <package name="typescript">
      <metrics statements="1145" coveredstatements="519" conditionals="369" coveredconditionals="65" methods="290" coveredmethods="70"/>
      <file name="threads_grpc_pb.js" path="/home/user/Desktop/myProjects/open-source/HEXA-LEDGER/services/http-post/src/generated/grpc/typescript/threads_grpc_pb.js">
        <metrics statements="46" coveredstatements="11" conditionals="20" coveredconditionals="2" methods="20" coveredmethods="3"/>
        <line num="5" count="1" type="stmt"/>
        <line num="6" count="1" type="stmt"/>
        <line num="7" count="1" type="stmt"/>
        <line num="8" count="1" type="stmt"/>
        <line num="11" count="0" type="cond" truecount="0" falsecount="2"/>
        <line num="12" count="0" type="stmt"/>
        <line num="14" count="0" type="stmt"/>
        <line num="18" count="0" type="stmt"/>
        <line num="22" count="0" type="cond" truecount="0" falsecount="2"/>
        <line num="23" count="0" type="stmt"/>
        <line num="25" count="0" type="stmt"/>
        <line num="29" count="0" type="stmt"/>
        <line num="33" count="0" type="cond" truecount="0" falsecount="2"/>
        <line num="34" count="0" type="stmt"/>
        <line num="36" count="0" type="stmt"/>
        <line num="40" count="0" type="stmt"/>
        <line num="44" count="4" type="cond" truecount="1" falsecount="1"/>
        <line num="45" count="0" type="stmt"/>
        <line num="47" count="4" type="stmt"/>
        <line num="51" count="0" type="stmt"/>
        <line num="55" count="0" type="cond" truecount="0" falsecount="2"/>
        <line num="56" count="0" type="stmt"/>
        <line num="58" count="0" type="stmt"/>
        <line num="62" count="0" type="stmt"/>
        <line num="66" count="0" type="cond" truecount="0" falsecount="2"/>
        <line num="67" count="0" type="stmt"/>
        <line num="69" count="0" type="stmt"/>
        <line num="73" count="0" type="stmt"/>
        <line num="77" count="4" type="cond" truecount="1" falsecount="1"/>
        <line num="78" count="0" type="stmt"/>
        <line num="80" count="4" type="stmt"/>
        <line num="84" count="0" type="stmt"/>
        <line num="88" count="0" type="cond" truecount="0" falsecount="2"/>
        <line num="89" count="0" type="stmt"/>
        <line num="91" count="0" type="stmt"/>
        <line num="95" count="0" type="stmt"/>
        <line num="99" count="0" type="cond" truecount="0" falsecount="2"/>
        <line num="100" count="0" type="stmt"/>
        <line num="102" count="0" type="stmt"/>
        <line num="106" count="29" type="stmt"/>
        <line num="110" count="0" type="cond" truecount="0" falsecount="2"/>
        <line num="111" count="0" type="stmt"/>
        <line num="113" count="0" type="stmt"/>
        <line num="117" count="0" type="stmt"/>
        <line num="121" count="1" type="stmt"/>
        <line num="281" count="1" type="stmt"/>
      </file>
      <file name="threads_pb.js" path="/home/user/Desktop/myProjects/open-source/HEXA-LEDGER/services/http-post/src/generated/grpc/typescript/threads_pb.js">
        <metrics statements="1099" coveredstatements="508" conditionals="349" coveredconditionals="63" methods="270" coveredmethods="67"/>
        <line num="15" count="1" type="stmt"/>
        <line num="16" count="1" type="stmt"/>
        <line num="17" count="1" type="stmt"/>
        <line num="18" count="1" type="cond" truecount="1" falsecount="1"/>
        <line num="19" count="0" type="cond" truecount="0" falsecount="2"/>
        <line num="20" count="0" type="cond" truecount="0" falsecount="2"/>
        <line num="21" count="0" type="cond" truecount="0" falsecount="2"/>
        <line num="22" count="0" type="stmt"/>
        <line num="25" count="1" type="stmt"/>
        <line num="26" count="1" type="stmt"/>
        <line num="27" count="1" type="stmt"/>
        <line num="28" count="1" type="stmt"/>
        <line num="29" count="1" type="stmt"/>
        <line num="30" count="1" type="stmt"/>
        <line num="31" count="1" type="stmt"/>
        <line num="32" count="1" type="stmt"/>
        <line num="33" count="1" type="stmt"/>
        <line num="34" count="1" type="stmt"/>
        <line num="35" count="1" type="stmt"/>
        <line num="36" count="1" type="stmt"/>
        <line num="37" count="1" type="stmt"/>
        <line num="38" count="1" type="stmt"/>
        <line num="39" count="1" type="stmt"/>
        <line num="50" count="1" type="stmt"/>
        <line num="51" count="29" type="stmt"/>
        <line num="53" count="1" type="stmt"/>
        <line num="54" count="1" type="cond" truecount="2" falsecount="2"/>
        <line num="59" count="0" type="stmt"/>
        <line num="71" count="1" type="stmt"/>
        <line num="72" count="652" type="stmt"/>
        <line num="74" count="1" type="stmt"/>
        <line num="75" count="1" type="cond" truecount="2" falsecount="2"/>
        <line num="80" count="0" type="stmt"/>
        <line num="92" count="1" type="stmt"/>
        <line num="93" count="60" type="stmt"/>
        <line num="95" count="1" type="stmt"/>
        <line num="96" count="1" type="cond" truecount="2" falsecount="2"/>
        <line num="101" count="0" type="stmt"/>
        <line num="113" count="1" type="stmt"/>
        <line num="114" count="0" type="stmt"/>
        <line num="116" count="1" type="stmt"/>
        <line num="117" count="1" type="cond" truecount="2" falsecount="2"/>
        <line num="122" count="0" type="stmt"/>
        <line num="134" count="1" type="stmt"/>
        <line num="135" count="4" type="stmt"/>
        <line num="137" count="1" type="stmt"/>
        <line num="138" count="1" type="cond" truecount="2" falsecount="2"/>
        <line num="143" count="0" type="stmt"/>
        <line num="155" count="1" type="stmt"/>
        <line num="156" count="4" type="stmt"/>
        <line num="158" count="1" type="stmt"/>
        <line num="159" count="1" type="cond" truecount="2" falsecount="2"/>
        <line num="164" count="0" type="stmt"/>
        <line num="176" count="1" type="stmt"/>
        <line num="177" count="0" type="stmt"/>
        <line num="179" count="1" type="stmt"/>
        <line num="180" count="1" type="cond" truecount="2" falsecount="2"/>
        <line num="185" count="0" type="stmt"/>
        <line num="197" count="1" type="stmt"/>
        <line num="198" count="0" type="stmt"/>
        <line num="200" count="1" type="stmt"/>
        <line num="201" count="1" type="cond" truecount="2" falsecount="2"/>
        <line num="206" count="0" type="stmt"/>
        <line num="218" count="1" type="stmt"/>
        <line num="219" count="0" type="stmt"/>
        <line num="221" count="1" type="stmt"/>
        <line num="222" count="1" type="cond" truecount="2" falsecount="2"/>
        <line num="227" count="0" type="stmt"/>
        <line num="239" count="1" type="stmt"/>
        <line num="240" count="0" type="stmt"/>
        <line num="242" count="1" type="stmt"/>
        <line num="243" count="1" type="cond" truecount="2" falsecount="2"/>
        <line num="248" count="0" type="stmt"/>
        <line num="260" count="1" type="stmt"/>
        <line num="261" count="0" type="stmt"/>
        <line num="263" count="1" type="stmt"/>
        <line num="264" count="1" type="cond" truecount="2" falsecount="2"/>
        <line num="269" count="0" type="stmt"/>
        <line num="277" count="1" type="stmt"/>
        <line num="281" count="1" type="cond" truecount="1" falsecount="1"/>
        <line num="294" count="1" type="stmt"/>
        <line num="295" count="0" type="stmt"/>
        <line num="308" count="1" type="stmt"/>
        <line num="309" count="0" type="stmt"/>
        <line num="334" count="0" type="cond" truecount="0" falsecount="2"/>
        <line num="335" count="0" type="stmt"/>
        <line num="337" count="0" type="stmt"/>
        <line num="347" count="1" type="stmt"/>
        <line num="348" count="29" type="stmt"/>
        <line num="349" count="29" type="stmt"/>
        <line num="350" count="29" type="stmt"/>
        <line num="361" count="1" type="stmt"/>
        <line num="362" count="29" type="stmt"/>
        <line num="363" count="8423" type="cond" truecount="1" falsecount="1"/>
        <line num="364" count="0" type="stmt"/>
        <line num="366" count="8423" type="stmt"/>
        <line num="367" count="8423" type="cond" truecount="15" falsecount="2"/>
        <line num="369" count="29" type="stmt"/>
        <line num="370" count="29" type="stmt"/>
        <line num="371" count="29" type="stmt"/>
        <line num="372" count="29" type="stmt"/>
        <line num="374" count="29" type="stmt"/>
        <line num="375" count="29" type="stmt"/>
        <line num="376" count="29" type="stmt"/>
        <line num="377" count="29" type="stmt"/>
        <line num="379" count="29" type="stmt"/>
        <line num="380" count="29" type="stmt"/>
        <line num="381" count="29" type="stmt"/>
        <line num="382" count="29" type="stmt"/>
        <line num="384" count="29" type="stmt"/>
        <line num="385" count="29" type="stmt"/>
        <line num="386" count="29" type="stmt"/>
        <line num="387" count="29" type="stmt"/>
        <line num="389" count="543" type="stmt"/>
        <line num="390" count="543" type="stmt"/>
        <line num="391" count="543" type="stmt"/>
        <line num="392" count="543" type="stmt"/>
        <line num="394" count="29" type="stmt"/>
        <line num="395" count="29" type="stmt"/>
        <line num="396" count="29" type="stmt"/>
        <line num="397" count="29" type="stmt"/>
        <line num="399" count="29" type="stmt"/>
        <line num="400" count="29" type="stmt"/>
        <line num="401" count="29" type="stmt"/>
        <line num="402" count="29" type="stmt"/>
        <line num="404" count="29" type="stmt"/>
        <line num="405" count="29" type="stmt"/>
        <line num="406" count="29" type="stmt"/>
        <line num="407" count="29" type="stmt"/>
        <line num="409" count="0" type="stmt"/>
        <line num="410" count="0" type="stmt"/>
        <line num="411" count="0" type="stmt"/>
        <line num="412" count="0" type="stmt"/>
        <line num="414" count="652" type="stmt"/>
        <line num="415" count="652" type="stmt"/>
        <line num="416" count="652" type="stmt"/>
        <line num="417" count="652" type="stmt"/>
        <line num="419" count="60" type="stmt"/>
        <line num="420" count="60" type="stmt"/>
        <line num="421" count="60" type="stmt"/>
        <line num="422" count="60" type="stmt"/>
        <line num="424" count="2515" type="stmt"/>
        <line num="425" count="2515" type="stmt"/>
        <line num="426" count="2515" type="stmt"/>
        <line num="427" count="2515" type="stmt"/>
        <line num="429" count="2051" type="stmt"/>
        <line num="430" count="2051" type="stmt"/>
        <line num="431" count="2051" type="stmt"/>
        <line num="432" count="2051" type="stmt"/>
        <line num="434" count="2341" type="stmt"/>
        <line num="435" count="2341" type="stmt"/>
        <line num="436" count="2341" type="stmt"/>
        <line num="437" count="2341" type="stmt"/>
        <line num="439" count="29" type="stmt"/>
        <line num="440" count="29" type="stmt"/>
        <line num="441" count="29" type="stmt"/>
        <line num="442" count="29" type="stmt"/>
        <line num="444" count="29" type="stmt"/>
        <line num="445" count="29" type="stmt"/>
        <line num="446" count="29" type="stmt"/>
        <line num="447" count="29" type="stmt"/>
        <line num="449" count="0" type="stmt"/>
        <line num="450" count="0" type="stmt"/>
        <line num="453" count="29" type="stmt"/>
        <line num="461" count="1" type="stmt"/>
        <line num="462" count="0" type="stmt"/>
        <line num="463" count="0" type="stmt"/>
        <line num="464" count="0" type="stmt"/>
        <line num="475" count="1" type="stmt"/>
        <line num="476" count="0" type="stmt"/>
        <line num="477" count="0" type="stmt"/>
        <line num="478" count="0" type="cond" truecount="0" falsecount="2"/>
        <line num="479" count="0" type="stmt"/>
        <line num="485" count="0" type="stmt"/>
        <line num="486" count="0" type="cond" truecount="0" falsecount="2"/>
        <line num="487" count="0" type="stmt"/>
        <line num="493" count="0" type="stmt"/>
        <line num="494" count="0" type="cond" truecount="0" falsecount="2"/>
        <line num="495" count="0" type="stmt"/>
        <line num="501" count="0" type="stmt"/>
        <line num="502" count="0" type="cond" truecount="0" falsecount="2"/>
        <line num="503" count="0" type="stmt"/>
        <line num="509" count="0" type="stmt"/>
        <line num="510" count="0" type="cond" truecount="0" falsecount="2"/>
        <line num="511" count="0" type="stmt"/>
        <line num="517" count="0" type="stmt"/>
        <line num="518" count="0" type="cond" truecount="0" falsecount="2"/>
        <line num="519" count="0" type="stmt"/>
        <line num="525" count="0" type="stmt"/>
        <line num="526" count="0" type="cond" truecount="0" falsecount="2"/>
        <line num="527" count="0" type="stmt"/>
        <line num="533" count="0" type="stmt"/>
        <line num="534" count="0" type="cond" truecount="0" falsecount="2"/>
        <line num="535" count="0" type="stmt"/>
        <line num="541" count="0" type="stmt"/>
        <line num="542" count="0" type="cond" truecount="0" falsecount="2"/>
        <line num="543" count="0" type="stmt"/>
        <line num="549" count="0" type="stmt"/>
        <line num="550" count="0" type="cond" truecount="0" falsecount="2"/>
        <line num="551" count="0" type="stmt"/>
        <line num="557" count="0" type="stmt"/>
        <line num="558" count="0" type="cond" truecount="0" falsecount="2"/>
        <line num="559" count="0" type="stmt"/>
        <line num="565" count="0" type="stmt"/>
        <line num="566" count="0" type="cond" truecount="0" falsecount="2"/>
        <line num="567" count="0" type="stmt"/>
        <line num="573" count="0" type="stmt"/>
        <line num="574" count="0" type="cond" truecount="0" falsecount="2"/>
        <line num="575" count="0" type="stmt"/>
        <line num="581" count="0" type="stmt"/>
        <line num="582" count="0" type="cond" truecount="0" falsecount="2"/>
        <line num="583" count="0" type="stmt"/>
        <line num="589" count="0" type="stmt"/>
        <line num="590" count="0" type="cond" truecount="0" falsecount="2"/>
        <line num="591" count="0" type="stmt"/>
        <line num="597" count="0" type="stmt"/>
        <line num="598" count="0" type="cond" truecount="0" falsecount="2"/>
        <line num="599" count="0" type="stmt"/>
        <line num="612" count="1" type="stmt"/>
        <line num="613" count="29" type="stmt"/>
        <line num="622" count="1" type="stmt"/>
        <line num="623" count="29" type="stmt"/>
        <line num="631" count="1" type="stmt"/>
        <line num="632" count="0" type="stmt"/>
        <line num="640" count="1" type="stmt"/>
        <line num="641" count="0" type="stmt"/>
        <line num="649" count="1" type="stmt"/>
        <line num="650" count="29" type="stmt"/>
        <line num="659" count="1" type="stmt"/>
        <line num="660" count="29" type="stmt"/>
        <line num="668" count="1" type="stmt"/>
        <line num="669" count="0" type="stmt"/>
        <line num="677" count="1" type="stmt"/>
        <line num="678" count="0" type="stmt"/>
        <line num="686" count="1" type="stmt"/>
        <line num="687" count="29" type="stmt"/>
        <line num="696" count="1" type="stmt"/>
        <line num="697" count="29" type="stmt"/>
        <line num="705" count="1" type="stmt"/>
        <line num="706" count="0" type="stmt"/>
        <line num="714" count="1" type="stmt"/>
        <line num="715" count="0" type="stmt"/>
        <line num="723" count="1" type="stmt"/>
        <line num="724" count="29" type="stmt"/>
        <line num="733" count="1" type="stmt"/>
        <line num="734" count="29" type="stmt"/>
        <line num="742" count="1" type="stmt"/>
        <line num="743" count="0" type="stmt"/>
        <line num="751" count="1" type="stmt"/>
        <line num="752" count="0" type="stmt"/>
        <line num="760" count="1" type="stmt"/>
        <line num="761" count="29" type="stmt"/>
        <line num="770" count="1" type="stmt"/>
        <line num="771" count="0" type="stmt"/>
        <line num="780" count="1" type="stmt"/>
        <line num="781" count="543" type="stmt"/>
        <line num="789" count="1" type="stmt"/>
        <line num="790" count="0" type="stmt"/>
        <line num="798" count="1" type="stmt"/>
        <line num="799" count="29" type="stmt"/>
        <line num="808" count="1" type="stmt"/>
        <line num="809" count="29" type="stmt"/>
        <line num="817" count="1" type="stmt"/>
        <line num="818" count="0" type="stmt"/>
        <line num="826" count="1" type="stmt"/>
        <line num="827" count="0" type="stmt"/>
        <line num="835" count="1" type="stmt"/>
        <line num="836" count="29" type="stmt"/>
        <line num="845" count="1" type="stmt"/>
        <line num="846" count="29" type="stmt"/>
        <line num="854" count="1" type="stmt"/>
        <line num="855" count="0" type="stmt"/>
        <line num="863" count="1" type="stmt"/>
        <line num="864" count="0" type="stmt"/>
        <line num="872" count="1" type="stmt"/>
        <line num="873" count="29" type="stmt"/>
        <line num="882" count="1" type="stmt"/>
        <line num="883" count="29" type="stmt"/>
        <line num="891" count="1" type="stmt"/>
        <line num="892" count="0" type="stmt"/>
        <line num="900" count="1" type="stmt"/>
        <line num="901" count="0" type="stmt"/>
        <line num="909" count="1" type="stmt"/>
        <line num="910" count="29" type="stmt"/>
        <line num="919" count="1" type="stmt"/>
        <line num="920" count="0" type="stmt"/>
        <line num="928" count="1" type="stmt"/>
        <line num="929" count="0" type="stmt"/>
        <line num="937" count="1" type="stmt"/>
        <line num="938" count="0" type="stmt"/>
        <line num="946" count="1" type="stmt"/>
        <line num="947" count="29" type="stmt"/>
        <line num="956" count="1" type="stmt"/>
        <line num="957" count="0" type="stmt"/>
        <line num="966" count="1" type="stmt"/>
        <line num="967" count="652" type="stmt"/>
        <line num="975" count="1" type="stmt"/>
        <line num="976" count="0" type="stmt"/>
        <line num="984" count="1" type="stmt"/>
        <line num="985" count="29" type="stmt"/>
        <line num="994" count="1" type="stmt"/>
        <line num="995" count="0" type="stmt"/>
        <line num="1004" count="1" type="stmt"/>
        <line num="1005" count="60" type="stmt"/>
        <line num="1013" count="1" type="stmt"/>
        <line num="1014" count="0" type="stmt"/>
        <line num="1022" count="1" type="stmt"/>
        <line num="1023" count="29" type="stmt"/>
        <line num="1032" count="1" type="stmt"/>
        <line num="1033" count="0" type="stmt"/>
        <line num="1042" count="1" type="stmt"/>
        <line num="1043" count="2515" type="stmt"/>
        <line num="1051" count="1" type="stmt"/>
        <line num="1052" count="0" type="stmt"/>
        <line num="1060" count="1" type="stmt"/>
        <line num="1061" count="29" type="stmt"/>
        <line num="1070" count="1" type="stmt"/>
        <line num="1071" count="0" type="stmt"/>
        <line num="1080" count="1" type="stmt"/>
        <line num="1081" count="2051" type="stmt"/>
        <line num="1089" count="1" type="stmt"/>
        <line num="1090" count="0" type="stmt"/>
        <line num="1098" count="1" type="stmt"/>
        <line num="1099" count="29" type="stmt"/>
        <line num="1108" count="1" type="stmt"/>
        <line num="1109" count="0" type="stmt"/>
        <line num="1118" count="1" type="stmt"/>
        <line num="1119" count="2341" type="stmt"/>
        <line num="1127" count="1" type="stmt"/>
        <line num="1128" count="0" type="stmt"/>
        <line num="1136" count="1" type="stmt"/>
        <line num="1137" count="29" type="stmt"/>
        <line num="1146" count="1" type="stmt"/>
        <line num="1147" count="29" type="stmt"/>
        <line num="1155" count="1" type="stmt"/>
        <line num="1156" count="0" type="stmt"/>
        <line num="1164" count="1" type="stmt"/>
        <line num="1165" count="0" type="stmt"/>
        <line num="1173" count="1" type="stmt"/>
        <line num="1174" count="29" type="stmt"/>
        <line num="1183" count="1" type="stmt"/>
        <line num="1184" count="29" type="stmt"/>
        <line num="1192" count="1" type="stmt"/>
        <line num="1193" count="0" type="stmt"/>
        <line num="1201" count="1" type="stmt"/>
        <line num="1202" count="0" type="stmt"/>
        <line num="1209" count="1" type="cond" truecount="1" falsecount="1"/>
        <line num="1222" count="1" type="stmt"/>
        <line num="1223" count="0" type="stmt"/>
        <line num="1236" count="1" type="stmt"/>
        <line num="1237" count="0" type="stmt"/>
        <line num="1243" count="0" type="cond" truecount="0" falsecount="2"/>
        <line num="1244" count="0" type="stmt"/>
        <line num="1246" count="0" type="stmt"/>
        <line num="1256" count="1" type="stmt"/>
        <line num="1257" count="0" type="stmt"/>
        <line num="1258" count="0" type="stmt"/>
        <line num="1259" count="0" type="stmt"/>
        <line num="1270" count="1" type="stmt"/>
        <line num="1271" count="652" type="stmt"/>
        <line num="1272" count="1956" type="cond" truecount="1" falsecount="1"/>
        <line num="1273" count="0" type="stmt"/>
        <line num="1275" count="1956" type="stmt"/>
        <line num="1276" count="1956" type="cond" truecount="3" falsecount="1"/>
        <line num="1278" count="652" type="stmt"/>
        <line num="1279" count="652" type="stmt"/>
        <line num="1280" count="652" type="stmt"/>
        <line num="1281" count="652" type="stmt"/>
        <line num="1283" count="652" type="stmt"/>
        <line num="1284" count="652" type="stmt"/>
        <line num="1285" count="652" type="stmt"/>
        <line num="1286" count="652" type="stmt"/>
        <line num="1288" count="652" type="stmt"/>
        <line num="1289" count="652" type="stmt"/>
        <line num="1290" count="652" type="stmt"/>
        <line num="1291" count="652" type="stmt"/>
        <line num="1293" count="0" type="stmt"/>
        <line num="1294" count="0" type="stmt"/>
        <line num="1297" count="652" type="stmt"/>
        <line num="1305" count="1" type="stmt"/>
        <line num="1306" count="0" type="stmt"/>
        <line num="1307" count="0" type="stmt"/>
        <line num="1308" count="0" type="stmt"/>
        <line num="1319" count="1" type="stmt"/>
        <line num="1320" count="0" type="stmt"/>
        <line num="1321" count="0" type="stmt"/>
        <line num="1322" count="0" type="cond" truecount="0" falsecount="2"/>
        <line num="1323" count="0" type="stmt"/>
        <line num="1329" count="0" type="stmt"/>
        <line num="1330" count="0" type="cond" truecount="0" falsecount="2"/>
        <line num="1331" count="0" type="stmt"/>
        <line num="1337" count="0" type="stmt"/>
        <line num="1338" count="0" type="cond" truecount="0" falsecount="2"/>
        <line num="1339" count="0" type="stmt"/>
        <line num="1352" count="1" type="stmt"/>
        <line num="1353" count="652" type="stmt"/>
        <line num="1362" count="1" type="stmt"/>
        <line num="1363" count="652" type="stmt"/>
        <line num="1371" count="1" type="stmt"/>
        <line num="1372" count="0" type="stmt"/>
        <line num="1380" count="1" type="stmt"/>
        <line num="1381" count="0" type="stmt"/>
        <line num="1389" count="1" type="stmt"/>
        <line num="1390" count="652" type="stmt"/>
        <line num="1399" count="1" type="stmt"/>
        <line num="1400" count="652" type="stmt"/>
        <line num="1408" count="1" type="stmt"/>
        <line num="1409" count="0" type="stmt"/>
        <line num="1417" count="1" type="stmt"/>
        <line num="1418" count="0" type="stmt"/>
        <line num="1426" count="1" type="stmt"/>
        <line num="1427" count="652" type="stmt"/>
        <line num="1436" count="1" type="stmt"/>
        <line num="1437" count="652" type="stmt"/>
        <line num="1445" count="1" type="stmt"/>
        <line num="1446" count="0" type="stmt"/>
        <line num="1454" count="1" type="stmt"/>
        <line num="1455" count="0" type="stmt"/>
        <line num="1462" count="1" type="cond" truecount="1" falsecount="1"/>
        <line num="1475" count="1" type="stmt"/>
        <line num="1476" count="0" type="stmt"/>
        <line num="1489" count="1" type="stmt"/>
        <line num="1490" count="0" type="stmt"/>
        <line num="1496" count="0" type="cond" truecount="0" falsecount="2"/>
        <line num="1497" count="0" type="stmt"/>
        <line num="1499" count="0" type="stmt"/>
        <line num="1509" count="1" type="stmt"/>
        <line num="1510" count="0" type="stmt"/>
        <line num="1511" count="0" type="stmt"/>
        <line num="1512" count="0" type="stmt"/>
        <line num="1523" count="1" type="stmt"/>
        <line num="1524" count="60" type="stmt"/>
        <line num="1525" count="180" type="cond" truecount="1" falsecount="1"/>
        <line num="1526" count="0" type="stmt"/>
        <line num="1528" count="180" type="stmt"/>
        <line num="1529" count="180" type="cond" truecount="3" falsecount="1"/>
        <line num="1531" count="60" type="stmt"/>
        <line num="1532" count="60" type="stmt"/>
        <line num="1533" count="60" type="stmt"/>
        <line num="1534" count="60" type="stmt"/>
        <line num="1536" count="60" type="stmt"/>
        <line num="1537" count="60" type="stmt"/>
        <line num="1538" count="60" type="stmt"/>
        <line num="1539" count="60" type="stmt"/>
        <line num="1541" count="60" type="stmt"/>
        <line num="1542" count="60" type="stmt"/>
        <line num="1543" count="60" type="stmt"/>
        <line num="1544" count="60" type="stmt"/>
        <line num="1546" count="0" type="stmt"/>
        <line num="1547" count="0" type="stmt"/>
        <line num="1550" count="60" type="stmt"/>
        <line num="1558" count="1" type="stmt"/>
        <line num="1559" count="0" type="stmt"/>
        <line num="1560" count="0" type="stmt"/>
        <line num="1561" count="0" type="stmt"/>
        <line num="1572" count="1" type="stmt"/>
        <line num="1573" count="0" type="stmt"/>
        <line num="1574" count="0" type="stmt"/>
        <line num="1575" count="0" type="cond" truecount="0" falsecount="2"/>
        <line num="1576" count="0" type="stmt"/>
        <line num="1582" count="0" type="stmt"/>
        <line num="1583" count="0" type="cond" truecount="0" falsecount="2"/>
        <line num="1584" count="0" type="stmt"/>
        <line num="1590" count="0" type="stmt"/>
        <line num="1591" count="0" type="cond" truecount="0" falsecount="2"/>
        <line num="1592" count="0" type="stmt"/>
        <line num="1605" count="1" type="stmt"/>
        <line num="1606" count="60" type="stmt"/>
        <line num="1615" count="1" type="stmt"/>
        <line num="1616" count="60" type="stmt"/>
        <line num="1624" count="1" type="stmt"/>
        <line num="1625" count="0" type="stmt"/>
        <line num="1633" count="1" type="stmt"/>
        <line num="1634" count="0" type="stmt"/>
        <line num="1642" count="1" type="stmt"/>
        <line num="1643" count="60" type="stmt"/>
        <line num="1652" count="1" type="stmt"/>
        <line num="1653" count="60" type="stmt"/>
        <line num="1661" count="1" type="stmt"/>
        <line num="1662" count="0" type="stmt"/>
        <line num="1670" count="1" type="stmt"/>
        <line num="1671" count="0" type="stmt"/>
        <line num="1679" count="1" type="stmt"/>
        <line num="1680" count="60" type="stmt"/>
        <line num="1689" count="1" type="stmt"/>
        <line num="1690" count="60" type="stmt"/>
        <line num="1698" count="1" type="stmt"/>
        <line num="1699" count="0" type="stmt"/>
        <line num="1707" count="1" type="stmt"/>
        <line num="1708" count="0" type="stmt"/>
        <line num="1718" count="1" type="stmt"/>
        <line num="1722" count="1" type="cond" truecount="1" falsecount="1"/>
        <line num="1735" count="1" type="stmt"/>
        <line num="1736" count="0" type="stmt"/>
        <line num="1749" count="1" type="stmt"/>
        <line num="1750" count="0" type="stmt"/>
        <line num="1763" count="0" type="cond" truecount="0" falsecount="2"/>
        <line num="1764" count="0" type="stmt"/>
        <line num="1766" count="0" type="stmt"/>
        <line num="1776" count="1" type="stmt"/>
        <line num="1777" count="0" type="stmt"/>
        <line num="1778" count="0" type="stmt"/>
        <line num="1779" count="0" type="stmt"/>
        <line num="1790" count="1" type="stmt"/>
        <line num="1791" count="0" type="stmt"/>
        <line num="1792" count="0" type="cond" truecount="0" falsecount="2"/>
        <line num="1793" count="0" type="stmt"/>
        <line num="1795" count="0" type="stmt"/>
        <line num="1796" count="0" type="cond" truecount="0" falsecount="9"/>
        <line num="1798" count="0" type="stmt"/>
        <line num="1799" count="0" type="stmt"/>
        <line num="1800" count="0" type="stmt"/>
        <line num="1801" count="0" type="stmt"/>
        <line num="1803" count="0" type="stmt"/>
        <line num="1804" count="0" type="stmt"/>
        <line num="1805" count="0" type="stmt"/>
        <line num="1806" count="0" type="stmt"/>
        <line num="1808" count="0" type="stmt"/>
        <line num="1809" count="0" type="stmt"/>
        <line num="1810" count="0" type="stmt"/>
        <line num="1811" count="0" type="stmt"/>
        <line num="1813" count="0" type="stmt"/>
        <line num="1814" count="0" type="stmt"/>
        <line num="1815" count="0" type="stmt"/>
        <line num="1816" count="0" type="stmt"/>
        <line num="1818" count="0" type="stmt"/>
        <line num="1819" count="0" type="stmt"/>
        <line num="1820" count="0" type="stmt"/>
        <line num="1821" count="0" type="stmt"/>
        <line num="1823" count="0" type="stmt"/>
        <line num="1824" count="0" type="stmt"/>
        <line num="1825" count="0" type="stmt"/>
        <line num="1826" count="0" type="stmt"/>
        <line num="1828" count="0" type="stmt"/>
        <line num="1829" count="0" type="stmt"/>
        <line num="1830" count="0" type="stmt"/>
        <line num="1831" count="0" type="stmt"/>
        <line num="1833" count="0" type="stmt"/>
        <line num="1834" count="0" type="stmt"/>
        <line num="1835" count="0" type="stmt"/>
        <line num="1836" count="0" type="stmt"/>
        <line num="1838" count="0" type="stmt"/>
        <line num="1839" count="0" type="stmt"/>
        <line num="1842" count="0" type="stmt"/>
        <line num="1850" count="1" type="stmt"/>
        <line num="1851" count="0" type="stmt"/>
        <line num="1852" count="0" type="stmt"/>
        <line num="1853" count="0" type="stmt"/>
        <line num="1864" count="1" type="stmt"/>
        <line num="1865" count="0" type="stmt"/>
        <line num="1866" count="0" type="stmt"/>
        <line num="1867" count="0" type="cond" truecount="0" falsecount="2"/>
        <line num="1868" count="0" type="stmt"/>
        <line num="1874" count="0" type="stmt"/>
        <line num="1875" count="0" type="cond" truecount="0" falsecount="2"/>
        <line num="1876" count="0" type="stmt"/>
        <line num="1882" count="0" type="stmt"/>
        <line num="1883" count="0" type="cond" truecount="0" falsecount="2"/>
        <line num="1884" count="0" type="stmt"/>
        <line num="1890" count="0" type="stmt"/>
        <line num="1891" count="0" type="cond" truecount="0" falsecount="2"/>
        <line num="1892" count="0" type="stmt"/>
        <line num="1898" count="0" type="stmt"/>
        <line num="1899" count="0" type="cond" truecount="0" falsecount="2"/>
        <line num="1900" count="0" type="stmt"/>
        <line num="1906" count="0" type="stmt"/>
        <line num="1907" count="0" type="cond" truecount="0" falsecount="2"/>
        <line num="1908" count="0" type="stmt"/>
        <line num="1914" count="0" type="stmt"/>
        <line num="1915" count="0" type="cond" truecount="0" falsecount="2"/>
        <line num="1916" count="0" type="stmt"/>
        <line num="1922" count="0" type="stmt"/>
        <line num="1923" count="0" type="cond" truecount="0" falsecount="2"/>
        <line num="1924" count="0" type="stmt"/>
        <line num="1937" count="1" type="stmt"/>
        <line num="1938" count="0" type="stmt"/>
        <line num="1947" count="1" type="stmt"/>
        <line num="1948" count="0" type="stmt"/>
        <line num="1956" count="1" type="stmt"/>
        <line num="1957" count="0" type="stmt"/>
        <line num="1965" count="1" type="stmt"/>
        <line num="1966" count="0" type="stmt"/>
        <line num="1974" count="1" type="stmt"/>
        <line num="1975" count="0" type="stmt"/>
        <line num="1984" count="1" type="stmt"/>
        <line num="1985" count="0" type="stmt"/>
        <line num="1993" count="1" type="stmt"/>
        <line num="1994" count="0" type="stmt"/>
        <line num="2002" count="1" type="stmt"/>
        <line num="2003" count="0" type="stmt"/>
        <line num="2011" count="1" type="stmt"/>
        <line num="2012" count="0" type="stmt"/>
        <line num="2021" count="1" type="stmt"/>
        <line num="2022" count="0" type="stmt"/>
        <line num="2030" count="1" type="stmt"/>
        <line num="2031" count="0" type="stmt"/>
        <line num="2039" count="1" type="stmt"/>
        <line num="2040" count="0" type="stmt"/>
        <line num="2048" count="1" type="stmt"/>
        <line num="2049" count="0" type="stmt"/>
        <line num="2058" count="1" type="stmt"/>
        <line num="2059" count="0" type="stmt"/>
        <line num="2067" count="1" type="stmt"/>
        <line num="2068" count="0" type="stmt"/>
        <line num="2076" count="1" type="stmt"/>
        <line num="2077" count="0" type="stmt"/>
        <line num="2085" count="1" type="stmt"/>
        <line num="2086" count="0" type="stmt"/>
        <line num="2095" count="1" type="stmt"/>
        <line num="2096" count="0" type="stmt"/>
        <line num="2105" count="1" type="stmt"/>
        <line num="2106" count="0" type="stmt"/>
        <line num="2114" count="1" type="stmt"/>
        <line num="2115" count="0" type="stmt"/>
        <line num="2123" count="1" type="stmt"/>
        <line num="2124" count="0" type="stmt"/>
        <line num="2133" count="1" type="stmt"/>
        <line num="2134" count="0" type="stmt"/>
        <line num="2143" count="1" type="stmt"/>
        <line num="2144" count="0" type="stmt"/>
        <line num="2152" count="1" type="stmt"/>
        <line num="2153" count="0" type="stmt"/>
        <line num="2161" count="1" type="stmt"/>
        <line num="2162" count="0" type="stmt"/>
        <line num="2171" count="1" type="stmt"/>
        <line num="2172" count="0" type="stmt"/>
        <line num="2180" count="1" type="stmt"/>
        <line num="2181" count="0" type="stmt"/>
        <line num="2189" count="1" type="stmt"/>
        <line num="2190" count="0" type="stmt"/>
        <line num="2198" count="1" type="stmt"/>
        <line num="2199" count="0" type="stmt"/>
        <line num="2208" count="1" type="stmt"/>
        <line num="2209" count="0" type="stmt"/>
        <line num="2217" count="1" type="stmt"/>
        <line num="2218" count="0" type="stmt"/>
        <line num="2226" count="1" type="stmt"/>
        <line num="2227" count="0" type="stmt"/>
        <line num="2234" count="1" type="cond" truecount="1" falsecount="1"/>
        <line num="2247" count="1" type="stmt"/>
        <line num="2248" count="0" type="stmt"/>
        <line num="2261" count="1" type="stmt"/>
        <line num="2262" count="0" type="stmt"/>
        <line num="2268" count="0" type="cond" truecount="0" falsecount="2"/>
        <line num="2269" count="0" type="stmt"/>
        <line num="2271" count="0" type="stmt"/>
        <line num="2281" count="1" type="stmt"/>
        <line num="2282" count="0" type="stmt"/>
        <line num="2283" count="0" type="stmt"/>
        <line num="2284" count="0" type="stmt"/>
        <line num="2295" count="1" type="stmt"/>
        <line num="2296" count="0" type="stmt"/>
        <line num="2297" count="0" type="cond" truecount="0" falsecount="2"/>
        <line num="2298" count="0" type="stmt"/>
        <line num="2300" count="0" type="stmt"/>
        <line num="2301" count="0" type="cond" truecount="0" falsecount="4"/>
        <line num="2303" count="0" type="stmt"/>
        <line num="2304" count="0" type="stmt"/>
        <line num="2305" count="0" type="stmt"/>
        <line num="2306" count="0" type="stmt"/>
        <line num="2308" count="0" type="stmt"/>
        <line num="2309" count="0" type="stmt"/>
        <line num="2310" count="0" type="stmt"/>
        <line num="2311" count="0" type="stmt"/>
        <line num="2313" count="0" type="stmt"/>
        <line num="2314" count="0" type="stmt"/>
        <line num="2315" count="0" type="stmt"/>
        <line num="2316" count="0" type="stmt"/>
        <line num="2318" count="0" type="stmt"/>
        <line num="2319" count="0" type="stmt"/>
        <line num="2322" count="0" type="stmt"/>
        <line num="2330" count="1" type="stmt"/>
        <line num="2331" count="4" type="stmt"/>
        <line num="2332" count="4" type="stmt"/>
        <line num="2333" count="4" type="stmt"/>
        <line num="2344" count="1" type="stmt"/>
        <line num="2345" count="4" type="stmt"/>
        <line num="2346" count="4" type="stmt"/>
        <line num="2347" count="4" type="cond" truecount="1" falsecount="1"/>
        <line num="2348" count="4" type="stmt"/>
        <line num="2354" count="4" type="stmt"/>
        <line num="2355" count="4" type="cond" truecount="1" falsecount="1"/>
        <line num="2356" count="4" type="stmt"/>
        <line num="2362" count="4" type="stmt"/>
        <line num="2363" count="4" type="cond" truecount="1" falsecount="1"/>
        <line num="2364" count="4" type="stmt"/>
        <line num="2377" count="1" type="stmt"/>
        <line num="2378" count="4" type="stmt"/>
        <line num="2387" count="1" type="stmt"/>
        <line num="2388" count="4" type="stmt"/>
        <line num="2396" count="1" type="stmt"/>
        <line num="2397" count="0" type="stmt"/>
        <line num="2405" count="1" type="stmt"/>
        <line num="2406" count="0" type="stmt"/>
        <line num="2414" count="1" type="stmt"/>
        <line num="2415" count="4" type="stmt"/>
        <line num="2424" count="1" type="stmt"/>
        <line num="2425" count="4" type="stmt"/>
        <line num="2433" count="1" type="stmt"/>
        <line num="2434" count="0" type="stmt"/>
        <line num="2442" count="1" type="stmt"/>
        <line num="2443" count="0" type="stmt"/>
        <line num="2451" count="1" type="stmt"/>
        <line num="2452" count="4" type="stmt"/>
        <line num="2461" count="1" type="stmt"/>
        <line num="2462" count="4" type="stmt"/>
        <line num="2470" count="1" type="stmt"/>
        <line num="2471" count="0" type="stmt"/>
        <line num="2479" count="1" type="stmt"/>
        <line num="2480" count="0" type="stmt"/>
        <line num="2487" count="1" type="cond" truecount="1" falsecount="1"/>
        <line num="2500" count="1" type="stmt"/>
        <line num="2501" count="0" type="stmt"/>
        <line num="2514" count="1" type="stmt"/>
        <line num="2515" count="0" type="stmt"/>
        <line num="2520" count="0" type="cond" truecount="0" falsecount="2"/>
        <line num="2521" count="0" type="stmt"/>
        <line num="2523" count="0" type="stmt"/>
        <line num="2533" count="1" type="stmt"/>
        <line num="2534" count="0" type="stmt"/>
        <line num="2535" count="0" type="stmt"/>
        <line num="2536" count="0" type="stmt"/>
        <line num="2547" count="1" type="stmt"/>
        <line num="2548" count="0" type="stmt"/>
        <line num="2549" count="0" type="cond" truecount="0" falsecount="2"/>
        <line num="2550" count="0" type="stmt"/>
        <line num="2552" count="0" type="stmt"/>
        <line num="2553" count="0" type="cond" truecount="0" falsecount="3"/>
        <line num="2555" count="0" type="stmt"/>
        <line num="2556" count="0" type="stmt"/>
        <line num="2557" count="0" type="stmt"/>
        <line num="2558" count="0" type="stmt"/>
        <line num="2560" count="0" type="stmt"/>
        <line num="2561" count="0" type="stmt"/>
        <line num="2562" count="0" type="stmt"/>
        <line num="2563" count="0" type="stmt"/>
        <line num="2565" count="0" type="stmt"/>
        <line num="2566" count="0" type="stmt"/>
        <line num="2569" count="0" type="stmt"/>
        <line num="2577" count="1" type="stmt"/>
        <line num="2578" count="4" type="stmt"/>
        <line num="2579" count="4" type="stmt"/>
        <line num="2580" count="4" type="stmt"/>
        <line num="2591" count="1" type="stmt"/>
        <line num="2592" count="4" type="stmt"/>
        <line num="2593" count="4" type="stmt"/>
        <line num="2594" count="4" type="cond" truecount="1" falsecount="1"/>
        <line num="2595" count="4" type="stmt"/>
        <line num="2601" count="4" type="stmt"/>
        <line num="2602" count="4" type="cond" truecount="1" falsecount="1"/>
        <line num="2603" count="4" type="stmt"/>
        <line num="2616" count="1" type="stmt"/>
        <line num="2617" count="4" type="stmt"/>
        <line num="2626" count="1" type="stmt"/>
        <line num="2627" count="4" type="stmt"/>
        <line num="2635" count="1" type="stmt"/>
        <line num="2636" count="0" type="stmt"/>
        <line num="2644" count="1" type="stmt"/>
        <line num="2645" count="0" type="stmt"/>
        <line num="2653" count="1" type="stmt"/>
        <line num="2654" count="4" type="stmt"/>
        <line num="2663" count="1" type="stmt"/>
        <line num="2664" count="4" type="stmt"/>
        <line num="2672" count="1" type="stmt"/>
        <line num="2673" count="0" type="stmt"/>
        <line num="2681" count="1" type="stmt"/>
        <line num="2682" count="0" type="stmt"/>
        <line num="2689" count="1" type="cond" truecount="1" falsecount="1"/>
        <line num="2702" count="1" type="stmt"/>
        <line num="2703" count="0" type="stmt"/>
        <line num="2716" count="1" type="stmt"/>
        <line num="2717" count="0" type="stmt"/>
        <line num="2722" count="0" type="cond" truecount="0" falsecount="2"/>
        <line num="2723" count="0" type="stmt"/>
        <line num="2725" count="0" type="stmt"/>
        <line num="2735" count="1" type="stmt"/>
        <line num="2736" count="0" type="stmt"/>
        <line num="2737" count="0" type="stmt"/>
        <line num="2738" count="0" type="stmt"/>
        <line num="2749" count="1" type="stmt"/>
        <line num="2750" count="0" type="stmt"/>
        <line num="2751" count="0" type="cond" truecount="0" falsecount="2"/>
        <line num="2752" count="0" type="stmt"/>
        <line num="2754" count="0" type="stmt"/>
        <line num="2755" count="0" type="cond" truecount="0" falsecount="3"/>
        <line num="2757" count="0" type="stmt"/>
        <line num="2758" count="0" type="stmt"/>
        <line num="2759" count="0" type="stmt"/>
        <line num="2760" count="0" type="stmt"/>
        <line num="2762" count="0" type="stmt"/>
        <line num="2763" count="0" type="stmt"/>
        <line num="2764" count="0" type="stmt"/>
        <line num="2765" count="0" type="stmt"/>
        <line num="2767" count="0" type="stmt"/>
        <line num="2768" count="0" type="stmt"/>
        <line num="2771" count="0" type="stmt"/>
        <line num="2779" count="1" type="stmt"/>
        <line num="2780" count="0" type="stmt"/>
        <line num="2781" count="0" type="stmt"/>
        <line num="2782" count="0" type="stmt"/>
        <line num="2793" count="1" type="stmt"/>
        <line num="2794" count="0" type="stmt"/>
        <line num="2795" count="0" type="stmt"/>
        <line num="2796" count="0" type="cond" truecount="0" falsecount="2"/>
        <line num="2797" count="0" type="stmt"/>
        <line num="2803" count="0" type="stmt"/>
        <line num="2804" count="0" type="cond" truecount="0" falsecount="2"/>
        <line num="2805" count="0" type="stmt"/>
        <line num="2818" count="1" type="stmt"/>
        <line num="2819" count="0" type="stmt"/>
        <line num="2828" count="1" type="stmt"/>
        <line num="2829" count="0" type="stmt"/>
        <line num="2837" count="1" type="stmt"/>
        <line num="2838" count="0" type="stmt"/>
        <line num="2846" count="1" type="stmt"/>
        <line num="2847" count="0" type="stmt"/>
        <line num="2855" count="1" type="stmt"/>
        <line num="2856" count="0" type="stmt"/>
        <line num="2865" count="1" type="stmt"/>
        <line num="2866" count="0" type="stmt"/>
        <line num="2874" count="1" type="stmt"/>
        <line num="2875" count="0" type="stmt"/>
        <line num="2883" count="1" type="stmt"/>
        <line num="2884" count="0" type="stmt"/>
        <line num="2891" count="1" type="cond" truecount="1" falsecount="1"/>
        <line num="2904" count="1" type="stmt"/>
        <line num="2905" count="0" type="stmt"/>
        <line num="2918" count="1" type="stmt"/>
        <line num="2919" count="0" type="stmt"/>
        <line num="2923" count="0" type="cond" truecount="0" falsecount="2"/>
        <line num="2924" count="0" type="stmt"/>
        <line num="2926" count="0" type="stmt"/>
        <line num="2936" count="1" type="stmt"/>
        <line num="2937" count="0" type="stmt"/>
        <line num="2938" count="0" type="stmt"/>
        <line num="2939" count="0" type="stmt"/>
        <line num="2950" count="1" type="stmt"/>
        <line num="2951" count="0" type="stmt"/>
        <line num="2952" count="0" type="cond" truecount="0" falsecount="2"/>
        <line num="2953" count="0" type="stmt"/>
        <line num="2955" count="0" type="stmt"/>
        <line num="2956" count="0" type="cond" truecount="0" falsecount="2"/>
        <line num="2958" count="0" type="stmt"/>
        <line num="2959" count="0" type="stmt"/>
        <line num="2960" count="0" type="stmt"/>
        <line num="2961" count="0" type="stmt"/>
        <line num="2963" count="0" type="stmt"/>
        <line num="2964" count="0" type="stmt"/>
        <line num="2967" count="0" type="stmt"/>
        <line num="2975" count="1" type="stmt"/>
        <line num="2976" count="0" type="stmt"/>
        <line num="2977" count="0" type="stmt"/>
        <line num="2978" count="0" type="stmt"/>
        <line num="2989" count="1" type="stmt"/>
        <line num="2990" count="0" type="stmt"/>
        <line num="2991" count="0" type="stmt"/>
        <line num="2992" count="0" type="cond" truecount="0" falsecount="2"/>
        <line num="2993" count="0" type="stmt"/>
        <line num="3006" count="1" type="stmt"/>
        <line num="3007" count="0" type="stmt"/>
        <line num="3016" count="1" type="stmt"/>
        <line num="3017" count="0" type="stmt"/>
        <line num="3025" count="1" type="stmt"/>
        <line num="3026" count="0" type="stmt"/>
        <line num="3034" count="1" type="stmt"/>
        <line num="3035" count="0" type="stmt"/>
        <line num="3045" count="1" type="stmt"/>
        <line num="3049" count="1" type="cond" truecount="1" falsecount="1"/>
        <line num="3062" count="1" type="stmt"/>
        <line num="3063" count="0" type="stmt"/>
        <line num="3076" count="1" type="stmt"/>
        <line num="3077" count="0" type="stmt"/>
        <line num="3088" count="0" type="cond" truecount="0" falsecount="2"/>
        <line num="3089" count="0" type="stmt"/>
        <line num="3091" count="0" type="stmt"/>
        <line num="3101" count="1" type="stmt"/>
        <line num="3102" count="0" type="stmt"/>
        <line num="3103" count="0" type="stmt"/>
        <line num="3104" count="0" type="stmt"/>
        <line num="3115" count="1" type="stmt"/>
        <line num="3116" count="0" type="stmt"/>
        <line num="3117" count="0" type="cond" truecount="0" falsecount="2"/>
        <line num="3118" count="0" type="stmt"/>
        <line num="3120" count="0" type="stmt"/>
        <line num="3121" count="0" type="cond" truecount="0" falsecount="7"/>
        <line num="3123" count="0" type="stmt"/>
        <line num="3124" count="0" type="stmt"/>
        <line num="3125" count="0" type="stmt"/>
        <line num="3126" count="0" type="stmt"/>
        <line num="3128" count="0" type="stmt"/>
        <line num="3129" count="0" type="stmt"/>
        <line num="3130" count="0" type="stmt"/>
        <line num="3131" count="0" type="stmt"/>
        <line num="3133" count="0" type="stmt"/>
        <line num="3134" count="0" type="stmt"/>
        <line num="3135" count="0" type="stmt"/>
        <line num="3136" count="0" type="stmt"/>
        <line num="3138" count="0" type="stmt"/>
        <line num="3139" count="0" type="stmt"/>
        <line num="3140" count="0" type="stmt"/>
        <line num="3141" count="0" type="stmt"/>
        <line num="3143" count="0" type="stmt"/>
        <line num="3144" count="0" type="stmt"/>
        <line num="3145" count="0" type="stmt"/>
        <line num="3146" count="0" type="stmt"/>
        <line num="3148" count="0" type="stmt"/>
        <line num="3149" count="0" type="stmt"/>
        <line num="3150" count="0" type="stmt"/>
        <line num="3151" count="0" type="stmt"/>
        <line num="3153" count="0" type="stmt"/>
        <line num="3154" count="0" type="stmt"/>
        <line num="3157" count="0" type="stmt"/>
        <line num="3165" count="1" type="stmt"/>
        <line num="3166" count="0" type="stmt"/>
        <line num="3167" count="0" type="stmt"/>
        <line num="3168" count="0" type="stmt"/>
        <line num="3179" count="1" type="stmt"/>
        <line num="3180" count="0" type="stmt"/>
        <line num="3181" count="0" type="stmt"/>
        <line num="3182" count="0" type="cond" truecount="0" falsecount="2"/>
        <line num="3183" count="0" type="stmt"/>
        <line num="3189" count="0" type="stmt"/>
        <line num="3190" count="0" type="cond" truecount="0" falsecount="2"/>
        <line num="3191" count="0" type="stmt"/>
        <line num="3197" count="0" type="stmt"/>
        <line num="3198" count="0" type="cond" truecount="0" falsecount="2"/>
        <line num="3199" count="0" type="stmt"/>
        <line num="3205" count="0" type="stmt"/>
        <line num="3206" count="0" type="cond" truecount="0" falsecount="2"/>
        <line num="3207" count="0" type="stmt"/>
        <line num="3213" count="0" type="stmt"/>
        <line num="3214" count="0" type="cond" truecount="0" falsecount="2"/>
        <line num="3215" count="0" type="stmt"/>
        <line num="3221" count="0" type="stmt"/>
        <line num="3222" count="0" type="cond" truecount="0" falsecount="2"/>
        <line num="3223" count="0" type="stmt"/>
        <line num="3236" count="1" type="stmt"/>
        <line num="3237" count="0" type="stmt"/>
        <line num="3246" count="1" type="stmt"/>
        <line num="3247" count="0" type="stmt"/>
        <line num="3255" count="1" type="stmt"/>
        <line num="3256" count="0" type="stmt"/>
        <line num="3264" count="1" type="stmt"/>
        <line num="3265" count="0" type="stmt"/>
        <line num="3273" count="1" type="stmt"/>
        <line num="3274" count="0" type="stmt"/>
        <line num="3283" count="1" type="stmt"/>
        <line num="3284" count="0" type="stmt"/>
        <line num="3292" count="1" type="stmt"/>
        <line num="3293" count="0" type="stmt"/>
        <line num="3301" count="1" type="stmt"/>
        <line num="3302" count="0" type="stmt"/>
        <line num="3310" count="1" type="stmt"/>
        <line num="3311" count="0" type="stmt"/>
        <line num="3320" count="1" type="stmt"/>
        <line num="3321" count="0" type="stmt"/>
        <line num="3330" count="1" type="stmt"/>
        <line num="3331" count="0" type="stmt"/>
        <line num="3339" count="1" type="stmt"/>
        <line num="3340" count="0" type="stmt"/>
        <line num="3348" count="1" type="stmt"/>
        <line num="3349" count="0" type="stmt"/>
        <line num="3358" count="1" type="stmt"/>
        <line num="3359" count="0" type="stmt"/>
        <line num="3368" count="1" type="stmt"/>
        <line num="3369" count="0" type="stmt"/>
        <line num="3377" count="1" type="stmt"/>
        <line num="3378" count="0" type="stmt"/>
        <line num="3386" count="1" type="stmt"/>
        <line num="3387" count="0" type="stmt"/>
        <line num="3396" count="1" type="stmt"/>
        <line num="3397" count="0" type="stmt"/>
        <line num="3405" count="1" type="stmt"/>
        <line num="3406" count="0" type="stmt"/>
        <line num="3414" count="1" type="stmt"/>
        <line num="3415" count="0" type="stmt"/>
        <line num="3423" count="1" type="stmt"/>
        <line num="3424" count="0" type="stmt"/>
        <line num="3433" count="1" type="stmt"/>
        <line num="3434" count="0" type="stmt"/>
        <line num="3442" count="1" type="stmt"/>
        <line num="3443" count="0" type="stmt"/>
        <line num="3451" count="1" type="stmt"/>
        <line num="3452" count="0" type="stmt"/>
        <line num="3459" count="1" type="cond" truecount="1" falsecount="1"/>
        <line num="3472" count="1" type="stmt"/>
        <line num="3473" count="0" type="stmt"/>
        <line num="3486" count="1" type="stmt"/>
        <line num="3487" count="0" type="stmt"/>
        <line num="3492" count="0" type="cond" truecount="0" falsecount="2"/>
        <line num="3493" count="0" type="stmt"/>
        <line num="3495" count="0" type="stmt"/>
        <line num="3505" count="1" type="stmt"/>
        <line num="3506" count="0" type="stmt"/>
        <line num="3507" count="0" type="stmt"/>
        <line num="3508" count="0" type="stmt"/>
        <line num="3519" count="1" type="stmt"/>
        <line num="3520" count="0" type="stmt"/>
        <line num="3521" count="0" type="cond" truecount="0" falsecount="2"/>
        <line num="3522" count="0" type="stmt"/>
        <line num="3524" count="0" type="stmt"/>
        <line num="3525" count="0" type="cond" truecount="0" falsecount="3"/>
        <line num="3527" count="0" type="stmt"/>
        <line num="3528" count="0" type="stmt"/>
        <line num="3529" count="0" type="stmt"/>
        <line num="3530" count="0" type="stmt"/>
        <line num="3532" count="0" type="stmt"/>
        <line num="3533" count="0" type="stmt"/>
        <line num="3534" count="0" type="stmt"/>
        <line num="3535" count="0" type="stmt"/>
        <line num="3537" count="0" type="stmt"/>
        <line num="3538" count="0" type="stmt"/>
        <line num="3541" count="0" type="stmt"/>
        <line num="3549" count="1" type="stmt"/>
        <line num="3550" count="0" type="stmt"/>
        <line num="3551" count="0" type="stmt"/>
        <line num="3552" count="0" type="stmt"/>
        <line num="3563" count="1" type="stmt"/>
        <line num="3564" count="0" type="stmt"/>
        <line num="3565" count="0" type="stmt"/>
        <line num="3566" count="0" type="cond" truecount="0" falsecount="2"/>
        <line num="3567" count="0" type="stmt"/>
        <line num="3573" count="0" type="stmt"/>
        <line num="3574" count="0" type="cond" truecount="0" falsecount="2"/>
        <line num="3575" count="0" type="stmt"/>
        <line num="3588" count="1" type="stmt"/>
        <line num="3589" count="0" type="stmt"/>
        <line num="3598" count="1" type="stmt"/>
        <line num="3599" count="0" type="stmt"/>
        <line num="3607" count="1" type="stmt"/>
        <line num="3608" count="0" type="stmt"/>
        <line num="3616" count="1" type="stmt"/>
        <line num="3617" count="0" type="stmt"/>
        <line num="3625" count="1" type="stmt"/>
        <line num="3626" count="0" type="stmt"/>
        <line num="3635" count="1" type="stmt"/>
        <line num="3636" count="0" type="stmt"/>
        <line num="3644" count="1" type="stmt"/>
        <line num="3645" count="0" type="stmt"/>
        <line num="3653" count="1" type="stmt"/>
        <line num="3654" count="0" type="stmt"/>
        <line num="3661" count="1" type="cond" truecount="1" falsecount="1"/>
        <line num="3674" count="1" type="stmt"/>
        <line num="3675" count="0" type="stmt"/>
        <line num="3688" count="1" type="stmt"/>
        <line num="3689" count="0" type="stmt"/>
        <line num="3694" count="0" type="cond" truecount="0" falsecount="2"/>
        <line num="3695" count="0" type="stmt"/>
        <line num="3697" count="0" type="stmt"/>
        <line num="3707" count="1" type="stmt"/>
        <line num="3708" count="0" type="stmt"/>
        <line num="3709" count="0" type="stmt"/>
        <line num="3710" count="0" type="stmt"/>
        <line num="3721" count="1" type="stmt"/>
        <line num="3722" count="0" type="stmt"/>
        <line num="3723" count="0" type="cond" truecount="0" falsecount="2"/>
        <line num="3724" count="0" type="stmt"/>
        <line num="3726" count="0" type="stmt"/>
        <line num="3727" count="0" type="cond" truecount="0" falsecount="3"/>
        <line num="3729" count="0" type="stmt"/>
        <line num="3730" count="0" type="stmt"/>
        <line num="3731" count="0" type="stmt"/>
        <line num="3732" count="0" type="stmt"/>
        <line num="3734" count="0" type="stmt"/>
        <line num="3735" count="0" type="stmt"/>
        <line num="3736" count="0" type="stmt"/>
        <line num="3737" count="0" type="stmt"/>
        <line num="3739" count="0" type="stmt"/>
        <line num="3740" count="0" type="stmt"/>
        <line num="3743" count="0" type="stmt"/>
        <line num="3751" count="1" type="stmt"/>
        <line num="3752" count="0" type="stmt"/>
        <line num="3753" count="0" type="stmt"/>
        <line num="3754" count="0" type="stmt"/>
        <line num="3765" count="1" type="stmt"/>
        <line num="3766" count="0" type="stmt"/>
        <line num="3767" count="0" type="stmt"/>
        <line num="3768" count="0" type="cond" truecount="0" falsecount="2"/>
        <line num="3769" count="0" type="stmt"/>
        <line num="3775" count="0" type="stmt"/>
        <line num="3776" count="0" type="cond" truecount="0" falsecount="2"/>
        <line num="3777" count="0" type="stmt"/>
        <line num="3790" count="1" type="stmt"/>
        <line num="3791" count="0" type="stmt"/>
        <line num="3800" count="1" type="stmt"/>
        <line num="3801" count="0" type="stmt"/>
        <line num="3809" count="1" type="stmt"/>
        <line num="3810" count="0" type="stmt"/>
        <line num="3818" count="1" type="stmt"/>
        <line num="3819" count="0" type="stmt"/>
        <line num="3827" count="1" type="stmt"/>
        <line num="3828" count="0" type="stmt"/>
        <line num="3837" count="1" type="stmt"/>
        <line num="3838" count="0" type="stmt"/>
        <line num="3846" count="1" type="stmt"/>
        <line num="3847" count="0" type="stmt"/>
        <line num="3855" count="1" type="stmt"/>
        <line num="3856" count="0" type="stmt"/>
        <line num="3860" count="1" type="stmt"/>
      </file>
    </package>
  </project>
</coverage>
