{"/home/user/Desktop/myProjects/open-source/HEXA-LEDGER/services/http-post/src/generated/grpc/builders/amount.auth.request.ts": {"path":"/home/user/Desktop/myProjects/open-source/HEXA-LEDGER/services/http-post/src/generated/grpc/builders/amount.auth.request.ts","statementMap":{"0":{"start":{"line":1,"column":0},"end":{"line":1,"column":63}},"1":{"start":{"line":2,"column":0},"end":{"line":2,"column":85}},"2":{"start":{"line":8,"column":6},"end":{"line":8,"column":49}},"3":{"start":{"line":12,"column":6},"end":{"line":12,"column":61}},"4":{"start":{"line":13,"column":6},"end":{"line":13,"column":18}},"5":{"start":{"line":17,"column":6},"end":{"line":17,"column":65}},"6":{"start":{"line":18,"column":6},"end":{"line":18,"column":18}},"7":{"start":{"line":22,"column":6},"end":{"line":22,"column":69}},"8":{"start":{"line":23,"column":6},"end":{"line":23,"column":18}},"9":{"start":{"line":27,"column":6},"end":{"line":27,"column":26}},"10":{"start":{"line":4,"column":0},"end":{"line":4,"column":21}}},"fnMap":{"0":{"name":"(anonymous_0)","decl":{"start":{"line":7,"column":3},"end":{"line":7,"column":null}},"loc":{"start":{"line":7,"column":3},"end":{"line":9,"column":4}}},"1":{"name":"(anonymous_1)","decl":{"start":{"line":11,"column":3},"end":{"line":11,"column":11}},"loc":{"start":{"line":11,"column":24},"end":{"line":14,"column":4}}},"2":{"name":"(anonymous_2)","decl":{"start":{"line":16,"column":3},"end":{"line":16,"column":13}},"loc":{"start":{"line":16,"column":28},"end":{"line":19,"column":4}}},"3":{"name":"(anonymous_3)","decl":{"start":{"line":21,"column":3},"end":{"line":21,"column":15}},"loc":{"start":{"line":21,"column":32},"end":{"line":24,"column":4}}},"4":{"name":"(anonymous_4)","decl":{"start":{"line":26,"column":3},"end":{"line":26,"column":8}},"loc":{"start":{"line":26,"column":8},"end":{"line":28,"column":4}}}},"branchMap":{},"s":{"0":1,"1":1,"2":4,"3":4,"4":4,"5":4,"6":4,"7":4,"8":4,"9":4,"10":1},"f":{"0":4,"1":4,"2":4,"3":4,"4":4},"b":{}}
,"/home/user/Desktop/myProjects/open-source/HEXA-LEDGER/services/http-post/src/generated/grpc/builders/pagination.ts": {"path":"/home/user/Desktop/myProjects/open-source/HEXA-LEDGER/services/http-post/src/generated/grpc/builders/pagination.ts","statementMap":{"0":{"start":{"line":1,"column":0},"end":{"line":1,"column":72}},"1":{"start":{"line":2,"column":0},"end":{"line":2,"column":51}},"2":{"start":{"line":8,"column":6},"end":{"line":8,"column":38}},"3":{"start":{"line":12,"column":6},"end":{"line":12,"column":61}},"4":{"start":{"line":13,"column":6},"end":{"line":13,"column":18}},"5":{"start":{"line":17,"column":6},"end":{"line":17,"column":63}},"6":{"start":{"line":18,"column":6},"end":{"line":18,"column":18}},"7":{"start":{"line":22,"column":6},"end":{"line":22,"column":26}},"8":{"start":{"line":4,"column":0},"end":{"line":4,"column":21}}},"fnMap":{"0":{"name":"(anonymous_0)","decl":{"start":{"line":7,"column":3},"end":{"line":7,"column":null}},"loc":{"start":{"line":7,"column":3},"end":{"line":9,"column":4}}},"1":{"name":"(anonymous_1)","decl":{"start":{"line":11,"column":3},"end":{"line":11,"column":11}},"loc":{"start":{"line":11,"column":24},"end":{"line":14,"column":4}}},"2":{"name":"(anonymous_2)","decl":{"start":{"line":16,"column":3},"end":{"line":16,"column":12}},"loc":{"start":{"line":16,"column":26},"end":{"line":19,"column":4}}},"3":{"name":"(anonymous_3)","decl":{"start":{"line":21,"column":3},"end":{"line":21,"column":8}},"loc":{"start":{"line":21,"column":8},"end":{"line":23,"column":4}}}},"branchMap":{},"s":{"0":1,"1":1,"2":4,"3":4,"4":4,"5":4,"6":4,"7":4,"8":1},"f":{"0":4,"1":4,"2":4,"3":4},"b":{}}
,"/home/user/Desktop/myProjects/open-source/HEXA-LEDGER/services/http-post/src/generated/grpc/extacters/extractor.ts": {"path":"/home/user/Desktop/myProjects/open-source/HEXA-LEDGER/services/http-post/src/generated/grpc/extacters/extractor.ts","statementMap":{"0":{"start":{"line":19,"column":6},"end":{"line":19,"column":30}},"1":{"start":{"line":23,"column":6},"end":{"line":23,"column":55}},"2":{"start":{"line":27,"column":6},"end":{"line":27,"column":57}},"3":{"start":{"line":31,"column":6},"end":{"line":31,"column":64}},"4":{"start":{"line":35,"column":6},"end":{"line":35,"column":60}},"5":{"start":{"line":39,"column":6},"end":{"line":39,"column":77}},"6":{"start":{"line":39,"column":58},"end":{"line":39,"column":75}},"7":{"start":{"line":43,"column":19},"end":{"line":43,"column":59}},"8":{"start":{"line":44,"column":6},"end":{"line":44,"column":42}},"9":{"start":{"line":48,"column":19},"end":{"line":48,"column":59}},"10":{"start":{"line":49,"column":6},"end":{"line":49,"column":42}},"11":{"start":{"line":53,"column":6},"end":{"line":53,"column":58}},"12":{"start":{"line":57,"column":6},"end":{"line":57,"column":60}},"13":{"start":{"line":61,"column":6},"end":{"line":61,"column":112}},"14":{"start":{"line":61,"column":63},"end":{"line":61,"column":110}},"15":{"start":{"line":65,"column":6},"end":{"line":65,"column":113}},"16":{"start":{"line":65,"column":64},"end":{"line":65,"column":111}},"17":{"start":{"line":69,"column":6},"end":{"line":69,"column":76}},"18":{"start":{"line":69,"column":57},"end":{"line":69,"column":74}},"19":{"start":{"line":73,"column":6},"end":{"line":73,"column":79}},"20":{"start":{"line":73,"column":60},"end":{"line":73,"column":77}},"21":{"start":{"line":77,"column":6},"end":{"line":77,"column":75}},"22":{"start":{"line":77,"column":56},"end":{"line":77,"column":73}},"23":{"start":{"line":81,"column":6},"end":{"line":81,"column":63}},"24":{"start":{"line":85,"column":6},"end":{"line":85,"column":66}},"25":{"start":{"line":89,"column":6},"end":{"line":106,"column":8}},"26":{"start":{"line":15,"column":0},"end":{"line":15,"column":13}},"27":{"start":{"line":114,"column":6},"end":{"line":114,"column":30}},"28":{"start":{"line":118,"column":6},"end":{"line":118,"column":61}},"29":{"start":{"line":122,"column":19},"end":{"line":122,"column":54}},"30":{"start":{"line":123,"column":6},"end":{"line":123,"column":42}},"31":{"start":{"line":127,"column":6},"end":{"line":127,"column":59}},"32":{"start":{"line":131,"column":6},"end":{"line":135,"column":8}},"33":{"start":{"line":110,"column":0},"end":{"line":110,"column":13}},"34":{"start":{"line":143,"column":6},"end":{"line":143,"column":30}},"35":{"start":{"line":147,"column":6},"end":{"line":147,"column":60}},"36":{"start":{"line":151,"column":19},"end":{"line":151,"column":54}},"37":{"start":{"line":152,"column":6},"end":{"line":152,"column":42}},"38":{"start":{"line":156,"column":6},"end":{"line":156,"column":59}},"39":{"start":{"line":160,"column":6},"end":{"line":164,"column":8}},"40":{"start":{"line":139,"column":0},"end":{"line":139,"column":13}},"41":{"start":{"line":172,"column":6},"end":{"line":172,"column":30}},"42":{"start":{"line":176,"column":6},"end":{"line":176,"column":57}},"43":{"start":{"line":180,"column":6},"end":{"line":180,"column":64}},"44":{"start":{"line":184,"column":6},"end":{"line":184,"column":60}},"45":{"start":{"line":188,"column":6},"end":{"line":188,"column":58}},"46":{"start":{"line":192,"column":6},"end":{"line":192,"column":77}},"47":{"start":{"line":192,"column":58},"end":{"line":192,"column":75}},"48":{"start":{"line":196,"column":6},"end":{"line":196,"column":75}},"49":{"start":{"line":196,"column":56},"end":{"line":196,"column":73}},"50":{"start":{"line":200,"column":6},"end":{"line":200,"column":63}},"51":{"start":{"line":204,"column":6},"end":{"line":204,"column":57}},"52":{"start":{"line":208,"column":6},"end":{"line":217,"column":8}},"53":{"start":{"line":168,"column":0},"end":{"line":168,"column":13}},"54":{"start":{"line":225,"column":6},"end":{"line":225,"column":30}},"55":{"start":{"line":229,"column":6},"end":{"line":229,"column":57}},"56":{"start":{"line":233,"column":6},"end":{"line":233,"column":59}},"57":{"start":{"line":237,"column":6},"end":{"line":237,"column":61}},"58":{"start":{"line":241,"column":6},"end":{"line":245,"column":8}},"59":{"start":{"line":221,"column":0},"end":{"line":221,"column":13}},"60":{"start":{"line":253,"column":6},"end":{"line":253,"column":30}},"61":{"start":{"line":257,"column":6},"end":{"line":257,"column":57}},"62":{"start":{"line":261,"column":6},"end":{"line":261,"column":58}},"63":{"start":{"line":265,"column":6},"end":{"line":268,"column":8}},"64":{"start":{"line":249,"column":0},"end":{"line":249,"column":13}},"65":{"start":{"line":276,"column":6},"end":{"line":276,"column":30}},"66":{"start":{"line":280,"column":6},"end":{"line":280,"column":59}},"67":{"start":{"line":284,"column":6},"end":{"line":284,"column":55}},"68":{"start":{"line":288,"column":6},"end":{"line":291,"column":8}},"69":{"start":{"line":272,"column":0},"end":{"line":272,"column":13}},"70":{"start":{"line":299,"column":6},"end":{"line":299,"column":30}},"71":{"start":{"line":303,"column":6},"end":{"line":303,"column":55}},"72":{"start":{"line":307,"column":6},"end":{"line":309,"column":8}},"73":{"start":{"line":295,"column":0},"end":{"line":295,"column":13}},"74":{"start":{"line":317,"column":6},"end":{"line":317,"column":30}},"75":{"start":{"line":321,"column":6},"end":{"line":321,"column":55}},"76":{"start":{"line":325,"column":6},"end":{"line":325,"column":57}},"77":{"start":{"line":329,"column":6},"end":{"line":329,"column":97}},"78":{"start":{"line":329,"column":56},"end":{"line":329,"column":95}},"79":{"start":{"line":333,"column":6},"end":{"line":333,"column":99}},"80":{"start":{"line":333,"column":57},"end":{"line":333,"column":97}},"81":{"start":{"line":337,"column":6},"end":{"line":337,"column":63}},"82":{"start":{"line":341,"column":6},"end":{"line":341,"column":66}},"83":{"start":{"line":345,"column":6},"end":{"line":352,"column":8}},"84":{"start":{"line":313,"column":0},"end":{"line":313,"column":13}},"85":{"start":{"line":360,"column":6},"end":{"line":360,"column":30}},"86":{"start":{"line":364,"column":6},"end":{"line":364,"column":58}},"87":{"start":{"line":368,"column":6},"end":{"line":368,"column":59}},"88":{"start":{"line":372,"column":6},"end":{"line":375,"column":8}},"89":{"start":{"line":356,"column":0},"end":{"line":356,"column":13}},"90":{"start":{"line":383,"column":6},"end":{"line":383,"column":30}},"91":{"start":{"line":387,"column":6},"end":{"line":387,"column":58}},"92":{"start":{"line":391,"column":6},"end":{"line":391,"column":59}},"93":{"start":{"line":395,"column":6},"end":{"line":398,"column":8}},"94":{"start":{"line":379,"column":0},"end":{"line":379,"column":13}}},"fnMap":{"0":{"name":"(anonymous_0)","decl":{"start":{"line":18,"column":3},"end":{"line":18,"column":15}},"loc":{"start":{"line":18,"column":35},"end":{"line":20,"column":4}}},"1":{"name":"(anonymous_1)","decl":{"start":{"line":22,"column":10},"end":{"line":22,"column":15}},"loc":{"start":{"line":22,"column":15},"end":{"line":24,"column":4}}},"2":{"name":"(anonymous_2)","decl":{"start":{"line":26,"column":10},"end":{"line":26,"column":17}},"loc":{"start":{"line":26,"column":17},"end":{"line":28,"column":4}}},"3":{"name":"(anonymous_3)","decl":{"start":{"line":30,"column":10},"end":{"line":30,"column":24}},"loc":{"start":{"line":30,"column":24},"end":{"line":32,"column":4}}},"4":{"name":"(anonymous_4)","decl":{"start":{"line":34,"column":10},"end":{"line":34,"column":20}},"loc":{"start":{"line":34,"column":20},"end":{"line":36,"column":4}}},"5":{"name":"(anonymous_5)","decl":{"start":{"line":38,"column":10},"end":{"line":38,"column":23}},"loc":{"start":{"line":38,"column":23},"end":{"line":40,"column":4}}},"6":{"name":"(anonymous_6)","decl":{"start":{"line":39,"column":47},"end":{"line":39,"column":48}},"loc":{"start":{"line":39,"column":58},"end":{"line":39,"column":75}}},"7":{"name":"(anonymous_7)","decl":{"start":{"line":42,"column":10},"end":{"line":42,"column":22}},"loc":{"start":{"line":42,"column":22},"end":{"line":45,"column":4}}},"8":{"name":"(anonymous_8)","decl":{"start":{"line":47,"column":10},"end":{"line":47,"column":22}},"loc":{"start":{"line":47,"column":22},"end":{"line":50,"column":4}}},"9":{"name":"(anonymous_9)","decl":{"start":{"line":52,"column":10},"end":{"line":52,"column":18}},"loc":{"start":{"line":52,"column":18},"end":{"line":54,"column":4}}},"10":{"name":"(anonymous_10)","decl":{"start":{"line":56,"column":10},"end":{"line":56,"column":20}},"loc":{"start":{"line":56,"column":20},"end":{"line":58,"column":4}}},"11":{"name":"(anonymous_11)","decl":{"start":{"line":60,"column":10},"end":{"line":60,"column":25}},"loc":{"start":{"line":60,"column":25},"end":{"line":62,"column":4}}},"12":{"name":"(anonymous_12)","decl":{"start":{"line":61,"column":49},"end":{"line":61,"column":50}},"loc":{"start":{"line":61,"column":63},"end":{"line":61,"column":110}}},"13":{"name":"(anonymous_13)","decl":{"start":{"line":64,"column":10},"end":{"line":64,"column":26}},"loc":{"start":{"line":64,"column":26},"end":{"line":66,"column":4}}},"14":{"name":"(anonymous_14)","decl":{"start":{"line":65,"column":50},"end":{"line":65,"column":51}},"loc":{"start":{"line":65,"column":64},"end":{"line":65,"column":111}}},"15":{"name":"(anonymous_15)","decl":{"start":{"line":68,"column":10},"end":{"line":68,"column":22}},"loc":{"start":{"line":68,"column":22},"end":{"line":70,"column":4}}},"16":{"name":"(anonymous_16)","decl":{"start":{"line":69,"column":46},"end":{"line":69,"column":47}},"loc":{"start":{"line":69,"column":57},"end":{"line":69,"column":74}}},"17":{"name":"(anonymous_17)","decl":{"start":{"line":72,"column":10},"end":{"line":72,"column":25}},"loc":{"start":{"line":72,"column":25},"end":{"line":74,"column":4}}},"18":{"name":"(anonymous_18)","decl":{"start":{"line":73,"column":49},"end":{"line":73,"column":50}},"loc":{"start":{"line":73,"column":60},"end":{"line":73,"column":77}}},"19":{"name":"(anonymous_19)","decl":{"start":{"line":76,"column":10},"end":{"line":76,"column":21}},"loc":{"start":{"line":76,"column":21},"end":{"line":78,"column":4}}},"20":{"name":"(anonymous_20)","decl":{"start":{"line":77,"column":45},"end":{"line":77,"column":46}},"loc":{"start":{"line":77,"column":56},"end":{"line":77,"column":73}}},"21":{"name":"(anonymous_21)","decl":{"start":{"line":80,"column":10},"end":{"line":80,"column":23}},"loc":{"start":{"line":80,"column":23},"end":{"line":82,"column":4}}},"22":{"name":"(anonymous_22)","decl":{"start":{"line":84,"column":10},"end":{"line":84,"column":26}},"loc":{"start":{"line":84,"column":26},"end":{"line":86,"column":4}}},"23":{"name":"(anonymous_23)","decl":{"start":{"line":88,"column":10},"end":{"line":88,"column":17}},"loc":{"start":{"line":88,"column":17},"end":{"line":107,"column":4}}},"24":{"name":"(anonymous_24)","decl":{"start":{"line":113,"column":3},"end":{"line":113,"column":15}},"loc":{"start":{"line":113,"column":38},"end":{"line":115,"column":4}}},"25":{"name":"(anonymous_25)","decl":{"start":{"line":117,"column":10},"end":{"line":117,"column":21}},"loc":{"start":{"line":117,"column":21},"end":{"line":119,"column":4}}},"26":{"name":"(anonymous_26)","decl":{"start":{"line":121,"column":10},"end":{"line":121,"column":17}},"loc":{"start":{"line":121,"column":17},"end":{"line":124,"column":4}}},"27":{"name":"(anonymous_27)","decl":{"start":{"line":126,"column":10},"end":{"line":126,"column":19}},"loc":{"start":{"line":126,"column":19},"end":{"line":128,"column":4}}},"28":{"name":"(anonymous_28)","decl":{"start":{"line":130,"column":10},"end":{"line":130,"column":17}},"loc":{"start":{"line":130,"column":17},"end":{"line":136,"column":4}}},"29":{"name":"(anonymous_29)","decl":{"start":{"line":142,"column":3},"end":{"line":142,"column":15}},"loc":{"start":{"line":142,"column":38},"end":{"line":144,"column":4}}},"30":{"name":"(anonymous_30)","decl":{"start":{"line":146,"column":10},"end":{"line":146,"column":20}},"loc":{"start":{"line":146,"column":20},"end":{"line":148,"column":4}}},"31":{"name":"(anonymous_31)","decl":{"start":{"line":150,"column":10},"end":{"line":150,"column":17}},"loc":{"start":{"line":150,"column":17},"end":{"line":153,"column":4}}},"32":{"name":"(anonymous_32)","decl":{"start":{"line":155,"column":10},"end":{"line":155,"column":19}},"loc":{"start":{"line":155,"column":19},"end":{"line":157,"column":4}}},"33":{"name":"(anonymous_33)","decl":{"start":{"line":159,"column":10},"end":{"line":159,"column":17}},"loc":{"start":{"line":159,"column":17},"end":{"line":165,"column":4}}},"34":{"name":"(anonymous_34)","decl":{"start":{"line":171,"column":3},"end":{"line":171,"column":15}},"loc":{"start":{"line":171,"column":37},"end":{"line":173,"column":4}}},"35":{"name":"(anonymous_35)","decl":{"start":{"line":175,"column":10},"end":{"line":175,"column":17}},"loc":{"start":{"line":175,"column":17},"end":{"line":177,"column":4}}},"36":{"name":"(anonymous_36)","decl":{"start":{"line":179,"column":10},"end":{"line":179,"column":24}},"loc":{"start":{"line":179,"column":24},"end":{"line":181,"column":4}}},"37":{"name":"(anonymous_37)","decl":{"start":{"line":183,"column":10},"end":{"line":183,"column":20}},"loc":{"start":{"line":183,"column":20},"end":{"line":185,"column":4}}},"38":{"name":"(anonymous_38)","decl":{"start":{"line":187,"column":10},"end":{"line":187,"column":18}},"loc":{"start":{"line":187,"column":18},"end":{"line":189,"column":4}}},"39":{"name":"(anonymous_39)","decl":{"start":{"line":191,"column":10},"end":{"line":191,"column":23}},"loc":{"start":{"line":191,"column":23},"end":{"line":193,"column":4}}},"40":{"name":"(anonymous_40)","decl":{"start":{"line":192,"column":47},"end":{"line":192,"column":48}},"loc":{"start":{"line":192,"column":58},"end":{"line":192,"column":75}}},"41":{"name":"(anonymous_41)","decl":{"start":{"line":195,"column":10},"end":{"line":195,"column":21}},"loc":{"start":{"line":195,"column":21},"end":{"line":197,"column":4}}},"42":{"name":"(anonymous_42)","decl":{"start":{"line":196,"column":45},"end":{"line":196,"column":46}},"loc":{"start":{"line":196,"column":56},"end":{"line":196,"column":73}}},"43":{"name":"(anonymous_43)","decl":{"start":{"line":199,"column":10},"end":{"line":199,"column":23}},"loc":{"start":{"line":199,"column":23},"end":{"line":201,"column":4}}},"44":{"name":"(anonymous_44)","decl":{"start":{"line":203,"column":10},"end":{"line":203,"column":17}},"loc":{"start":{"line":203,"column":17},"end":{"line":205,"column":4}}},"45":{"name":"(anonymous_45)","decl":{"start":{"line":207,"column":10},"end":{"line":207,"column":17}},"loc":{"start":{"line":207,"column":17},"end":{"line":218,"column":4}}},"46":{"name":"(anonymous_46)","decl":{"start":{"line":224,"column":3},"end":{"line":224,"column":15}},"loc":{"start":{"line":224,"column":45},"end":{"line":226,"column":4}}},"47":{"name":"(anonymous_47)","decl":{"start":{"line":228,"column":10},"end":{"line":228,"column":17}},"loc":{"start":{"line":228,"column":17},"end":{"line":230,"column":4}}},"48":{"name":"(anonymous_48)","decl":{"start":{"line":232,"column":10},"end":{"line":232,"column":19}},"loc":{"start":{"line":232,"column":19},"end":{"line":234,"column":4}}},"49":{"name":"(anonymous_49)","decl":{"start":{"line":236,"column":10},"end":{"line":236,"column":21}},"loc":{"start":{"line":236,"column":21},"end":{"line":238,"column":4}}},"50":{"name":"(anonymous_50)","decl":{"start":{"line":240,"column":10},"end":{"line":240,"column":17}},"loc":{"start":{"line":240,"column":17},"end":{"line":246,"column":4}}},"51":{"name":"(anonymous_51)","decl":{"start":{"line":252,"column":3},"end":{"line":252,"column":15}},"loc":{"start":{"line":252,"column":34},"end":{"line":254,"column":4}}},"52":{"name":"(anonymous_52)","decl":{"start":{"line":256,"column":10},"end":{"line":256,"column":17}},"loc":{"start":{"line":256,"column":17},"end":{"line":258,"column":4}}},"53":{"name":"(anonymous_53)","decl":{"start":{"line":260,"column":10},"end":{"line":260,"column":18}},"loc":{"start":{"line":260,"column":18},"end":{"line":262,"column":4}}},"54":{"name":"(anonymous_54)","decl":{"start":{"line":264,"column":10},"end":{"line":264,"column":17}},"loc":{"start":{"line":264,"column":17},"end":{"line":269,"column":4}}},"55":{"name":"(anonymous_55)","decl":{"start":{"line":275,"column":3},"end":{"line":275,"column":15}},"loc":{"start":{"line":275,"column":45},"end":{"line":277,"column":4}}},"56":{"name":"(anonymous_56)","decl":{"start":{"line":279,"column":10},"end":{"line":279,"column":19}},"loc":{"start":{"line":279,"column":19},"end":{"line":281,"column":4}}},"57":{"name":"(anonymous_57)","decl":{"start":{"line":283,"column":10},"end":{"line":283,"column":15}},"loc":{"start":{"line":283,"column":15},"end":{"line":285,"column":4}}},"58":{"name":"(anonymous_58)","decl":{"start":{"line":287,"column":10},"end":{"line":287,"column":17}},"loc":{"start":{"line":287,"column":17},"end":{"line":292,"column":4}}},"59":{"name":"(anonymous_59)","decl":{"start":{"line":298,"column":3},"end":{"line":298,"column":15}},"loc":{"start":{"line":298,"column":33},"end":{"line":300,"column":4}}},"60":{"name":"(anonymous_60)","decl":{"start":{"line":302,"column":10},"end":{"line":302,"column":15}},"loc":{"start":{"line":302,"column":15},"end":{"line":304,"column":4}}},"61":{"name":"(anonymous_61)","decl":{"start":{"line":306,"column":10},"end":{"line":306,"column":17}},"loc":{"start":{"line":306,"column":17},"end":{"line":310,"column":4}}},"62":{"name":"(anonymous_62)","decl":{"start":{"line":316,"column":3},"end":{"line":316,"column":15}},"loc":{"start":{"line":316,"column":34},"end":{"line":318,"column":4}}},"63":{"name":"(anonymous_63)","decl":{"start":{"line":320,"column":10},"end":{"line":320,"column":15}},"loc":{"start":{"line":320,"column":15},"end":{"line":322,"column":4}}},"64":{"name":"(anonymous_64)","decl":{"start":{"line":324,"column":10},"end":{"line":324,"column":17}},"loc":{"start":{"line":324,"column":17},"end":{"line":326,"column":4}}},"65":{"name":"(anonymous_65)","decl":{"start":{"line":328,"column":10},"end":{"line":328,"column":25}},"loc":{"start":{"line":328,"column":25},"end":{"line":330,"column":4}}},"66":{"name":"(anonymous_66)","decl":{"start":{"line":329,"column":49},"end":{"line":329,"column":50}},"loc":{"start":{"line":329,"column":56},"end":{"line":329,"column":95}}},"67":{"name":"(anonymous_67)","decl":{"start":{"line":332,"column":10},"end":{"line":332,"column":26}},"loc":{"start":{"line":332,"column":26},"end":{"line":334,"column":4}}},"68":{"name":"(anonymous_68)","decl":{"start":{"line":333,"column":50},"end":{"line":333,"column":51}},"loc":{"start":{"line":333,"column":57},"end":{"line":333,"column":97}}},"69":{"name":"(anonymous_69)","decl":{"start":{"line":336,"column":10},"end":{"line":336,"column":23}},"loc":{"start":{"line":336,"column":23},"end":{"line":338,"column":4}}},"70":{"name":"(anonymous_70)","decl":{"start":{"line":340,"column":10},"end":{"line":340,"column":26}},"loc":{"start":{"line":340,"column":26},"end":{"line":342,"column":4}}},"71":{"name":"(anonymous_71)","decl":{"start":{"line":344,"column":10},"end":{"line":344,"column":17}},"loc":{"start":{"line":344,"column":17},"end":{"line":353,"column":4}}},"72":{"name":"(anonymous_72)","decl":{"start":{"line":359,"column":3},"end":{"line":359,"column":15}},"loc":{"start":{"line":359,"column":37},"end":{"line":361,"column":4}}},"73":{"name":"(anonymous_73)","decl":{"start":{"line":363,"column":10},"end":{"line":363,"column":18}},"loc":{"start":{"line":363,"column":18},"end":{"line":365,"column":4}}},"74":{"name":"(anonymous_74)","decl":{"start":{"line":367,"column":10},"end":{"line":367,"column":19}},"loc":{"start":{"line":367,"column":19},"end":{"line":369,"column":4}}},"75":{"name":"(anonymous_75)","decl":{"start":{"line":371,"column":10},"end":{"line":371,"column":17}},"loc":{"start":{"line":371,"column":17},"end":{"line":376,"column":4}}},"76":{"name":"(anonymous_76)","decl":{"start":{"line":382,"column":3},"end":{"line":382,"column":15}},"loc":{"start":{"line":382,"column":38},"end":{"line":384,"column":4}}},"77":{"name":"(anonymous_77)","decl":{"start":{"line":386,"column":10},"end":{"line":386,"column":18}},"loc":{"start":{"line":386,"column":18},"end":{"line":388,"column":4}}},"78":{"name":"(anonymous_78)","decl":{"start":{"line":390,"column":10},"end":{"line":390,"column":19}},"loc":{"start":{"line":390,"column":19},"end":{"line":392,"column":4}}},"79":{"name":"(anonymous_79)","decl":{"start":{"line":394,"column":10},"end":{"line":394,"column":17}},"loc":{"start":{"line":394,"column":17},"end":{"line":399,"column":4}}}},"branchMap":{"0":{"loc":{"start":{"line":23,"column":13},"end":{"line":23,"column":54}},"type":"binary-expr","locations":[{"start":{"line":23,"column":13},"end":{"line":23,"column":46}},{"start":{"line":23,"column":50},"end":{"line":23,"column":54}}]},"1":{"loc":{"start":{"line":27,"column":13},"end":{"line":27,"column":56}},"type":"binary-expr","locations":[{"start":{"line":27,"column":13},"end":{"line":27,"column":48}},{"start":{"line":27,"column":52},"end":{"line":27,"column":56}}]},"2":{"loc":{"start":{"line":31,"column":13},"end":{"line":31,"column":63}},"type":"binary-expr","locations":[{"start":{"line":31,"column":13},"end":{"line":31,"column":55}},{"start":{"line":31,"column":59},"end":{"line":31,"column":63}}]},"3":{"loc":{"start":{"line":35,"column":13},"end":{"line":35,"column":59}},"type":"binary-expr","locations":[{"start":{"line":35,"column":13},"end":{"line":35,"column":51}},{"start":{"line":35,"column":55},"end":{"line":35,"column":59}}]},"4":{"loc":{"start":{"line":44,"column":13},"end":{"line":44,"column":41}},"type":"cond-expr","locations":[{"start":{"line":44,"column":20},"end":{"line":44,"column":34}},{"start":{"line":44,"column":37},"end":{"line":44,"column":41}}]},"5":{"loc":{"start":{"line":49,"column":13},"end":{"line":49,"column":41}},"type":"cond-expr","locations":[{"start":{"line":49,"column":20},"end":{"line":49,"column":34}},{"start":{"line":49,"column":37},"end":{"line":49,"column":41}}]},"6":{"loc":{"start":{"line":53,"column":13},"end":{"line":53,"column":57}},"type":"binary-expr","locations":[{"start":{"line":53,"column":13},"end":{"line":53,"column":49}},{"start":{"line":53,"column":53},"end":{"line":53,"column":57}}]},"7":{"loc":{"start":{"line":57,"column":13},"end":{"line":57,"column":59}},"type":"binary-expr","locations":[{"start":{"line":57,"column":13},"end":{"line":57,"column":51}},{"start":{"line":57,"column":55},"end":{"line":57,"column":59}}]},"8":{"loc":{"start":{"line":81,"column":13},"end":{"line":81,"column":62}},"type":"binary-expr","locations":[{"start":{"line":81,"column":13},"end":{"line":81,"column":54}},{"start":{"line":81,"column":58},"end":{"line":81,"column":62}}]},"9":{"loc":{"start":{"line":85,"column":13},"end":{"line":85,"column":65}},"type":"binary-expr","locations":[{"start":{"line":85,"column":13},"end":{"line":85,"column":57}},{"start":{"line":85,"column":61},"end":{"line":85,"column":65}}]},"10":{"loc":{"start":{"line":118,"column":13},"end":{"line":118,"column":60}},"type":"binary-expr","locations":[{"start":{"line":118,"column":13},"end":{"line":118,"column":52}},{"start":{"line":118,"column":56},"end":{"line":118,"column":60}}]},"11":{"loc":{"start":{"line":123,"column":13},"end":{"line":123,"column":41}},"type":"cond-expr","locations":[{"start":{"line":123,"column":20},"end":{"line":123,"column":34}},{"start":{"line":123,"column":37},"end":{"line":123,"column":41}}]},"12":{"loc":{"start":{"line":127,"column":13},"end":{"line":127,"column":58}},"type":"binary-expr","locations":[{"start":{"line":127,"column":13},"end":{"line":127,"column":50}},{"start":{"line":127,"column":54},"end":{"line":127,"column":58}}]},"13":{"loc":{"start":{"line":147,"column":13},"end":{"line":147,"column":59}},"type":"binary-expr","locations":[{"start":{"line":147,"column":13},"end":{"line":147,"column":51}},{"start":{"line":147,"column":55},"end":{"line":147,"column":59}}]},"14":{"loc":{"start":{"line":152,"column":13},"end":{"line":152,"column":41}},"type":"cond-expr","locations":[{"start":{"line":152,"column":20},"end":{"line":152,"column":34}},{"start":{"line":152,"column":37},"end":{"line":152,"column":41}}]},"15":{"loc":{"start":{"line":156,"column":13},"end":{"line":156,"column":58}},"type":"binary-expr","locations":[{"start":{"line":156,"column":13},"end":{"line":156,"column":50}},{"start":{"line":156,"column":54},"end":{"line":156,"column":58}}]},"16":{"loc":{"start":{"line":176,"column":13},"end":{"line":176,"column":56}},"type":"binary-expr","locations":[{"start":{"line":176,"column":13},"end":{"line":176,"column":48}},{"start":{"line":176,"column":52},"end":{"line":176,"column":56}}]},"17":{"loc":{"start":{"line":180,"column":13},"end":{"line":180,"column":63}},"type":"binary-expr","locations":[{"start":{"line":180,"column":13},"end":{"line":180,"column":55}},{"start":{"line":180,"column":59},"end":{"line":180,"column":63}}]},"18":{"loc":{"start":{"line":184,"column":13},"end":{"line":184,"column":59}},"type":"binary-expr","locations":[{"start":{"line":184,"column":13},"end":{"line":184,"column":51}},{"start":{"line":184,"column":55},"end":{"line":184,"column":59}}]},"19":{"loc":{"start":{"line":188,"column":13},"end":{"line":188,"column":57}},"type":"binary-expr","locations":[{"start":{"line":188,"column":13},"end":{"line":188,"column":49}},{"start":{"line":188,"column":53},"end":{"line":188,"column":57}}]},"20":{"loc":{"start":{"line":200,"column":13},"end":{"line":200,"column":62}},"type":"binary-expr","locations":[{"start":{"line":200,"column":13},"end":{"line":200,"column":54}},{"start":{"line":200,"column":58},"end":{"line":200,"column":62}}]},"21":{"loc":{"start":{"line":204,"column":13},"end":{"line":204,"column":56}},"type":"binary-expr","locations":[{"start":{"line":204,"column":13},"end":{"line":204,"column":48}},{"start":{"line":204,"column":52},"end":{"line":204,"column":56}}]},"22":{"loc":{"start":{"line":229,"column":13},"end":{"line":229,"column":56}},"type":"binary-expr","locations":[{"start":{"line":229,"column":13},"end":{"line":229,"column":48}},{"start":{"line":229,"column":52},"end":{"line":229,"column":56}}]},"23":{"loc":{"start":{"line":233,"column":13},"end":{"line":233,"column":58}},"type":"binary-expr","locations":[{"start":{"line":233,"column":13},"end":{"line":233,"column":50}},{"start":{"line":233,"column":54},"end":{"line":233,"column":58}}]},"24":{"loc":{"start":{"line":237,"column":13},"end":{"line":237,"column":60}},"type":"binary-expr","locations":[{"start":{"line":237,"column":13},"end":{"line":237,"column":52}},{"start":{"line":237,"column":56},"end":{"line":237,"column":60}}]},"25":{"loc":{"start":{"line":257,"column":13},"end":{"line":257,"column":56}},"type":"binary-expr","locations":[{"start":{"line":257,"column":13},"end":{"line":257,"column":48}},{"start":{"line":257,"column":52},"end":{"line":257,"column":56}}]},"26":{"loc":{"start":{"line":261,"column":13},"end":{"line":261,"column":57}},"type":"binary-expr","locations":[{"start":{"line":261,"column":13},"end":{"line":261,"column":49}},{"start":{"line":261,"column":53},"end":{"line":261,"column":57}}]},"27":{"loc":{"start":{"line":280,"column":13},"end":{"line":280,"column":58}},"type":"binary-expr","locations":[{"start":{"line":280,"column":13},"end":{"line":280,"column":50}},{"start":{"line":280,"column":54},"end":{"line":280,"column":58}}]},"28":{"loc":{"start":{"line":284,"column":13},"end":{"line":284,"column":54}},"type":"binary-expr","locations":[{"start":{"line":284,"column":13},"end":{"line":284,"column":46}},{"start":{"line":284,"column":50},"end":{"line":284,"column":54}}]},"29":{"loc":{"start":{"line":303,"column":13},"end":{"line":303,"column":54}},"type":"binary-expr","locations":[{"start":{"line":303,"column":13},"end":{"line":303,"column":46}},{"start":{"line":303,"column":50},"end":{"line":303,"column":54}}]},"30":{"loc":{"start":{"line":321,"column":13},"end":{"line":321,"column":54}},"type":"binary-expr","locations":[{"start":{"line":321,"column":13},"end":{"line":321,"column":46}},{"start":{"line":321,"column":50},"end":{"line":321,"column":54}}]},"31":{"loc":{"start":{"line":325,"column":13},"end":{"line":325,"column":56}},"type":"binary-expr","locations":[{"start":{"line":325,"column":13},"end":{"line":325,"column":48}},{"start":{"line":325,"column":52},"end":{"line":325,"column":56}}]},"32":{"loc":{"start":{"line":337,"column":13},"end":{"line":337,"column":62}},"type":"binary-expr","locations":[{"start":{"line":337,"column":13},"end":{"line":337,"column":54}},{"start":{"line":337,"column":58},"end":{"line":337,"column":62}}]},"33":{"loc":{"start":{"line":341,"column":13},"end":{"line":341,"column":65}},"type":"binary-expr","locations":[{"start":{"line":341,"column":13},"end":{"line":341,"column":57}},{"start":{"line":341,"column":61},"end":{"line":341,"column":65}}]},"34":{"loc":{"start":{"line":364,"column":13},"end":{"line":364,"column":57}},"type":"binary-expr","locations":[{"start":{"line":364,"column":13},"end":{"line":364,"column":49}},{"start":{"line":364,"column":53},"end":{"line":364,"column":57}}]},"35":{"loc":{"start":{"line":368,"column":13},"end":{"line":368,"column":58}},"type":"binary-expr","locations":[{"start":{"line":368,"column":13},"end":{"line":368,"column":50}},{"start":{"line":368,"column":54},"end":{"line":368,"column":58}}]},"36":{"loc":{"start":{"line":387,"column":13},"end":{"line":387,"column":57}},"type":"binary-expr","locations":[{"start":{"line":387,"column":13},"end":{"line":387,"column":49}},{"start":{"line":387,"column":53},"end":{"line":387,"column":57}}]},"37":{"loc":{"start":{"line":391,"column":13},"end":{"line":391,"column":58}},"type":"binary-expr","locations":[{"start":{"line":391,"column":13},"end":{"line":391,"column":50}},{"start":{"line":391,"column":54},"end":{"line":391,"column":58}}]}},"s":{"0":29,"1":29,"2":29,"3":29,"4":29,"5":29,"6":543,"7":29,"8":29,"9":29,"10":29,"11":29,"12":29,"13":29,"14":652,"15":29,"16":60,"17":29,"18":2515,"19":29,"20":2051,"21":29,"22":2341,"23":29,"24":29,"25":29,"26":1,"27":652,"28":652,"29":652,"30":652,"31":652,"32":652,"33":1,"34":60,"35":60,"36":60,"37":60,"38":60,"39":60,"40":1,"41":0,"42":0,"43":0,"44":0,"45":0,"46":0,"47":0,"48":0,"49":0,"50":0,"51":0,"52":0,"53":1,"54":0,"55":0,"56":0,"57":0,"58":0,"59":1,"60":0,"61":0,"62":0,"63":0,"64":1,"65":0,"66":0,"67":0,"68":0,"69":1,"70":0,"71":0,"72":0,"73":1,"74":0,"75":0,"76":0,"77":0,"78":0,"79":0,"80":0,"81":0,"82":0,"83":0,"84":1,"85":0,"86":0,"87":0,"88":0,"89":1,"90":0,"91":0,"92":0,"93":0,"94":1},"f":{"0":29,"1":29,"2":29,"3":29,"4":29,"5":29,"6":543,"7":29,"8":29,"9":29,"10":29,"11":29,"12":652,"13":29,"14":60,"15":29,"16":2515,"17":29,"18":2051,"19":29,"20":2341,"21":29,"22":29,"23":29,"24":652,"25":652,"26":652,"27":652,"28":652,"29":60,"30":60,"31":60,"32":60,"33":60,"34":0,"35":0,"36":0,"37":0,"38":0,"39":0,"40":0,"41":0,"42":0,"43":0,"44":0,"45":0,"46":0,"47":0,"48":0,"49":0,"50":0,"51":0,"52":0,"53":0,"54":0,"55":0,"56":0,"57":0,"58":0,"59":0,"60":0,"61":0,"62":0,"63":0,"64":0,"65":0,"66":0,"67":0,"68":0,"69":0,"70":0,"71":0,"72":0,"73":0,"74":0,"75":0,"76":0,"77":0,"78":0,"79":0},"b":{"0":[29,0],"1":[29,0],"2":[29,0],"3":[29,0],"4":[29,0],"5":[29,0],"6":[29,0],"7":[29,29],"8":[29,0],"9":[29,0],"10":[652,0],"11":[652,0],"12":[652,0],"13":[60,0],"14":[60,0],"15":[60,0],"16":[0,0],"17":[0,0],"18":[0,0],"19":[0,0],"20":[0,0],"21":[0,0],"22":[0,0],"23":[0,0],"24":[0,0],"25":[0,0],"26":[0,0],"27":[0,0],"28":[0,0],"29":[0,0],"30":[0,0],"31":[0,0],"32":[0,0],"33":[0,0],"34":[0,0],"35":[0,0],"36":[0,0],"37":[0,0]}}
,"/home/user/Desktop/myProjects/open-source/HEXA-LEDGER/services/http-post/src/generated/grpc/typescript/threads_grpc_pb.js": {"path":"/home/user/Desktop/myProjects/open-source/HEXA-LEDGER/services/http-post/src/generated/grpc/typescript/threads_grpc_pb.js","statementMap":{"0":{"start":{"line":5,"column":11},"end":{"line":5,"column":35}},"1":{"start":{"line":6,"column":17},"end":{"line":6,"column":43}},"2":{"start":{"line":7,"column":34},"end":{"line":7,"column":91}},"3":{"start":{"line":8,"column":31},"end":{"line":8,"column":85}},"4":{"start":{"line":11,"column":2},"end":{"line":13,"column":3}},"5":{"start":{"line":12,"column":4},"end":{"line":12,"column":71}},"6":{"start":{"line":14,"column":2},"end":{"line":14,"column":44}},"7":{"start":{"line":18,"column":2},"end":{"line":18,"column":86}},"8":{"start":{"line":22,"column":2},"end":{"line":24,"column":3}},"9":{"start":{"line":23,"column":4},"end":{"line":23,"column":76}},"10":{"start":{"line":25,"column":2},"end":{"line":25,"column":44}},"11":{"start":{"line":29,"column":2},"end":{"line":29,"column":94}},"12":{"start":{"line":33,"column":2},"end":{"line":35,"column":3}},"13":{"start":{"line":34,"column":4},"end":{"line":34,"column":77}},"14":{"start":{"line":36,"column":2},"end":{"line":36,"column":44}},"15":{"start":{"line":40,"column":2},"end":{"line":40,"column":95}},"16":{"start":{"line":44,"column":2},"end":{"line":46,"column":3}},"17":{"start":{"line":45,"column":4},"end":{"line":45,"column":79}},"18":{"start":{"line":47,"column":2},"end":{"line":47,"column":44}},"19":{"start":{"line":51,"column":2},"end":{"line":51,"column":88}},"20":{"start":{"line":55,"column":2},"end":{"line":57,"column":3}},"21":{"start":{"line":56,"column":4},"end":{"line":56,"column":71}},"22":{"start":{"line":58,"column":2},"end":{"line":58,"column":44}},"23":{"start":{"line":62,"column":2},"end":{"line":62,"column":80}},"24":{"start":{"line":66,"column":2},"end":{"line":68,"column":3}},"25":{"start":{"line":67,"column":4},"end":{"line":67,"column":67}},"26":{"start":{"line":69,"column":2},"end":{"line":69,"column":44}},"27":{"start":{"line":73,"column":2},"end":{"line":73,"column":76}},"28":{"start":{"line":77,"column":2},"end":{"line":79,"column":3}},"29":{"start":{"line":78,"column":4},"end":{"line":78,"column":68}},"30":{"start":{"line":80,"column":2},"end":{"line":80,"column":44}},"31":{"start":{"line":84,"column":2},"end":{"line":84,"column":77}},"32":{"start":{"line":88,"column":2},"end":{"line":90,"column":3}},"33":{"start":{"line":89,"column":4},"end":{"line":89,"column":68}},"34":{"start":{"line":91,"column":2},"end":{"line":91,"column":44}},"35":{"start":{"line":95,"column":2},"end":{"line":95,"column":77}},"36":{"start":{"line":99,"column":2},"end":{"line":101,"column":3}},"37":{"start":{"line":100,"column":4},"end":{"line":100,"column":69}},"38":{"start":{"line":102,"column":2},"end":{"line":102,"column":44}},"39":{"start":{"line":106,"column":2},"end":{"line":106,"column":78}},"40":{"start":{"line":110,"column":2},"end":{"line":112,"column":3}},"41":{"start":{"line":111,"column":4},"end":{"line":111,"column":79}},"42":{"start":{"line":113,"column":2},"end":{"line":113,"column":44}},"43":{"start":{"line":117,"column":2},"end":{"line":117,"column":88}},"44":{"start":{"line":121,"column":21},"end":{"line":279,"column":1}},"45":{"start":{"line":281,"column":0},"end":{"line":281,"column":74}}},"fnMap":{"0":{"name":"serialize_google_protobuf_Empty","decl":{"start":{"line":10,"column":9},"end":{"line":10,"column":40}},"loc":{"start":{"line":10,"column":46},"end":{"line":15,"column":1}},"line":10},"1":{"name":"deserialize_google_protobuf_Empty","decl":{"start":{"line":17,"column":9},"end":{"line":17,"column":42}},"loc":{"start":{"line":17,"column":55},"end":{"line":19,"column":1}},"line":17},"2":{"name":"serialize_google_protobuf_Int32Value","decl":{"start":{"line":21,"column":9},"end":{"line":21,"column":45}},"loc":{"start":{"line":21,"column":51},"end":{"line":26,"column":1}},"line":21},"3":{"name":"deserialize_google_protobuf_Int32Value","decl":{"start":{"line":28,"column":9},"end":{"line":28,"column":47}},"loc":{"start":{"line":28,"column":60},"end":{"line":30,"column":1}},"line":28},"4":{"name":"serialize_google_protobuf_StringValue","decl":{"start":{"line":32,"column":9},"end":{"line":32,"column":46}},"loc":{"start":{"line":32,"column":52},"end":{"line":37,"column":1}},"line":32},"5":{"name":"deserialize_google_protobuf_StringValue","decl":{"start":{"line":39,"column":9},"end":{"line":39,"column":48}},"loc":{"start":{"line":39,"column":61},"end":{"line":41,"column":1}},"line":39},"6":{"name":"serialize_threads_AmountWithAuthRequest","decl":{"start":{"line":43,"column":9},"end":{"line":43,"column":48}},"loc":{"start":{"line":43,"column":54},"end":{"line":48,"column":1}},"line":43},"7":{"name":"deserialize_threads_AmountWithAuthRequest","decl":{"start":{"line":50,"column":9},"end":{"line":50,"column":50}},"loc":{"start":{"line":50,"column":63},"end":{"line":52,"column":1}},"line":50},"8":{"name":"serialize_threads_CreateRequest","decl":{"start":{"line":54,"column":9},"end":{"line":54,"column":40}},"loc":{"start":{"line":54,"column":46},"end":{"line":59,"column":1}},"line":54},"9":{"name":"deserialize_threads_CreateRequest","decl":{"start":{"line":61,"column":9},"end":{"line":61,"column":42}},"loc":{"start":{"line":61,"column":55},"end":{"line":63,"column":1}},"line":61},"10":{"name":"serialize_threads_IdRequest","decl":{"start":{"line":65,"column":9},"end":{"line":65,"column":36}},"loc":{"start":{"line":65,"column":42},"end":{"line":70,"column":1}},"line":65},"11":{"name":"deserialize_threads_IdRequest","decl":{"start":{"line":72,"column":9},"end":{"line":72,"column":38}},"loc":{"start":{"line":72,"column":51},"end":{"line":74,"column":1}},"line":72},"12":{"name":"serialize_threads_Pagination","decl":{"start":{"line":76,"column":9},"end":{"line":76,"column":37}},"loc":{"start":{"line":76,"column":43},"end":{"line":81,"column":1}},"line":76},"13":{"name":"deserialize_threads_Pagination","decl":{"start":{"line":83,"column":9},"end":{"line":83,"column":39}},"loc":{"start":{"line":83,"column":52},"end":{"line":85,"column":1}},"line":83},"14":{"name":"serialize_threads_StatsModel","decl":{"start":{"line":87,"column":9},"end":{"line":87,"column":37}},"loc":{"start":{"line":87,"column":43},"end":{"line":92,"column":1}},"line":87},"15":{"name":"deserialize_threads_StatsModel","decl":{"start":{"line":94,"column":9},"end":{"line":94,"column":39}},"loc":{"start":{"line":94,"column":52},"end":{"line":96,"column":1}},"line":94},"16":{"name":"serialize_threads_ThreadModel","decl":{"start":{"line":98,"column":9},"end":{"line":98,"column":38}},"loc":{"start":{"line":98,"column":44},"end":{"line":103,"column":1}},"line":98},"17":{"name":"deserialize_threads_ThreadModel","decl":{"start":{"line":105,"column":9},"end":{"line":105,"column":40}},"loc":{"start":{"line":105,"column":53},"end":{"line":107,"column":1}},"line":105},"18":{"name":"serialize_threads_WalletWithAuthRequest","decl":{"start":{"line":109,"column":9},"end":{"line":109,"column":48}},"loc":{"start":{"line":109,"column":54},"end":{"line":114,"column":1}},"line":109},"19":{"name":"deserialize_threads_WalletWithAuthRequest","decl":{"start":{"line":116,"column":9},"end":{"line":116,"column":50}},"loc":{"start":{"line":116,"column":63},"end":{"line":118,"column":1}},"line":116}},"branchMap":{"0":{"loc":{"start":{"line":11,"column":2},"end":{"line":13,"column":3}},"type":"if","locations":[{"start":{"line":11,"column":2},"end":{"line":13,"column":3}},{"start":{},"end":{}}],"line":11},"1":{"loc":{"start":{"line":22,"column":2},"end":{"line":24,"column":3}},"type":"if","locations":[{"start":{"line":22,"column":2},"end":{"line":24,"column":3}},{"start":{},"end":{}}],"line":22},"2":{"loc":{"start":{"line":33,"column":2},"end":{"line":35,"column":3}},"type":"if","locations":[{"start":{"line":33,"column":2},"end":{"line":35,"column":3}},{"start":{},"end":{}}],"line":33},"3":{"loc":{"start":{"line":44,"column":2},"end":{"line":46,"column":3}},"type":"if","locations":[{"start":{"line":44,"column":2},"end":{"line":46,"column":3}},{"start":{},"end":{}}],"line":44},"4":{"loc":{"start":{"line":55,"column":2},"end":{"line":57,"column":3}},"type":"if","locations":[{"start":{"line":55,"column":2},"end":{"line":57,"column":3}},{"start":{},"end":{}}],"line":55},"5":{"loc":{"start":{"line":66,"column":2},"end":{"line":68,"column":3}},"type":"if","locations":[{"start":{"line":66,"column":2},"end":{"line":68,"column":3}},{"start":{},"end":{}}],"line":66},"6":{"loc":{"start":{"line":77,"column":2},"end":{"line":79,"column":3}},"type":"if","locations":[{"start":{"line":77,"column":2},"end":{"line":79,"column":3}},{"start":{},"end":{}}],"line":77},"7":{"loc":{"start":{"line":88,"column":2},"end":{"line":90,"column":3}},"type":"if","locations":[{"start":{"line":88,"column":2},"end":{"line":90,"column":3}},{"start":{},"end":{}}],"line":88},"8":{"loc":{"start":{"line":99,"column":2},"end":{"line":101,"column":3}},"type":"if","locations":[{"start":{"line":99,"column":2},"end":{"line":101,"column":3}},{"start":{},"end":{}}],"line":99},"9":{"loc":{"start":{"line":110,"column":2},"end":{"line":112,"column":3}},"type":"if","locations":[{"start":{"line":110,"column":2},"end":{"line":112,"column":3}},{"start":{},"end":{}}],"line":110}},"s":{"0":1,"1":1,"2":1,"3":1,"4":0,"5":0,"6":0,"7":0,"8":0,"9":0,"10":0,"11":0,"12":0,"13":0,"14":0,"15":0,"16":4,"17":0,"18":4,"19":0,"20":0,"21":0,"22":0,"23":0,"24":0,"25":0,"26":0,"27":0,"28":4,"29":0,"30":4,"31":0,"32":0,"33":0,"34":0,"35":0,"36":0,"37":0,"38":0,"39":29,"40":0,"41":0,"42":0,"43":0,"44":1,"45":1},"f":{"0":0,"1":0,"2":0,"3":0,"4":0,"5":0,"6":4,"7":0,"8":0,"9":0,"10":0,"11":0,"12":4,"13":0,"14":0,"15":0,"16":0,"17":29,"18":0,"19":0},"b":{"0":[0,0],"1":[0,0],"2":[0,0],"3":[0,4],"4":[0,0],"5":[0,0],"6":[0,4],"7":[0,0],"8":[0,0],"9":[0,0]},"inputSourceMap":null,"_coverageSchema":"1a1c01bbd47fc00a2c39e90264f33305004495a9","hash":"2184d35a4240f7d939d7737c6f61033e212edc95"}
,"/home/user/Desktop/myProjects/open-source/HEXA-LEDGER/services/http-post/src/generated/grpc/typescript/threads_pb.js": {"path":"/home/user/Desktop/myProjects/open-source/HEXA-LEDGER/services/http-post/src/generated/grpc/typescript/threads_pb.js","statementMap":{"0":{"start":{"line":15,"column":11},"end":{"line":15,"column":37}},"1":{"start":{"line":16,"column":11},"end":{"line":16,"column":15}},"2":{"start":{"line":17,"column":14},"end":{"line":23,"column":12}},"3":{"start":{"line":18,"column":2},"end":{"line":18,"column":28}},"4":{"start":{"line":18,"column":14},"end":{"line":18,"column":26}},"5":{"start":{"line":19,"column":2},"end":{"line":19,"column":55}},"6":{"start":{"line":19,"column":39},"end":{"line":19,"column":53}},"7":{"start":{"line":20,"column":2},"end":{"line":20,"column":55}},"8":{"start":{"line":20,"column":39},"end":{"line":20,"column":53}},"9":{"start":{"line":21,"column":2},"end":{"line":21,"column":51}},"10":{"start":{"line":21,"column":37},"end":{"line":21,"column":49}},"11":{"start":{"line":22,"column":2},"end":{"line":22,"column":35}},"12":{"start":{"line":25,"column":34},"end":{"line":25,"column":91}},"13":{"start":{"line":26,"column":0},"end":{"line":26,"column":55}},"14":{"start":{"line":27,"column":31},"end":{"line":27,"column":85}},"15":{"start":{"line":28,"column":0},"end":{"line":28,"column":52}},"16":{"start":{"line":29,"column":0},"end":{"line":29,"column":71}},"17":{"start":{"line":30,"column":0},"end":{"line":30,"column":63}},"18":{"start":{"line":31,"column":0},"end":{"line":31,"column":64}},"19":{"start":{"line":32,"column":0},"end":{"line":32,"column":64}},"20":{"start":{"line":33,"column":0},"end":{"line":33,"column":59}},"21":{"start":{"line":34,"column":0},"end":{"line":34,"column":60}},"22":{"start":{"line":35,"column":0},"end":{"line":35,"column":64}},"23":{"start":{"line":36,"column":0},"end":{"line":36,"column":63}},"24":{"start":{"line":37,"column":0},"end":{"line":37,"column":60}},"25":{"start":{"line":38,"column":0},"end":{"line":38,"column":61}},"26":{"start":{"line":39,"column":0},"end":{"line":39,"column":71}},"27":{"start":{"line":50,"column":0},"end":{"line":52,"column":2}},"28":{"start":{"line":51,"column":2},"end":{"line":51,"column":98}},"29":{"start":{"line":53,"column":0},"end":{"line":53,"column":55}},"30":{"start":{"line":54,"column":0},"end":{"line":60,"column":1}},"31":{"start":{"line":59,"column":2},"end":{"line":59,"column":70}},"32":{"start":{"line":71,"column":0},"end":{"line":73,"column":2}},"33":{"start":{"line":72,"column":2},"end":{"line":72,"column":61}},"34":{"start":{"line":74,"column":0},"end":{"line":74,"column":58}},"35":{"start":{"line":75,"column":0},"end":{"line":81,"column":1}},"36":{"start":{"line":80,"column":2},"end":{"line":80,"column":76}},"37":{"start":{"line":92,"column":0},"end":{"line":94,"column":2}},"38":{"start":{"line":93,"column":2},"end":{"line":93,"column":61}},"39":{"start":{"line":95,"column":0},"end":{"line":95,"column":58}},"40":{"start":{"line":96,"column":0},"end":{"line":102,"column":1}},"41":{"start":{"line":101,"column":2},"end":{"line":101,"column":76}},"42":{"start":{"line":113,"column":0},"end":{"line":115,"column":2}},"43":{"start":{"line":114,"column":2},"end":{"line":114,"column":100}},"44":{"start":{"line":116,"column":0},"end":{"line":116,"column":57}},"45":{"start":{"line":117,"column":0},"end":{"line":123,"column":1}},"46":{"start":{"line":122,"column":2},"end":{"line":122,"column":74}},"47":{"start":{"line":134,"column":0},"end":{"line":136,"column":2}},"48":{"start":{"line":135,"column":2},"end":{"line":135,"column":61}},"49":{"start":{"line":137,"column":0},"end":{"line":137,"column":65}},"50":{"start":{"line":138,"column":0},"end":{"line":144,"column":1}},"51":{"start":{"line":143,"column":2},"end":{"line":143,"column":90}},"52":{"start":{"line":155,"column":0},"end":{"line":157,"column":2}},"53":{"start":{"line":156,"column":2},"end":{"line":156,"column":61}},"54":{"start":{"line":158,"column":0},"end":{"line":158,"column":54}},"55":{"start":{"line":159,"column":0},"end":{"line":165,"column":1}},"56":{"start":{"line":164,"column":2},"end":{"line":164,"column":68}},"57":{"start":{"line":176,"column":0},"end":{"line":178,"column":2}},"58":{"start":{"line":177,"column":2},"end":{"line":177,"column":61}},"59":{"start":{"line":179,"column":0},"end":{"line":179,"column":65}},"60":{"start":{"line":180,"column":0},"end":{"line":186,"column":1}},"61":{"start":{"line":185,"column":2},"end":{"line":185,"column":90}},"62":{"start":{"line":197,"column":0},"end":{"line":199,"column":2}},"63":{"start":{"line":198,"column":2},"end":{"line":198,"column":61}},"64":{"start":{"line":200,"column":0},"end":{"line":200,"column":53}},"65":{"start":{"line":201,"column":0},"end":{"line":207,"column":1}},"66":{"start":{"line":206,"column":2},"end":{"line":206,"column":66}},"67":{"start":{"line":218,"column":0},"end":{"line":220,"column":2}},"68":{"start":{"line":219,"column":2},"end":{"line":219,"column":97}},"69":{"start":{"line":221,"column":0},"end":{"line":221,"column":54}},"70":{"start":{"line":222,"column":0},"end":{"line":228,"column":1}},"71":{"start":{"line":227,"column":2},"end":{"line":227,"column":68}},"72":{"start":{"line":239,"column":0},"end":{"line":241,"column":2}},"73":{"start":{"line":240,"column":2},"end":{"line":240,"column":61}},"74":{"start":{"line":242,"column":0},"end":{"line":242,"column":57}},"75":{"start":{"line":243,"column":0},"end":{"line":249,"column":1}},"76":{"start":{"line":248,"column":2},"end":{"line":248,"column":74}},"77":{"start":{"line":260,"column":0},"end":{"line":262,"column":2}},"78":{"start":{"line":261,"column":2},"end":{"line":261,"column":61}},"79":{"start":{"line":263,"column":0},"end":{"line":263,"column":58}},"80":{"start":{"line":264,"column":0},"end":{"line":270,"column":1}},"81":{"start":{"line":269,"column":2},"end":{"line":269,"column":76}},"82":{"start":{"line":277,"column":0},"end":{"line":277,"column":63}},"83":{"start":{"line":281,"column":0},"end":{"line":339,"column":1}},"84":{"start":{"line":294,"column":0},"end":{"line":296,"column":2}},"85":{"start":{"line":295,"column":2},"end":{"line":295,"column":71}},"86":{"start":{"line":308,"column":0},"end":{"line":338,"column":2}},"87":{"start":{"line":309,"column":15},"end":{"line":332,"column":3}},"88":{"start":{"line":334,"column":2},"end":{"line":336,"column":3}},"89":{"start":{"line":335,"column":4},"end":{"line":335,"column":35}},"90":{"start":{"line":337,"column":2},"end":{"line":337,"column":13}},"91":{"start":{"line":347,"column":0},"end":{"line":351,"column":2}},"92":{"start":{"line":348,"column":15},"end":{"line":348,"column":43}},"93":{"start":{"line":349,"column":12},"end":{"line":349,"column":41}},"94":{"start":{"line":350,"column":2},"end":{"line":350,"column":76}},"95":{"start":{"line":361,"column":0},"end":{"line":454,"column":2}},"96":{"start":{"line":362,"column":2},"end":{"line":452,"column":3}},"97":{"start":{"line":363,"column":4},"end":{"line":365,"column":5}},"98":{"start":{"line":364,"column":6},"end":{"line":364,"column":12}},"99":{"start":{"line":366,"column":16},"end":{"line":366,"column":39}},"100":{"start":{"line":367,"column":4},"end":{"line":451,"column":5}},"101":{"start":{"line":369,"column":18},"end":{"line":369,"column":61}},"102":{"start":{"line":370,"column":6},"end":{"line":370,"column":100}},"103":{"start":{"line":371,"column":6},"end":{"line":371,"column":23}},"104":{"start":{"line":372,"column":6},"end":{"line":372,"column":12}},"105":{"start":{"line":374,"column":18},"end":{"line":374,"column":61}},"106":{"start":{"line":375,"column":6},"end":{"line":375,"column":100}},"107":{"start":{"line":376,"column":6},"end":{"line":376,"column":25}},"108":{"start":{"line":377,"column":6},"end":{"line":377,"column":12}},"109":{"start":{"line":379,"column":18},"end":{"line":379,"column":61}},"110":{"start":{"line":380,"column":6},"end":{"line":380,"column":100}},"111":{"start":{"line":381,"column":6},"end":{"line":381,"column":32}},"112":{"start":{"line":382,"column":6},"end":{"line":382,"column":12}},"113":{"start":{"line":384,"column":18},"end":{"line":384,"column":61}},"114":{"start":{"line":385,"column":6},"end":{"line":385,"column":100}},"115":{"start":{"line":386,"column":6},"end":{"line":386,"column":28}},"116":{"start":{"line":387,"column":6},"end":{"line":387,"column":12}},"117":{"start":{"line":389,"column":18},"end":{"line":389,"column":61}},"118":{"start":{"line":390,"column":6},"end":{"line":390,"column":100}},"119":{"start":{"line":391,"column":6},"end":{"line":391,"column":27}},"120":{"start":{"line":392,"column":6},"end":{"line":392,"column":12}},"121":{"start":{"line":394,"column":18},"end":{"line":394,"column":61}},"122":{"start":{"line":395,"column":6},"end":{"line":395,"column":100}},"123":{"start":{"line":396,"column":6},"end":{"line":396,"column":30}},"124":{"start":{"line":397,"column":6},"end":{"line":397,"column":12}},"125":{"start":{"line":399,"column":18},"end":{"line":399,"column":61}},"126":{"start":{"line":400,"column":6},"end":{"line":400,"column":100}},"127":{"start":{"line":401,"column":6},"end":{"line":401,"column":30}},"128":{"start":{"line":402,"column":6},"end":{"line":402,"column":12}},"129":{"start":{"line":404,"column":18},"end":{"line":404,"column":61}},"130":{"start":{"line":405,"column":6},"end":{"line":405,"column":100}},"131":{"start":{"line":406,"column":6},"end":{"line":406,"column":26}},"132":{"start":{"line":407,"column":6},"end":{"line":407,"column":12}},"133":{"start":{"line":409,"column":18},"end":{"line":409,"column":59}},"134":{"start":{"line":410,"column":6},"end":{"line":410,"column":98}},"135":{"start":{"line":411,"column":6},"end":{"line":411,"column":28}},"136":{"start":{"line":412,"column":6},"end":{"line":412,"column":12}},"137":{"start":{"line":414,"column":18},"end":{"line":414,"column":50}},"138":{"start":{"line":415,"column":6},"end":{"line":415,"column":89}},"139":{"start":{"line":416,"column":6},"end":{"line":416,"column":29}},"140":{"start":{"line":417,"column":6},"end":{"line":417,"column":12}},"141":{"start":{"line":419,"column":18},"end":{"line":419,"column":50}},"142":{"start":{"line":420,"column":6},"end":{"line":420,"column":89}},"143":{"start":{"line":421,"column":6},"end":{"line":421,"column":30}},"144":{"start":{"line":422,"column":6},"end":{"line":422,"column":12}},"145":{"start":{"line":424,"column":18},"end":{"line":424,"column":61}},"146":{"start":{"line":425,"column":6},"end":{"line":425,"column":100}},"147":{"start":{"line":426,"column":6},"end":{"line":426,"column":26}},"148":{"start":{"line":427,"column":6},"end":{"line":427,"column":12}},"149":{"start":{"line":429,"column":18},"end":{"line":429,"column":61}},"150":{"start":{"line":430,"column":6},"end":{"line":430,"column":100}},"151":{"start":{"line":431,"column":6},"end":{"line":431,"column":29}},"152":{"start":{"line":432,"column":6},"end":{"line":432,"column":12}},"153":{"start":{"line":434,"column":18},"end":{"line":434,"column":61}},"154":{"start":{"line":435,"column":6},"end":{"line":435,"column":100}},"155":{"start":{"line":436,"column":6},"end":{"line":436,"column":25}},"156":{"start":{"line":437,"column":6},"end":{"line":437,"column":12}},"157":{"start":{"line":439,"column":18},"end":{"line":439,"column":61}},"158":{"start":{"line":440,"column":6},"end":{"line":440,"column":100}},"159":{"start":{"line":441,"column":6},"end":{"line":441,"column":31}},"160":{"start":{"line":442,"column":6},"end":{"line":442,"column":12}},"161":{"start":{"line":444,"column":18},"end":{"line":444,"column":61}},"162":{"start":{"line":445,"column":6},"end":{"line":445,"column":100}},"163":{"start":{"line":446,"column":6},"end":{"line":446,"column":34}},"164":{"start":{"line":447,"column":6},"end":{"line":447,"column":12}},"165":{"start":{"line":449,"column":6},"end":{"line":449,"column":25}},"166":{"start":{"line":450,"column":6},"end":{"line":450,"column":12}},"167":{"start":{"line":453,"column":2},"end":{"line":453,"column":13}},"168":{"start":{"line":461,"column":0},"end":{"line":465,"column":2}},"169":{"start":{"line":462,"column":15},"end":{"line":462,"column":38}},"170":{"start":{"line":463,"column":2},"end":{"line":463,"column":66}},"171":{"start":{"line":464,"column":2},"end":{"line":464,"column":34}},"172":{"start":{"line":475,"column":0},"end":{"line":605,"column":2}},"173":{"start":{"line":476,"column":10},"end":{"line":476,"column":19}},"174":{"start":{"line":477,"column":2},"end":{"line":477,"column":22}},"175":{"start":{"line":478,"column":2},"end":{"line":484,"column":3}},"176":{"start":{"line":479,"column":4},"end":{"line":483,"column":6}},"177":{"start":{"line":485,"column":2},"end":{"line":485,"column":24}},"178":{"start":{"line":486,"column":2},"end":{"line":492,"column":3}},"179":{"start":{"line":487,"column":4},"end":{"line":491,"column":6}},"180":{"start":{"line":493,"column":2},"end":{"line":493,"column":31}},"181":{"start":{"line":494,"column":2},"end":{"line":500,"column":3}},"182":{"start":{"line":495,"column":4},"end":{"line":499,"column":6}},"183":{"start":{"line":501,"column":2},"end":{"line":501,"column":27}},"184":{"start":{"line":502,"column":2},"end":{"line":508,"column":3}},"185":{"start":{"line":503,"column":4},"end":{"line":507,"column":6}},"186":{"start":{"line":509,"column":2},"end":{"line":509,"column":30}},"187":{"start":{"line":510,"column":2},"end":{"line":516,"column":3}},"188":{"start":{"line":511,"column":4},"end":{"line":515,"column":6}},"189":{"start":{"line":517,"column":2},"end":{"line":517,"column":29}},"190":{"start":{"line":518,"column":2},"end":{"line":524,"column":3}},"191":{"start":{"line":519,"column":4},"end":{"line":523,"column":6}},"192":{"start":{"line":525,"column":2},"end":{"line":525,"column":29}},"193":{"start":{"line":526,"column":2},"end":{"line":532,"column":3}},"194":{"start":{"line":527,"column":4},"end":{"line":531,"column":6}},"195":{"start":{"line":533,"column":2},"end":{"line":533,"column":25}},"196":{"start":{"line":534,"column":2},"end":{"line":540,"column":3}},"197":{"start":{"line":535,"column":4},"end":{"line":539,"column":6}},"198":{"start":{"line":541,"column":2},"end":{"line":541,"column":27}},"199":{"start":{"line":542,"column":2},"end":{"line":548,"column":3}},"200":{"start":{"line":543,"column":4},"end":{"line":547,"column":6}},"201":{"start":{"line":549,"column":2},"end":{"line":549,"column":32}},"202":{"start":{"line":550,"column":2},"end":{"line":556,"column":3}},"203":{"start":{"line":551,"column":4},"end":{"line":555,"column":6}},"204":{"start":{"line":557,"column":2},"end":{"line":557,"column":33}},"205":{"start":{"line":558,"column":2},"end":{"line":564,"column":3}},"206":{"start":{"line":559,"column":4},"end":{"line":563,"column":6}},"207":{"start":{"line":565,"column":2},"end":{"line":565,"column":29}},"208":{"start":{"line":566,"column":2},"end":{"line":572,"column":3}},"209":{"start":{"line":567,"column":4},"end":{"line":571,"column":6}},"210":{"start":{"line":573,"column":2},"end":{"line":573,"column":32}},"211":{"start":{"line":574,"column":2},"end":{"line":580,"column":3}},"212":{"start":{"line":575,"column":4},"end":{"line":579,"column":6}},"213":{"start":{"line":581,"column":2},"end":{"line":581,"column":28}},"214":{"start":{"line":582,"column":2},"end":{"line":588,"column":3}},"215":{"start":{"line":583,"column":4},"end":{"line":587,"column":6}},"216":{"start":{"line":589,"column":2},"end":{"line":589,"column":30}},"217":{"start":{"line":590,"column":2},"end":{"line":596,"column":3}},"218":{"start":{"line":591,"column":4},"end":{"line":595,"column":6}},"219":{"start":{"line":597,"column":2},"end":{"line":597,"column":33}},"220":{"start":{"line":598,"column":2},"end":{"line":604,"column":3}},"221":{"start":{"line":599,"column":4},"end":{"line":603,"column":6}},"222":{"start":{"line":612,"column":0},"end":{"line":615,"column":2}},"223":{"start":{"line":613,"column":2},"end":{"line":614,"column":84}},"224":{"start":{"line":622,"column":0},"end":{"line":624,"column":2}},"225":{"start":{"line":623,"column":2},"end":{"line":623,"column":54}},"226":{"start":{"line":631,"column":0},"end":{"line":633,"column":2}},"227":{"start":{"line":632,"column":2},"end":{"line":632,"column":31}},"228":{"start":{"line":640,"column":0},"end":{"line":642,"column":2}},"229":{"start":{"line":641,"column":2},"end":{"line":641,"column":48}},"230":{"start":{"line":649,"column":0},"end":{"line":652,"column":2}},"231":{"start":{"line":650,"column":2},"end":{"line":651,"column":84}},"232":{"start":{"line":659,"column":0},"end":{"line":661,"column":2}},"233":{"start":{"line":660,"column":2},"end":{"line":660,"column":54}},"234":{"start":{"line":668,"column":0},"end":{"line":670,"column":2}},"235":{"start":{"line":669,"column":2},"end":{"line":669,"column":33}},"236":{"start":{"line":677,"column":0},"end":{"line":679,"column":2}},"237":{"start":{"line":678,"column":2},"end":{"line":678,"column":48}},"238":{"start":{"line":686,"column":0},"end":{"line":689,"column":2}},"239":{"start":{"line":687,"column":2},"end":{"line":688,"column":84}},"240":{"start":{"line":696,"column":0},"end":{"line":698,"column":2}},"241":{"start":{"line":697,"column":2},"end":{"line":697,"column":54}},"242":{"start":{"line":705,"column":0},"end":{"line":707,"column":2}},"243":{"start":{"line":706,"column":2},"end":{"line":706,"column":40}},"244":{"start":{"line":714,"column":0},"end":{"line":716,"column":2}},"245":{"start":{"line":715,"column":2},"end":{"line":715,"column":48}},"246":{"start":{"line":723,"column":0},"end":{"line":726,"column":2}},"247":{"start":{"line":724,"column":2},"end":{"line":725,"column":84}},"248":{"start":{"line":733,"column":0},"end":{"line":735,"column":2}},"249":{"start":{"line":734,"column":2},"end":{"line":734,"column":54}},"250":{"start":{"line":742,"column":0},"end":{"line":744,"column":2}},"251":{"start":{"line":743,"column":2},"end":{"line":743,"column":36}},"252":{"start":{"line":751,"column":0},"end":{"line":753,"column":2}},"253":{"start":{"line":752,"column":2},"end":{"line":752,"column":48}},"254":{"start":{"line":760,"column":0},"end":{"line":763,"column":2}},"255":{"start":{"line":761,"column":2},"end":{"line":762,"column":92}},"256":{"start":{"line":770,"column":0},"end":{"line":772,"column":2}},"257":{"start":{"line":771,"column":2},"end":{"line":771,"column":62}},"258":{"start":{"line":780,"column":0},"end":{"line":782,"column":2}},"259":{"start":{"line":781,"column":2},"end":{"line":781,"column":114}},"260":{"start":{"line":789,"column":0},"end":{"line":791,"column":2}},"261":{"start":{"line":790,"column":2},"end":{"line":790,"column":32}},"262":{"start":{"line":798,"column":0},"end":{"line":801,"column":2}},"263":{"start":{"line":799,"column":2},"end":{"line":800,"column":84}},"264":{"start":{"line":808,"column":0},"end":{"line":810,"column":2}},"265":{"start":{"line":809,"column":2},"end":{"line":809,"column":54}},"266":{"start":{"line":817,"column":0},"end":{"line":819,"column":2}},"267":{"start":{"line":818,"column":2},"end":{"line":818,"column":38}},"268":{"start":{"line":826,"column":0},"end":{"line":828,"column":2}},"269":{"start":{"line":827,"column":2},"end":{"line":827,"column":48}},"270":{"start":{"line":835,"column":0},"end":{"line":838,"column":2}},"271":{"start":{"line":836,"column":2},"end":{"line":837,"column":84}},"272":{"start":{"line":845,"column":0},"end":{"line":847,"column":2}},"273":{"start":{"line":846,"column":2},"end":{"line":846,"column":54}},"274":{"start":{"line":854,"column":0},"end":{"line":856,"column":2}},"275":{"start":{"line":855,"column":2},"end":{"line":855,"column":38}},"276":{"start":{"line":863,"column":0},"end":{"line":865,"column":2}},"277":{"start":{"line":864,"column":2},"end":{"line":864,"column":48}},"278":{"start":{"line":872,"column":0},"end":{"line":875,"column":2}},"279":{"start":{"line":873,"column":2},"end":{"line":874,"column":84}},"280":{"start":{"line":882,"column":0},"end":{"line":884,"column":2}},"281":{"start":{"line":883,"column":2},"end":{"line":883,"column":54}},"282":{"start":{"line":891,"column":0},"end":{"line":893,"column":2}},"283":{"start":{"line":892,"column":2},"end":{"line":892,"column":34}},"284":{"start":{"line":900,"column":0},"end":{"line":902,"column":2}},"285":{"start":{"line":901,"column":2},"end":{"line":901,"column":48}},"286":{"start":{"line":909,"column":0},"end":{"line":912,"column":2}},"287":{"start":{"line":910,"column":2},"end":{"line":911,"column":82}},"288":{"start":{"line":919,"column":0},"end":{"line":921,"column":2}},"289":{"start":{"line":920,"column":2},"end":{"line":920,"column":54}},"290":{"start":{"line":928,"column":0},"end":{"line":930,"column":2}},"291":{"start":{"line":929,"column":2},"end":{"line":929,"column":36}},"292":{"start":{"line":937,"column":0},"end":{"line":939,"column":2}},"293":{"start":{"line":938,"column":2},"end":{"line":938,"column":48}},"294":{"start":{"line":946,"column":0},"end":{"line":949,"column":2}},"295":{"start":{"line":947,"column":2},"end":{"line":948,"column":82}},"296":{"start":{"line":956,"column":0},"end":{"line":958,"column":2}},"297":{"start":{"line":957,"column":2},"end":{"line":957,"column":63}},"298":{"start":{"line":966,"column":0},"end":{"line":968,"column":2}},"299":{"start":{"line":967,"column":2},"end":{"line":967,"column":110}},"300":{"start":{"line":975,"column":0},"end":{"line":977,"column":2}},"301":{"start":{"line":976,"column":2},"end":{"line":976,"column":34}},"302":{"start":{"line":984,"column":0},"end":{"line":987,"column":2}},"303":{"start":{"line":985,"column":2},"end":{"line":986,"column":82}},"304":{"start":{"line":994,"column":0},"end":{"line":996,"column":2}},"305":{"start":{"line":995,"column":2},"end":{"line":995,"column":63}},"306":{"start":{"line":1004,"column":0},"end":{"line":1006,"column":2}},"307":{"start":{"line":1005,"column":2},"end":{"line":1005,"column":110}},"308":{"start":{"line":1013,"column":0},"end":{"line":1015,"column":2}},"309":{"start":{"line":1014,"column":2},"end":{"line":1014,"column":35}},"310":{"start":{"line":1022,"column":0},"end":{"line":1025,"column":2}},"311":{"start":{"line":1023,"column":2},"end":{"line":1024,"column":93}},"312":{"start":{"line":1032,"column":0},"end":{"line":1034,"column":2}},"313":{"start":{"line":1033,"column":2},"end":{"line":1033,"column":63}},"314":{"start":{"line":1042,"column":0},"end":{"line":1044,"column":2}},"315":{"start":{"line":1043,"column":2},"end":{"line":1043,"column":115}},"316":{"start":{"line":1051,"column":0},"end":{"line":1053,"column":2}},"317":{"start":{"line":1052,"column":2},"end":{"line":1052,"column":31}},"318":{"start":{"line":1060,"column":0},"end":{"line":1063,"column":2}},"319":{"start":{"line":1061,"column":2},"end":{"line":1062,"column":93}},"320":{"start":{"line":1070,"column":0},"end":{"line":1072,"column":2}},"321":{"start":{"line":1071,"column":2},"end":{"line":1071,"column":63}},"322":{"start":{"line":1080,"column":0},"end":{"line":1082,"column":2}},"323":{"start":{"line":1081,"column":2},"end":{"line":1081,"column":115}},"324":{"start":{"line":1089,"column":0},"end":{"line":1091,"column":2}},"325":{"start":{"line":1090,"column":2},"end":{"line":1090,"column":34}},"326":{"start":{"line":1098,"column":0},"end":{"line":1101,"column":2}},"327":{"start":{"line":1099,"column":2},"end":{"line":1100,"column":93}},"328":{"start":{"line":1108,"column":0},"end":{"line":1110,"column":2}},"329":{"start":{"line":1109,"column":2},"end":{"line":1109,"column":63}},"330":{"start":{"line":1118,"column":0},"end":{"line":1120,"column":2}},"331":{"start":{"line":1119,"column":2},"end":{"line":1119,"column":115}},"332":{"start":{"line":1127,"column":0},"end":{"line":1129,"column":2}},"333":{"start":{"line":1128,"column":2},"end":{"line":1128,"column":30}},"334":{"start":{"line":1136,"column":0},"end":{"line":1139,"column":2}},"335":{"start":{"line":1137,"column":2},"end":{"line":1138,"column":85}},"336":{"start":{"line":1146,"column":0},"end":{"line":1148,"column":2}},"337":{"start":{"line":1147,"column":2},"end":{"line":1147,"column":55}},"338":{"start":{"line":1155,"column":0},"end":{"line":1157,"column":2}},"339":{"start":{"line":1156,"column":2},"end":{"line":1156,"column":39}},"340":{"start":{"line":1164,"column":0},"end":{"line":1166,"column":2}},"341":{"start":{"line":1165,"column":2},"end":{"line":1165,"column":49}},"342":{"start":{"line":1173,"column":0},"end":{"line":1176,"column":2}},"343":{"start":{"line":1174,"column":2},"end":{"line":1175,"column":85}},"344":{"start":{"line":1183,"column":0},"end":{"line":1185,"column":2}},"345":{"start":{"line":1184,"column":2},"end":{"line":1184,"column":55}},"346":{"start":{"line":1192,"column":0},"end":{"line":1194,"column":2}},"347":{"start":{"line":1193,"column":2},"end":{"line":1193,"column":42}},"348":{"start":{"line":1201,"column":0},"end":{"line":1203,"column":2}},"349":{"start":{"line":1202,"column":2},"end":{"line":1202,"column":49}},"350":{"start":{"line":1209,"column":0},"end":{"line":1248,"column":1}},"351":{"start":{"line":1222,"column":0},"end":{"line":1224,"column":2}},"352":{"start":{"line":1223,"column":2},"end":{"line":1223,"column":74}},"353":{"start":{"line":1236,"column":0},"end":{"line":1247,"column":2}},"354":{"start":{"line":1237,"column":15},"end":{"line":1241,"column":3}},"355":{"start":{"line":1243,"column":2},"end":{"line":1245,"column":3}},"356":{"start":{"line":1244,"column":4},"end":{"line":1244,"column":35}},"357":{"start":{"line":1246,"column":2},"end":{"line":1246,"column":13}},"358":{"start":{"line":1256,"column":0},"end":{"line":1260,"column":2}},"359":{"start":{"line":1257,"column":15},"end":{"line":1257,"column":43}},"360":{"start":{"line":1258,"column":12},"end":{"line":1258,"column":44}},"361":{"start":{"line":1259,"column":2},"end":{"line":1259,"column":79}},"362":{"start":{"line":1270,"column":0},"end":{"line":1298,"column":2}},"363":{"start":{"line":1271,"column":2},"end":{"line":1296,"column":3}},"364":{"start":{"line":1272,"column":4},"end":{"line":1274,"column":5}},"365":{"start":{"line":1273,"column":6},"end":{"line":1273,"column":12}},"366":{"start":{"line":1275,"column":16},"end":{"line":1275,"column":39}},"367":{"start":{"line":1276,"column":4},"end":{"line":1295,"column":5}},"368":{"start":{"line":1278,"column":18},"end":{"line":1278,"column":61}},"369":{"start":{"line":1279,"column":6},"end":{"line":1279,"column":100}},"370":{"start":{"line":1280,"column":6},"end":{"line":1280,"column":29}},"371":{"start":{"line":1281,"column":6},"end":{"line":1281,"column":12}},"372":{"start":{"line":1283,"column":18},"end":{"line":1283,"column":61}},"373":{"start":{"line":1284,"column":6},"end":{"line":1284,"column":100}},"374":{"start":{"line":1285,"column":6},"end":{"line":1285,"column":25}},"375":{"start":{"line":1286,"column":6},"end":{"line":1286,"column":12}},"376":{"start":{"line":1288,"column":18},"end":{"line":1288,"column":61}},"377":{"start":{"line":1289,"column":6},"end":{"line":1289,"column":100}},"378":{"start":{"line":1290,"column":6},"end":{"line":1290,"column":27}},"379":{"start":{"line":1291,"column":6},"end":{"line":1291,"column":12}},"380":{"start":{"line":1293,"column":6},"end":{"line":1293,"column":25}},"381":{"start":{"line":1294,"column":6},"end":{"line":1294,"column":12}},"382":{"start":{"line":1297,"column":2},"end":{"line":1297,"column":13}},"383":{"start":{"line":1305,"column":0},"end":{"line":1309,"column":2}},"384":{"start":{"line":1306,"column":15},"end":{"line":1306,"column":38}},"385":{"start":{"line":1307,"column":2},"end":{"line":1307,"column":69}},"386":{"start":{"line":1308,"column":2},"end":{"line":1308,"column":34}},"387":{"start":{"line":1319,"column":0},"end":{"line":1345,"column":2}},"388":{"start":{"line":1320,"column":10},"end":{"line":1320,"column":19}},"389":{"start":{"line":1321,"column":2},"end":{"line":1321,"column":28}},"390":{"start":{"line":1322,"column":2},"end":{"line":1328,"column":3}},"391":{"start":{"line":1323,"column":4},"end":{"line":1327,"column":6}},"392":{"start":{"line":1329,"column":2},"end":{"line":1329,"column":24}},"393":{"start":{"line":1330,"column":2},"end":{"line":1336,"column":3}},"394":{"start":{"line":1331,"column":4},"end":{"line":1335,"column":6}},"395":{"start":{"line":1337,"column":2},"end":{"line":1337,"column":26}},"396":{"start":{"line":1338,"column":2},"end":{"line":1344,"column":3}},"397":{"start":{"line":1339,"column":4},"end":{"line":1343,"column":6}},"398":{"start":{"line":1352,"column":0},"end":{"line":1355,"column":2}},"399":{"start":{"line":1353,"column":2},"end":{"line":1354,"column":84}},"400":{"start":{"line":1362,"column":0},"end":{"line":1364,"column":2}},"401":{"start":{"line":1363,"column":2},"end":{"line":1363,"column":54}},"402":{"start":{"line":1371,"column":0},"end":{"line":1373,"column":2}},"403":{"start":{"line":1372,"column":2},"end":{"line":1372,"column":37}},"404":{"start":{"line":1380,"column":0},"end":{"line":1382,"column":2}},"405":{"start":{"line":1381,"column":2},"end":{"line":1381,"column":48}},"406":{"start":{"line":1389,"column":0},"end":{"line":1392,"column":2}},"407":{"start":{"line":1390,"column":2},"end":{"line":1391,"column":84}},"408":{"start":{"line":1399,"column":0},"end":{"line":1401,"column":2}},"409":{"start":{"line":1400,"column":2},"end":{"line":1400,"column":54}},"410":{"start":{"line":1408,"column":0},"end":{"line":1410,"column":2}},"411":{"start":{"line":1409,"column":2},"end":{"line":1409,"column":33}},"412":{"start":{"line":1417,"column":0},"end":{"line":1419,"column":2}},"413":{"start":{"line":1418,"column":2},"end":{"line":1418,"column":48}},"414":{"start":{"line":1426,"column":0},"end":{"line":1429,"column":2}},"415":{"start":{"line":1427,"column":2},"end":{"line":1428,"column":84}},"416":{"start":{"line":1436,"column":0},"end":{"line":1438,"column":2}},"417":{"start":{"line":1437,"column":2},"end":{"line":1437,"column":54}},"418":{"start":{"line":1445,"column":0},"end":{"line":1447,"column":2}},"419":{"start":{"line":1446,"column":2},"end":{"line":1446,"column":35}},"420":{"start":{"line":1454,"column":0},"end":{"line":1456,"column":2}},"421":{"start":{"line":1455,"column":2},"end":{"line":1455,"column":48}},"422":{"start":{"line":1462,"column":0},"end":{"line":1501,"column":1}},"423":{"start":{"line":1475,"column":0},"end":{"line":1477,"column":2}},"424":{"start":{"line":1476,"column":2},"end":{"line":1476,"column":74}},"425":{"start":{"line":1489,"column":0},"end":{"line":1500,"column":2}},"426":{"start":{"line":1490,"column":15},"end":{"line":1494,"column":3}},"427":{"start":{"line":1496,"column":2},"end":{"line":1498,"column":3}},"428":{"start":{"line":1497,"column":4},"end":{"line":1497,"column":35}},"429":{"start":{"line":1499,"column":2},"end":{"line":1499,"column":13}},"430":{"start":{"line":1509,"column":0},"end":{"line":1513,"column":2}},"431":{"start":{"line":1510,"column":15},"end":{"line":1510,"column":43}},"432":{"start":{"line":1511,"column":12},"end":{"line":1511,"column":44}},"433":{"start":{"line":1512,"column":2},"end":{"line":1512,"column":79}},"434":{"start":{"line":1523,"column":0},"end":{"line":1551,"column":2}},"435":{"start":{"line":1524,"column":2},"end":{"line":1549,"column":3}},"436":{"start":{"line":1525,"column":4},"end":{"line":1527,"column":5}},"437":{"start":{"line":1526,"column":6},"end":{"line":1526,"column":12}},"438":{"start":{"line":1528,"column":16},"end":{"line":1528,"column":39}},"439":{"start":{"line":1529,"column":4},"end":{"line":1548,"column":5}},"440":{"start":{"line":1531,"column":18},"end":{"line":1531,"column":61}},"441":{"start":{"line":1532,"column":6},"end":{"line":1532,"column":100}},"442":{"start":{"line":1533,"column":6},"end":{"line":1533,"column":28}},"443":{"start":{"line":1534,"column":6},"end":{"line":1534,"column":12}},"444":{"start":{"line":1536,"column":18},"end":{"line":1536,"column":61}},"445":{"start":{"line":1537,"column":6},"end":{"line":1537,"column":100}},"446":{"start":{"line":1538,"column":6},"end":{"line":1538,"column":25}},"447":{"start":{"line":1539,"column":6},"end":{"line":1539,"column":12}},"448":{"start":{"line":1541,"column":18},"end":{"line":1541,"column":61}},"449":{"start":{"line":1542,"column":6},"end":{"line":1542,"column":100}},"450":{"start":{"line":1543,"column":6},"end":{"line":1543,"column":27}},"451":{"start":{"line":1544,"column":6},"end":{"line":1544,"column":12}},"452":{"start":{"line":1546,"column":6},"end":{"line":1546,"column":25}},"453":{"start":{"line":1547,"column":6},"end":{"line":1547,"column":12}},"454":{"start":{"line":1550,"column":2},"end":{"line":1550,"column":13}},"455":{"start":{"line":1558,"column":0},"end":{"line":1562,"column":2}},"456":{"start":{"line":1559,"column":15},"end":{"line":1559,"column":38}},"457":{"start":{"line":1560,"column":2},"end":{"line":1560,"column":69}},"458":{"start":{"line":1561,"column":2},"end":{"line":1561,"column":34}},"459":{"start":{"line":1572,"column":0},"end":{"line":1598,"column":2}},"460":{"start":{"line":1573,"column":10},"end":{"line":1573,"column":19}},"461":{"start":{"line":1574,"column":2},"end":{"line":1574,"column":27}},"462":{"start":{"line":1575,"column":2},"end":{"line":1581,"column":3}},"463":{"start":{"line":1576,"column":4},"end":{"line":1580,"column":6}},"464":{"start":{"line":1582,"column":2},"end":{"line":1582,"column":24}},"465":{"start":{"line":1583,"column":2},"end":{"line":1589,"column":3}},"466":{"start":{"line":1584,"column":4},"end":{"line":1588,"column":6}},"467":{"start":{"line":1590,"column":2},"end":{"line":1590,"column":26}},"468":{"start":{"line":1591,"column":2},"end":{"line":1597,"column":3}},"469":{"start":{"line":1592,"column":4},"end":{"line":1596,"column":6}},"470":{"start":{"line":1605,"column":0},"end":{"line":1608,"column":2}},"471":{"start":{"line":1606,"column":2},"end":{"line":1607,"column":84}},"472":{"start":{"line":1615,"column":0},"end":{"line":1617,"column":2}},"473":{"start":{"line":1616,"column":2},"end":{"line":1616,"column":54}},"474":{"start":{"line":1624,"column":0},"end":{"line":1626,"column":2}},"475":{"start":{"line":1625,"column":2},"end":{"line":1625,"column":36}},"476":{"start":{"line":1633,"column":0},"end":{"line":1635,"column":2}},"477":{"start":{"line":1634,"column":2},"end":{"line":1634,"column":48}},"478":{"start":{"line":1642,"column":0},"end":{"line":1645,"column":2}},"479":{"start":{"line":1643,"column":2},"end":{"line":1644,"column":84}},"480":{"start":{"line":1652,"column":0},"end":{"line":1654,"column":2}},"481":{"start":{"line":1653,"column":2},"end":{"line":16
[...]
28":{"loc":{"start":{"line":3079,"column":10},"end":{"line":3079,"column":101}},"type":"binary-expr","locations":[{"start":{"line":3079,"column":11},"end":{"line":3079,"column":28}},{"start":{"line":3079,"column":33},"end":{"line":3079,"column":101}}],"line":3079},"129":{"loc":{"start":{"line":3084,"column":16},"end":{"line":3084,"column":112}},"type":"binary-expr","locations":[{"start":{"line":3084,"column":17},"end":{"line":3084,"column":40}},{"start":{"line":3084,"column":45},"end":{"line":3084,"column":112}}],"line":3084},"130":{"loc":{"start":{"line":3085,"column":19},"end":{"line":3085,"column":118}},"type":"binary-expr","locations":[{"start":{"line":3085,"column":20},"end":{"line":3085,"column":46}},{"start":{"line":3085,"column":51},"end":{"line":3085,"column":118}}],"line":3085},"131":{"loc":{"start":{"line":3088,"column":2},"end":{"line":3090,"column":3}},"type":"if","locations":[{"start":{"line":3088,"column":2},"end":{"line":3090,"column":3}},{"start":{},"end":{}}],"line":3088},"132":{"loc":{"start":{"line":3117,"column":4},"end":{"line":3119,"column":5}},"type":"if","locations":[{"start":{"line":3117,"column":4},"end":{"line":3119,"column":5}},{"start":{},"end":{}}],"line":3117},"133":{"loc":{"start":{"line":3121,"column":4},"end":{"line":3155,"column":5}},"type":"switch","locations":[{"start":{"line":3122,"column":4},"end":{"line":3126,"column":12}},{"start":{"line":3127,"column":4},"end":{"line":3131,"column":12}},{"start":{"line":3132,"column":4},"end":{"line":3136,"column":12}},{"start":{"line":3137,"column":4},"end":{"line":3141,"column":12}},{"start":{"line":3142,"column":4},"end":{"line":3146,"column":12}},{"start":{"line":3147,"column":4},"end":{"line":3151,"column":12}},{"start":{"line":3152,"column":4},"end":{"line":3154,"column":12}}],"line":3121},"134":{"loc":{"start":{"line":3182,"column":2},"end":{"line":3188,"column":3}},"type":"if","locations":[{"start":{"line":3182,"column":2},"end":{"line":3188,"column":3}},{"start":{},"end":{}}],"line":3182},"135":{"loc":{"start":{"line":3190,"column":2},"end":{"line":3196,"column":3}},"type":"if","locations":[{"start":{"line":3190,"column":2},"end":{"line":3196,"column":3}},{"start":{},"end":{}}],"line":3190},"136":{"loc":{"start":{"line":3198,"column":2},"end":{"line":3204,"column":3}},"type":"if","locations":[{"start":{"line":3198,"column":2},"end":{"line":3204,"column":3}},{"start":{},"end":{}}],"line":3198},"137":{"loc":{"start":{"line":3206,"column":2},"end":{"line":3212,"column":3}},"type":"if","locations":[{"start":{"line":3206,"column":2},"end":{"line":3212,"column":3}},{"start":{},"end":{}}],"line":3206},"138":{"loc":{"start":{"line":3214,"column":2},"end":{"line":3220,"column":3}},"type":"if","locations":[{"start":{"line":3214,"column":2},"end":{"line":3220,"column":3}},{"start":{},"end":{}}],"line":3214},"139":{"loc":{"start":{"line":3222,"column":2},"end":{"line":3228,"column":3}},"type":"if","locations":[{"start":{"line":3222,"column":2},"end":{"line":3228,"column":3}},{"start":{},"end":{}}],"line":3222},"140":{"loc":{"start":{"line":3459,"column":0},"end":{"line":3497,"column":1}},"type":"if","locations":[{"start":{"line":3459,"column":0},"end":{"line":3497,"column":1}},{"start":{},"end":{}}],"line":3459},"141":{"loc":{"start":{"line":3488,"column":11},"end":{"line":3488,"column":103}},"type":"binary-expr","locations":[{"start":{"line":3488,"column":12},"end":{"line":3488,"column":30}},{"start":{"line":3488,"column":35},"end":{"line":3488,"column":103}}],"line":3488},"142":{"loc":{"start":{"line":3489,"column":12},"end":{"line":3489,"column":105}},"type":"binary-expr","locations":[{"start":{"line":3489,"column":13},"end":{"line":3489,"column":32}},{"start":{"line":3489,"column":37},"end":{"line":3489,"column":105}}],"line":3489},"143":{"loc":{"start":{"line":3492,"column":2},"end":{"line":3494,"column":3}},"type":"if","locations":[{"start":{"line":3492,"column":2},"end":{"line":3494,"column":3}},{"start":{},"end":{}}],"line":3492},"144":{"loc":{"start":{"line":3521,"column":4},"end":{"line":3523,"column":5}},"type":"if","locations":[{"start":{"line":3521,"column":4},"end":{"line":3523,"column":5}},{"start":{},"end":{}}],"line":3521},"145":{"loc":{"start":{"line":3525,"column":4},"end":{"line":3539,"column":5}},"type":"switch","locations":[{"start":{"line":3526,"column":4},"end":{"line":3530,"column":12}},{"start":{"line":3531,"column":4},"end":{"line":3535,"column":12}},{"start":{"line":3536,"column":4},"end":{"line":3538,"column":12}}],"line":3525},"146":{"loc":{"start":{"line":3566,"column":2},"end":{"line":3572,"column":3}},"type":"if","locations":[{"start":{"line":3566,"column":2},"end":{"line":3572,"column":3}},{"start":{},"end":{}}],"line":3566},"147":{"loc":{"start":{"line":3574,"column":2},"end":{"line":3580,"column":3}},"type":"if","locations":[{"start":{"line":3574,"column":2},"end":{"line":3580,"column":3}},{"start":{},"end":{}}],"line":3574},"148":{"loc":{"start":{"line":3661,"column":0},"end":{"line":3699,"column":1}},"type":"if","locations":[{"start":{"line":3661,"column":0},"end":{"line":3699,"column":1}},{"start":{},"end":{}}],"line":3661},"149":{"loc":{"start":{"line":3690,"column":11},"end":{"line":3690,"column":103}},"type":"binary-expr","locations":[{"start":{"line":3690,"column":12},"end":{"line":3690,"column":30}},{"start":{"line":3690,"column":35},"end":{"line":3690,"column":103}}],"line":3690},"150":{"loc":{"start":{"line":3691,"column":12},"end":{"line":3691,"column":105}},"type":"binary-expr","locations":[{"start":{"line":3691,"column":13},"end":{"line":3691,"column":32}},{"start":{"line":3691,"column":37},"end":{"line":3691,"column":105}}],"line":3691},"151":{"loc":{"start":{"line":3694,"column":2},"end":{"line":3696,"column":3}},"type":"if","locations":[{"start":{"line":3694,"column":2},"end":{"line":3696,"column":3}},{"start":{},"end":{}}],"line":3694},"152":{"loc":{"start":{"line":3723,"column":4},"end":{"line":3725,"column":5}},"type":"if","locations":[{"start":{"line":3723,"column":4},"end":{"line":3725,"column":5}},{"start":{},"end":{}}],"line":3723},"153":{"loc":{"start":{"line":3727,"column":4},"end":{"line":3741,"column":5}},"type":"switch","locations":[{"start":{"line":3728,"column":4},"end":{"line":3732,"column":12}},{"start":{"line":3733,"column":4},"end":{"line":3737,"column":12}},{"start":{"line":3738,"column":4},"end":{"line":3740,"column":12}}],"line":3727},"154":{"loc":{"start":{"line":3768,"column":2},"end":{"line":3774,"column":3}},"type":"if","locations":[{"start":{"line":3768,"column":2},"end":{"line":3774,"column":3}},{"start":{},"end":{}}],"line":3768},"155":{"loc":{"start":{"line":3776,"column":2},"end":{"line":3782,"column":3}},"type":"if","locations":[{"start":{"line":3776,"column":2},"end":{"line":3782,"column":3}},{"start":{},"end":{}}],"line":3776}},"s":{"0":1,"1":1,"2":1,"3":1,"4":1,"5":0,"6":0,"7":0,"8":0,"9":0,"10":0,"11":0,"12":1,"13":1,"14":1,"15":1,"16":1,"17":1,"18":1,"19":1,"20":1,"21":1,"22":1,"23":1,"24":1,"25":1,"26":1,"27":1,"28":29,"29":1,"30":1,"31":0,"32":1,"33":652,"34":1,"35":1,"36":0,"37":1,"38":60,"39":1,"40":1,"41":0,"42":1,"43":0,"44":1,"45":1,"46":0,"47":1,"48":4,"49":1,"50":1,"51":0,"52":1,"53":4,"54":1,"55":1,"56":0,"57":1,"58":0,"59":1,"60":1,"61":0,"62":1,"63":0,"64":1,"65":1,"66":0,"67":1,"68":0,"69":1,"70":1,"71":0,"72":1,"73":0,"74":1,"75":1,"76":0,"77":1,"78":0,"79":1,"80":1,"81":0,"82":1,"83":1,"84":1,"85":0,"86":1,"87":0,"88":0,"89":0,"90":0,"91":1,"92":29,"93":29,"94":29,"95":1,"96":29,"97":8423,"98":0,"99":8423,"100":8423,"101":29,"102":29,"103":29,"104":29,"105":29,"106":29,"107":29,"108":29,"109":29,"110":29,"111":29,"112":29,"113":29,"114":29,"115":29,"116":29,"117":543,"118":543,"119":543,"120":543,"121":29,"122":29,"123":29,"124":29,"125":29,"126":29,"127":29,"128":29,"129":29,"130":29,"131":29,"132":29,"133":0,"134":0,"135":0,"136":0,"137":652,"138":652,"139":652,"140":652,"141":60,"142":60,"143":60,"144":60,"145":2515,"146":2515,"147":2515,"148":2515,"149":2051,"150":2051,"151":2051,"152":2051,"153":2341,"154":2341,"155":2341,"156":2341,"157":29,"158":29,"159":29,"160":29,"161":29,"162":29,"163":29,"164":29,"165":0,"166":0,"167":29,"168":1,"169":0,"170":0,"171":0,"172":1,"173":0,"174":0,"175":0,"176":0,"177":0,"178":0,"179":0,"180":0,"181":0,"182":0,"183":0,"184":0,"185":0,"186":0,"187":0,"188":0,"189":0,"190":0,"191":0,"192":0,"193":0,"194":0,"195":0,"196":0,"197":0,"198":0,"199":0,"200":0,"201":0,"202":0,"203":0,"204":0,"205":0,"206":0,"207":0,"208":0,"209":0,"210":0,"211":0,"212":0,"213":0,"214":0,"215":0,"216":0,"217":0,"218":0,"219":0,"220":0,"221":0,"222":1,"223":29,"224":1,"225":29,"226":1,"227":0,"228":1,"229":0,"230":1,"231":29,"232":1,"233":29,"234":1,"235":0,"236":1,"237":0,"238":1,"239":29,"240":1,"241":29,"242":1,"243":0,"244":1,"245":0,"246":1,"247":29,"248":1,"249":29,"250":1,"251":0,"252":1,"253":0,"254":1,"255":29,"256":1,"257":0,"258":1,"259":543,"260":1,"261":0,"262":1,"263":29,"264":1,"265":29,"266":1,"267":0,"268":1,"269":0,"270":1,"271":29,"272":1,"273":29,"274":1,"275":0,"276":1,"277":0,"278":1,"279":29,"280":1,"281":29,"282":1,"283":0,"284":1,"285":0,"286":1,"287":29,"288":1,"289":0,"290":1,"291":0,"292":1,"293":0,"294":1,"295":29,"296":1,"297":0,"298":1,"299":652,"300":1,"301":0,"302":1,"303":29,"304":1,"305":0,"306":1,"307":60,"308":1,"309":0,"310":1,"311":29,"312":1,"313":0,"314":1,"315":2515,"316":1,"317":0,"318":1,"319":29,"320":1,"321":0,"322":1,"323":2051,"324":1,"325":0,"326":1,"327":29,"328":1,"329":0,"330":1,"331":2341,"332":1,"333":0,"334":1,"335":29,"336":1,"337":29,"338":1,"339":0,"340":1,"341":0,"342":1,"343":29,"344":1,"345":29,"346":1,"347":0,"348":1,"349":0,"350":1,"351":1,"352":0,"353":1,"354":0,"355":0,"356":0,"357":0,"358":1,"359":0,"360":0,"361":0,"362":1,"363":652,"364":1956,"365":0,"366":1956,"367":1956,"368":652,"369":652,"370":652,"371":652,"372":652,"373":652,"374":652,"375":652,"376":652,"377":652,"378":652,"379":652,"380":0,"381":0,"382":652,"383":1,"384":0,"385":0,"386":0,"387":1,"388":0,"389":0,"390":0,"391":0,"392":0,"393":0,"394":0,"395":0,"396":0,"397":0,"398":1,"399":652,"400":1,"401":652,"402":1,"403":0,"404":1,"405":0,"406":1,"407":652,"408":1,"409":652,"410":1,"411":0,"412":1,"413":0,"414":1,"415":652,"416":1,"417":652,"418":1,"419":0,"420":1,"421":0,"422":1,"423":1,"424":0,"425":1,"426":0,"427":0,"428":0,"429":0,"430":1,"431":0,"432":0,"433":0,"434":1,"435":60,"436":180,"437":0,"438":180,"439":180,"440":60,"441":60,"442":60,"443":60,"444":60,"445":60,"446":60,"447":60,"448":60,"449":60,"450":60,"451":60,"452":0,"453":0,"454":60,"455":1,"456":0,"457":0,"458":0,"459":1,"460":0,"461":0,"462":0,"463":0,"464":0,"465":0,"466":0,"467":0,"468":0,"469":0,"470":1,"471":60,"472":1,"473":60,"474":1,"475":0,"476":1,"477":0,"478":1,"479":60,"480":1,"481":60,"482":1,"483":0,"484":1,"485":0,"486":1,"487":60,"488":1,"489":60,"490":1,"491":0,"492":1,"493":0,"494":1,"495":1,"496":1,"497":0,"498":1,"499":0,"500":0,"501":0,"502":0,"503":1,"504":0,"505":0,"506":0,"507":1,"508":0,"509":0,"510":0,"511":0,"512":0,"513":0,"514":0,"515":0,"516":0,"517":0,"518":0,"519":0,"520":0,"521":0,"522":0,"523":0,"524":0,"525":0,"526":0,"527":0,"528":0,"529":0,"530":0,"531":0,"532":0,"533":0,"534":0,"535":0,"536":0,"537":0,"538":0,"539":0,"540":0,"541":0,"542":0,"543":0,"544":0,"545":0,"546":0,"547":0,"548":1,"549":0,"550":0,"551":0,"552":1,"553":0,"554":0,"555":0,"556":0,"557":0,"558":0,"559":0,"560":0,"561":0,"562":0,"563":0,"564":0,"565":0,"566":0,"567":0,"568":0,"569":0,"570":0,"571":0,"572":0,"573":0,"574":0,"575":0,"576":0,"577":0,"578":1,"579":0,"580":1,"581":0,"582":1,"583":0,"584":1,"585":0,"586":1,"587":0,"588":1,"589":0,"590":1,"591":0,"592":1,"593":0,"594":1,"595":0,"596":1,"597":0,"598":1,"599":0,"600":1,"601":0,"602":1,"603":0,"604":1,"605":0,"606":1,"607":0,"608":1,"609":0,"610":1,"611":0,"612":1,"613":0,"614":1,"615":0,"616":1,"617":0,"618":1,"619":0,"620":1,"621":0,"622":1,"623":0,"624":1,"625":0,"626":1,"627":0,"628":1,"629":0,"630":1,"631":0,"632":1,"633":0,"634":1,"635":0,"636":1,"637":0,"638":1,"639":0,"640":1,"641":0,"642":1,"643":1,"644":0,"645":1,"646":0,"647":0,"648":0,"649":0,"650":1,"651":0,"652":0,"653":0,"654":1,"655":0,"656":0,"657":0,"658":0,"659":0,"660":0,"661":0,"662":0,"663":0,"664":0,"665":0,"666":0,"667":0,"668":0,"669":0,"670":0,"671":0,"672":0,"673":0,"674":0,"675":1,"676":4,"677":4,"678":4,"679":1,"680":4,"681":4,"682":4,"683":4,"684":4,"685":4,"686":4,"687":4,"688":4,"689":4,"690":1,"691":4,"692":1,"693":4,"694":1,"695":0,"696":1,"697":0,"698":1,"699":4,"700":1,"701":4,"702":1,"703":0,"704":1,"705":0,"706":1,"707":4,"708":1,"709":4,"710":1,"711":0,"712":1,"713":0,"714":1,"715":1,"716":0,"717":1,"718":0,"719":0,"720":0,"721":0,"722":1,"723":0,"724":0,"725":0,"726":1,"727":0,"728":0,"729":0,"730":0,"731":0,"732":0,"733":0,"734":0,"735":0,"736":0,"737":0,"738":0,"739":0,"740":0,"741":0,"742":0,"743":1,"744":4,"745":4,"746":4,"747":1,"748":4,"749":4,"750":4,"751":4,"752":4,"753":4,"754":4,"755":1,"756":4,"757":1,"758":4,"759":1,"760":0,"761":1,"762":0,"763":1,"764":4,"765":1,"766":4,"767":1,"768":0,"769":1,"770":0,"771":1,"772":1,"773":0,"774":1,"775":0,"776":0,"777":0,"778":0,"779":1,"780":0,"781":0,"782":0,"783":1,"784":0,"785":0,"786":0,"787":0,"788":0,"789":0,"790":0,"791":0,"792":0,"793":0,"794":0,"795":0,"796":0,"797":0,"798":0,"799":0,"800":1,"801":0,"802":0,"803":0,"804":1,"805":0,"806":0,"807":0,"808":0,"809":0,"810":0,"811":0,"812":1,"813":0,"814":1,"815":0,"816":1,"817":0,"818":1,"819":0,"820":1,"821":0,"822":1,"823":0,"824":1,"825":0,"826":1,"827":0,"828":1,"829":1,"830":0,"831":1,"832":0,"833":0,"834":0,"835":0,"836":1,"837":0,"838":0,"839":0,"840":1,"841":0,"842":0,"843":0,"844":0,"845":0,"846":0,"847":0,"848":0,"849":0,"850":0,"851":0,"852":0,"853":1,"854":0,"855":0,"856":0,"857":1,"858":0,"859":0,"860":0,"861":0,"862":1,"863":0,"864":1,"865":0,"866":1,"867":0,"868":1,"869":0,"870":1,"871":1,"872":1,"873":0,"874":1,"875":0,"876":0,"877":0,"878":0,"879":1,"880":0,"881":0,"882":0,"883":1,"884":0,"885":0,"886":0,"887":0,"888":0,"889":0,"890":0,"891":0,"892":0,"893":0,"894":0,"895":0,"896":0,"897":0,"898":0,"899":0,"900":0,"901":0,"902":0,"903":0,"904":0,"905":0,"906":0,"907":0,"908":0,"909":0,"910":0,"911":0,"912":0,"913":0,"914":0,"915":0,"916":1,"917":0,"918":0,"919":0,"920":1,"921":0,"922":0,"923":0,"924":0,"925":0,"926":0,"927":0,"928":0,"929":0,"930":0,"931":0,"932":0,"933":0,"934":0,"935":0,"936":0,"937":0,"938":0,"939":0,"940":1,"941":0,"942":1,"943":0,"944":1,"945":0,"946":1,"947":0,"948":1,"949":0,"950":1,"951":0,"952":1,"953":0,"954":1,"955":0,"956":1,"957":0,"958":1,"959":0,"960":1,"961":0,"962":1,"963":0,"964":1,"965":0,"966":1,"967":0,"968":1,"969":0,"970":1,"971":0,"972":1,"973":0,"974":1,"975":0,"976":1,"977":0,"978":1,"979":0,"980":1,"981":0,"982":1,"983":0,"984":1,"985":0,"986":1,"987":0,"988":1,"989":1,"990":0,"991":1,"992":0,"993":0,"994":0,"995":0,"996":1,"997":0,"998":0,"999":0,"1000":1,"1001":0,"1002":0,"1003":0,"1004":0,"1005":0,"1006":0,"1007":0,"1008":0,"1009":0,"1010":0,"1011":0,"1012":0,"1013":0,"1014":0,"1015":0,"1016":0,"1017":1,"1018":0,"1019":0,"1020":0,"1021":1,"1022":0,"1023":0,"1024":0,"1025":0,"1026":0,"1027":0,"1028":0,"1029":1,"1030":0,"1031":1,"1032":0,"1033":1,"1034":0,"1035":1,"1036":0,"1037":1,"1038":0,"1039":1,"1040":0,"1041":1,"1042":0,"1043":1,"1044":0,"1045":1,"1046":1,"1047":0,"1048":1,"1049":0,"1050":0,"1051":0,"1052":0,"1053":1,"1054":0,"1055":0,"1056":0,"1057":1,"1058":0,"1059":0,"1060":0,"1061":0,"1062":0,"1063":0,"1064":0,"1065":0,"1066":0,"1067":0,"1068":0,"1069":0,"1070":0,"1071":0,"1072":0,"1073":0,"1074":1,"1075":0,"1076":0,"1077":0,"1078":1,"1079":0,"1080":0,"1081":0,"1082":0,"1083":0,"1084":0,"1085":0,"1086":1,"1087":0,"1088":1,"1089":0,"1090":1,"1091":0,"1092":1,"1093":0,"1094":1,"1095":0,"1096":1,"1097":0,"1098":1,"1099":0,"1100":1,"1101":0,"1102":1},"f":{"0":1,"1":29,"2":652,"3":60,"4":0,"5":4,"6":4,"7":0,"8":0,"9":0,"10":0,"11":0,"12":0,"13":0,"14":29,"15":29,"16":0,"17":0,"18":29,"19":29,"20":0,"21":0,"22":29,"23":29,"24":0,"25":0,"26":29,"27":29,"28":0,"29":0,"30":29,"31":29,"32":0,"33":0,"34":29,"35":0,"36":543,"37":0,"38":29,"39":29,"40":0,"41":0,"42":29,"43":29,"44":0,"45":0,"46":29,"47":29,"48":0,"49":0,"50":29,"51":0,"52":0,"53":0,"54":29,"55":0,"56":652,"57":0,"58":29,"59":0,"60":60,"61":0,"62":29,"63":0,"64":2515,"65":0,"66":29,"67":0,"68":2051,"69":0,"70":29,"71":0,"72":2341,"73":0,"74":29,"75":29,"76":0,"77":0,"78":29,"79":29,"80":0,"81":0,"82":0,"83":0,"84":0,"85":652,"86":0,"87":0,"88":652,"89":652,"90":0,"91":0,"92":652,"93":652,"94":0,"95":0,"96":652,"97":652,"98":0,"99":0,"100":0,"101":0,"102":0,"103":60,"104":0,"105":0,"106":60,"107":60,"108":0,"109":0,"110":60,"111":60,"112":0,"113":0,"114":60,"115":60,"116":0,"117":0,"118":0,"119":0,"120":0,"121":0,"122":0,"123":0,"124":0,"125":0,"126":0,"127":0,"128":0,"129":0,"130":0,"131":0,"132":0,"133":0,"134":0,"135":0,"136":0,"137":0,"138":0,"139":0,"140":0,"141":0,"142":0,"143":0,"144":0,"145":0,"146":0,"147":0,"148":0,"149":0,"150":0,"151":0,"152":0,"153":0,"154":0,"155":0,"156":0,"157":0,"158":0,"159":0,"160":4,"161":4,"162":4,"163":4,"164":0,"165":0,"166":4,"167":4,"168":0,"169":0,"170":4,"171":4,"172":0,"173":0,"174":0,"175":0,"176":0,"177":0,"178":4,"179":4,"180":4,"181":4,"182":0,"183":0,"184":4,"185":4,"186":0,"187":0,"188":0,"189":0,"190":0,"191":0,"192":0,"193":0,"194":0,"195":0,"196":0,"197":0,"198":0,"199":0,"200":0,"201":0,"202":0,"203":0,"204":0,"205":0,"206":0,"207":0,"208":0,"209":0,"210":0,"211":0,"212":0,"213":0,"214":0,"215":0,"216":0,"217":0,"218":0,"219":0,"220":0,"221":0,"222":0,"223":0,"224":0,"225":0,"226":0,"227":0,"228":0,"229":0,"230":0,"231":0,"232":0,"233":0,"234":0,"235":0,"236":0,"237":0,"238":0,"239":0,"240":0,"241":0,"242":0,"243":0,"244":0,"245":0,"246":0,"247":0,"248":0,"249":0,"250":0,"251":0,"252":0,"253":0,"254":0,"255":0,"256":0,"257":0,"258":0,"259":0,"260":0,"261":0,"262":0,"263":0,"264":0,"265":0,"266":0,"267":0,"268":0,"269":0},"b":{"0":[1,0],"1":[0,0],"2":[0,0],"3":[0,0],"4":[0,1],"5":[1,0],"6":[0,1],"7":[1,0],"8":[0,1],"9":[1,0],"10":[0,1],"11":[1,0],"12":[0,1],"13":[1,0],"14":[0,1],"15":[1,0],"16":[0,1],"17":[1,0],"18":[0,1],"19":[1,0],"20":[0,1],"21":[1,0],"22":[0,1],"23":[1,0],"24":[0,1],"25":[1,0],"26":[1,0],"27":[0,0],"28":[0,0],"29":[0,0],"30":[0,0],"31":[0,0],"32":[0,0],"33":[0,0],"34":[0,0],"35":[0,0],"36":[0,0],"37":[0,0],"38":[0,8423],"39":[29,29,29,29,543,29,29,29,0,652,60,2515,2051,2341,29,29,0],"40":[0,0],"41":[0,0],"42":[0,0],"43":[0,0],"44":[0,0],"45":[0,0],"46":[0,0],"47":[0,0],"48":[0,0],"49":[0,0],"50":[0,0],"51":[0,0],"52":[0,0],"53":[0,0],"54":[0,0],"55":[0,0],"56":[1,0],"57":[0,0],"58":[0,0],"59":[0,0],"60":[0,0],"61":[0,1956],"62":[652,652,652,0],"63":[0,0],"64":[0,0],"65":[0,0],"66":[1,0],"67":[0,0],"68":[0,0],"69":[0,0],"70":[0,0],"71":[0,180],"72":[60,60,60,0],"73":[0,0],"74":[0,0],"75":[0,0],"76":[1,0],"77":[0,0],"78":[0,0],"79":[0,0],"80":[0,0],"81":[0,0],"82":[0,0],"83":[0,0],"84":[0,0],"85":[0,0,0,0,0,0,0,0,0],"86":[0,0],"87":[0,0],"88":[0,0],"89":[0,0],"90":[0,0],"91":[0,0],"92":[0,0],"93":[0,0],"94":[1,0],"95":[0,0],"96":[0,0],"97":[0,0],"98":[0,0],"99":[0,0],"100":[0,0,0,0],"101":[4,0],"102":[4,0],"103":[4,0],"104":[1,0],"105":[0,0],"106":[0,0],"107":[0,0],"108":[0,0],"109":[0,0,0],"110":[4,0],"111":[4,0],"112":[1,0],"113":[0,0],"114":[0,0],"115":[0,0],"116":[0,0],"117":[0,0,0],"118":[0,0],"119":[0,0],"120":[1,0],"121":[0,0],"122":[0,0],"123":[0,0],"124":[0,0],"125":[0,0],"126":[1,0],"127":[0,0],"128":[0,0],"129":[0,0],"130":[0,0],"131":[0,0],"132":[0,0],"133":[0,0,0,0,0,0,0],"134":[0,0],"135":[0,0],"136":[0,0],"137":[0,0],"138":[0,0],"139":[0,0],"140":[1,0],"141":[0,0],"142":[0,0],"143":[0,0],"144":[0,0],"145":[0,0,0],"146":[0,0],"147":[0,0],"148":[1,0],"149":[0,0],"150":[0,0],"151":[0,0],"152":[0,0],"153":[0,0,0],"154":[0,0],"155":[0,0]},"inputSourceMap":null,"_coverageSchema":"1a1c01bbd47fc00a2c39e90264f33305004495a9","hash":"30dd8ac296d25944a3b6edc6de59bb2d12900286"}
}
