TN:
SF:src/generated/grpc/builders/amount.auth.request.ts
FN:7,(anonymous_0)
FN:11,(anonymous_1)
FN:16,(anonymous_2)
FN:21,(anonymous_3)
FN:26,(anonymous_4)
FNF:5
FNH:5
FNDA:4,(anonymous_0)
FNDA:4,(anonymous_1)
FNDA:4,(anonymous_2)
FNDA:4,(anonymous_3)
FNDA:4,(anonymous_4)
DA:1,1
DA:2,1
DA:4,1
DA:8,4
DA:12,4
DA:13,4
DA:17,4
DA:18,4
DA:22,4
DA:23,4
DA:27,4
LF:11
LH:11
BRF:0
BRH:0
end_of_record
TN:
SF:src/generated/grpc/builders/pagination.ts
FN:7,(anonymous_0)
FN:11,(anonymous_1)
FN:16,(anonymous_2)
FN:21,(anonymous_3)
FNF:4
FNH:4
FNDA:4,(anonymous_0)
FNDA:4,(anonymous_1)
FNDA:4,(anonymous_2)
FNDA:4,(anonymous_3)
DA:1,1
DA:2,1
DA:4,1
DA:8,4
DA:12,4
DA:13,4
DA:17,4
DA:18,4
DA:22,4
LF:9
LH:9
BRF:0
BRH:0
end_of_record
TN:
SF:src/generated/grpc/extacters/extractor.ts
FN:18,(anonymous_0)
FN:22,(anonymous_1)
FN:26,(anonymous_2)
FN:30,(anonymous_3)
FN:34,(anonymous_4)
FN:38,(anonymous_5)
FN:39,(anonymous_6)
FN:42,(anonymous_7)
FN:47,(anonymous_8)
FN:52,(anonymous_9)
FN:56,(anonymous_10)
FN:60,(anonymous_11)
FN:61,(anonymous_12)
FN:64,(anonymous_13)
FN:65,(anonymous_14)
FN:68,(anonymous_15)
FN:69,(anonymous_16)
FN:72,(anonymous_17)
FN:73,(anonymous_18)
FN:76,(anonymous_19)
FN:77,(anonymous_20)
FN:80,(anonymous_21)
FN:84,(anonymous_22)
FN:88,(anonymous_23)
FN:113,(anonymous_24)
FN:117,(anonymous_25)
FN:121,(anonymous_26)
FN:126,(anonymous_27)
FN:130,(anonymous_28)
FN:142,(anonymous_29)
FN:146,(anonymous_30)
FN:150,(anonymous_31)
FN:155,(anonymous_32)
FN:159,(anonymous_33)
FN:171,(anonymous_34)
FN:175,(anonymous_35)
FN:179,(anonymous_36)
FN:183,(anonymous_37)
FN:187,(anonymous_38)
FN:191,(anonymous_39)
FN:192,(anonymous_40)
FN:195,(anonymous_41)
FN:196,(anonymous_42)
FN:199,(anonymous_43)
FN:203,(anonymous_44)
FN:207,(anonymous_45)
FN:224,(anonymous_46)
FN:228,(anonymous_47)
FN:232,(anonymous_48)
FN:236,(anonymous_49)
FN:240,(anonymous_50)
FN:252,(anonymous_51)
FN:256,(anonymous_52)
FN:260,(anonymous_53)
FN:264,(anonymous_54)
FN:275,(anonymous_55)
FN:279,(anonymous_56)
FN:283,(anonymous_57)
FN:287,(anonymous_58)
FN:298,(anonymous_59)
FN:302,(anonymous_60)
FN:306,(anonymous_61)
FN:316,(anonymous_62)
FN:320,(anonymous_63)
FN:324,(anonymous_64)
FN:328,(anonymous_65)
FN:329,(anonymous_66)
FN:332,(anonymous_67)
FN:333,(anonymous_68)
FN:336,(anonymous_69)
FN:340,(anonymous_70)
FN:344,(anonymous_71)
FN:359,(anonymous_72)
FN:363,(anonymous_73)
FN:367,(anonymous_74)
FN:371,(anonymous_75)
FN:382,(anonymous_76)
FN:386,(anonymous_77)
FN:390,(anonymous_78)
FN:394,(anonymous_79)
FNF:80
FNH:34
FNDA:29,(anonymous_0)
FNDA:29,(anonymous_1)
FNDA:29,(anonymous_2)
FNDA:29,(anonymous_3)
FNDA:29,(anonymous_4)
FNDA:29,(anonymous_5)
FNDA:543,(anonymous_6)
FNDA:29,(anonymous_7)
FNDA:29,(anonymous_8)
FNDA:29,(anonymous_9)
FNDA:29,(anonymous_10)
FNDA:29,(anonymous_11)
FNDA:652,(anonymous_12)
FNDA:29,(anonymous_13)
FNDA:60,(anonymous_14)
FNDA:29,(anonymous_15)
FNDA:2515,(anonymous_16)
FNDA:29,(anonymous_17)
FNDA:2051,(anonymous_18)
FNDA:29,(anonymous_19)
FNDA:2341,(anonymous_20)
FNDA:29,(anonymous_21)
FNDA:29,(anonymous_22)
FNDA:29,(anonymous_23)
FNDA:652,(anonymous_24)
FNDA:652,(anonymous_25)
FNDA:652,(anonymous_26)
FNDA:652,(anonymous_27)
FNDA:652,(anonymous_28)
FNDA:60,(anonymous_29)
FNDA:60,(anonymous_30)
FNDA:60,(anonymous_31)
FNDA:60,(anonymous_32)
FNDA:60,(anonymous_33)
FNDA:0,(anonymous_34)
FNDA:0,(anonymous_35)
FNDA:0,(anonymous_36)
FNDA:0,(anonymous_37)
FNDA:0,(anonymous_38)
FNDA:0,(anonymous_39)
FNDA:0,(anonymous_40)
FNDA:0,(anonymous_41)
FNDA:0,(anonymous_42)
FNDA:0,(anonymous_43)
FNDA:0,(anonymous_44)
FNDA:0,(anonymous_45)
FNDA:0,(anonymous_46)
FNDA:0,(anonymous_47)
FNDA:0,(anonymous_48)
FNDA:0,(anonymous_49)
FNDA:0,(anonymous_50)
FNDA:0,(anonymous_51)
FNDA:0,(anonymous_52)
FNDA:0,(anonymous_53)
FNDA:0,(anonymous_54)
FNDA:0,(anonymous_55)
FNDA:0,(anonymous_56)
FNDA:0,(anonymous_57)
FNDA:0,(anonymous_58)
FNDA:0,(anonymous_59)
FNDA:0,(anonymous_60)
FNDA:0,(anonymous_61)
FNDA:0,(anonymous_62)
FNDA:0,(anonymous_63)
FNDA:0,(anonymous_64)
FNDA:0,(anonymous_65)
FNDA:0,(anonymous_66)
FNDA:0,(anonymous_67)
FNDA:0,(anonymous_68)
FNDA:0,(anonymous_69)
FNDA:0,(anonymous_70)
FNDA:0,(anonymous_71)
FNDA:0,(anonymous_72)
FNDA:0,(anonymous_73)
FNDA:0,(anonymous_74)
FNDA:0,(anonymous_75)
FNDA:0,(anonymous_76)
FNDA:0,(anonymous_77)
FNDA:0,(anonymous_78)
FNDA:0,(anonymous_79)
DA:15,1
DA:19,29
DA:23,29
DA:27,29
DA:31,29
DA:35,29
DA:39,543
DA:43,29
DA:44,29
DA:48,29
DA:49,29
DA:53,29
DA:57,29
DA:61,652
DA:65,60
DA:69,2515
DA:73,2051
DA:77,2341
DA:81,29
DA:85,29
DA:89,29
DA:110,1
DA:114,652
DA:118,652
DA:122,652
DA:123,652
DA:127,652
DA:131,652
DA:139,1
DA:143,60
DA:147,60
DA:151,60
DA:152,60
DA:156,60
DA:160,60
DA:168,1
DA:172,0
DA:176,0
DA:180,0
DA:184,0
DA:188,0
DA:192,0
DA:196,0
DA:200,0
DA:204,0
DA:208,0
DA:221,1
DA:225,0
DA:229,0
DA:233,0
DA:237,0
DA:241,0
DA:249,1
DA:253,0
DA:257,0
DA:261,0
DA:265,0
DA:272,1
DA:276,0
DA:280,0
DA:284,0
DA:288,0
DA:295,1
DA:299,0
DA:303,0
DA:307,0
DA:313,1
DA:317,0
DA:321,0
DA:325,0
DA:329,0
DA:333,0
DA:337,0
DA:341,0
DA:345,0
DA:356,1
DA:360,0
DA:364,0
DA:368,0
DA:372,0
DA:379,1
DA:383,0
DA:387,0
DA:391,0
DA:395,0
LF:85
LH:43
BRDA:23,0,0,29
BRDA:23,0,1,0
BRDA:27,1,0,29
BRDA:27,1,1,0
BRDA:31,2,0,29
BRDA:31,2,1,0
BRDA:35,3,0,29
BRDA:35,3,1,0
BRDA:44,4,0,29
BRDA:44,4,1,0
BRDA:49,5,0,29
BRDA:49,5,1,0
BRDA:53,6,0,29
BRDA:53,6,1,0
BRDA:57,7,0,29
BRDA:57,7,1,29
BRDA:81,8,0,29
BRDA:81,8,1,0
BRDA:85,9,0,29
BRDA:85,9,1,0
BRDA:118,10,0,652
BRDA:118,10,1,0
BRDA:123,11,0,652
BRDA:123,11,1,0
BRDA:127,12,0,652
BRDA:127,12,1,0
BRDA:147,13,0,60
BRDA:147,13,1,0
BRDA:152,14,0,60
BRDA:152,14,1,0
BRDA:156,15,0,60
BRDA:156,15,1,0
BRDA:176,16,0,0
BRDA:176,16,1,0
BRDA:180,17,0,0
BRDA:180,17,1,0
BRDA:184,18,0,0
BRDA:184,18,1,0
BRDA:188,19,0,0
BRDA:188,19,1,0
BRDA:200,20,0,0
BRDA:200,20,1,0
BRDA:204,21,0,0
BRDA:204,21,1,0
BRDA:229,22,0,0
BRDA:229,22,1,0
BRDA:233,23,0,0
BRDA:233,23,1,0
BRDA:237,24,0,0
BRDA:237,24,1,0
BRDA:257,25,0,0
BRDA:257,25,1,0
BRDA:261,26,0,0
BRDA:261,26,1,0
BRDA:280,27,0,0
BRDA:280,27,1,0
BRDA:284,28,0,0
BRDA:284,28,1,0
BRDA:303,29,0,0
BRDA:303,29,1,0
BRDA:321,30,0,0
BRDA:321,30,1,0
BRDA:325,31,0,0
BRDA:325,31,1,0
BRDA:337,32,0,0
BRDA:337,32,1,0
BRDA:341,33,0,0
BRDA:341,33,1,0
BRDA:364,34,0,0
BRDA:364,34,1,0
BRDA:368,35,0,0
BRDA:368,35,1,0
BRDA:387,36,0,0
BRDA:387,36,1,0
BRDA:391,37,0,0
BRDA:391,37,1,0
BRF:76
BRH:17
end_of_record
TN:
SF:src/generated/grpc/typescript/threads_grpc_pb.js
FN:10,serialize_google_protobuf_Empty
FN:17,deserialize_google_protobuf_Empty
FN:21,serialize_google_protobuf_Int32Value
FN:28,deserialize_google_protobuf_Int32Value
FN:32,serialize_google_protobuf_StringValue
FN:39,deserialize_google_protobuf_StringValue
FN:43,serialize_threads_AmountWithAuthRequest
FN:50,deserialize_threads_AmountWithAuthRequest
FN:54,serialize_threads_CreateRequest
FN:61,deserialize_threads_CreateRequest
FN:65,serialize_threads_IdRequest
FN:72,deserialize_threads_IdRequest
FN:76,serialize_threads_Pagination
FN:83,deserialize_threads_Pagination
FN:87,serialize_threads_StatsModel
FN:94,deserialize_threads_StatsModel
FN:98,serialize_threads_ThreadModel
FN:105,deserialize_threads_ThreadModel
FN:109,serialize_threads_WalletWithAuthRequest
FN:116,deserialize_threads_WalletWithAuthRequest
FNF:20
FNH:3
FNDA:0,serialize_google_protobuf_Empty
FNDA:0,deserialize_google_protobuf_Empty
FNDA:0,serialize_google_protobuf_Int32Value
FNDA:0,deserialize_google_protobuf_Int32Value
FNDA:0,serialize_google_protobuf_StringValue
FNDA:0,deserialize_google_protobuf_StringValue
FNDA:4,serialize_threads_AmountWithAuthRequest
FNDA:0,deserialize_threads_AmountWithAuthRequest
FNDA:0,serialize_threads_CreateRequest
FNDA:0,deserialize_threads_CreateRequest
FNDA:0,serialize_threads_IdRequest
FNDA:0,deserialize_threads_IdRequest
FNDA:4,serialize_threads_Pagination
FNDA:0,deserialize_threads_Pagination
FNDA:0,serialize_threads_StatsModel
FNDA:0,deserialize_threads_StatsModel
FNDA:0,serialize_threads_ThreadModel
FNDA:29,deserialize_threads_ThreadModel
FNDA:0,serialize_threads_WalletWithAuthRequest
FNDA:0,deserialize_threads_WalletWithAuthRequest
DA:5,1
DA:6,1
DA:7,1
DA:8,1
DA:11,0
DA:12,0
DA:14,0
DA:18,0
DA:22,0
DA:23,0
DA:25,0
DA:29,0
DA:33,0
DA:34,0
DA:36,0
DA:40,0
DA:44,4
DA:45,0
DA:47,4
DA:51,0
DA:55,0
DA:56,0
DA:58,0
DA:62,0
DA:66,0
DA:67,0
DA:69,0
DA:73,0
DA:77,4
DA:78,0
DA:80,4
DA:84,0
DA:88,0
DA:89,0
DA:91,0
DA:95,0
DA:99,0
DA:100,0
DA:102,0
DA:106,29
DA:110,0
DA:111,0
DA:113,0
DA:117,0
DA:121,1
DA:281,1
LF:46
LH:11
BRDA:11,0,0,0
BRDA:11,0,1,0
BRDA:22,1,0,0
BRDA:22,1,1,0
BRDA:33,2,0,0
BRDA:33,2,1,0
BRDA:44,3,0,0
BRDA:44,3,1,4
BRDA:55,4,0,0
BRDA:55,4,1,0
BRDA:66,5,0,0
BRDA:66,5,1,0
BRDA:77,6,0,0
BRDA:77,6,1,4
BRDA:88,7,0,0
BRDA:88,7,1,0
BRDA:99,8,0,0
BRDA:99,8,1,0
BRDA:110,9,0,0
BRDA:110,9,1,0
BRF:20
BRH:2
end_of_record
TN:
SF:src/generated/grpc/typescript/threads_pb.js
FN:17,(anonymous_0)
FN:50,(anonymous_1)
FN:71,(anonymous_2)
FN:92,(anonymous_3)
FN:113,(anonymous_4)
FN:134,(anonymous_5)
FN:155,(anonymous_6)
FN:176,(anonymous_7)
FN:197,(anonymous_8)
FN:218,(anonymous_9)
FN:239,(anonymous_10)
FN:260,(anonymous_11)
FN:294,(anonymous_12)
FN:308,(anonymous_13)
FN:347,(anonymous_14)
FN:361,(anonymous_15)
FN:461,(anonymous_16)
FN:475,(anonymous_17)
FN:612,(anonymous_18)
FN:622,(anonymous_19)
FN:631,(anonymous_20)
FN:640,(anonymous_21)
FN:649,(anonymous_22)
FN:659,(anonymous_23)
FN:668,(anonymous_24)
FN:677,(anonymous_25)
FN:686,(anonymous_26)
FN:696,(anonymous_27)
FN:705,(anonymous_28)
FN:714,(anonymous_29)
FN:723,(anonymous_30)
FN:733,(anonymous_31)
FN:742,(anonymous_32)
FN:751,(anonymous_33)
FN:760,(anonymous_34)
FN:770,(anonymous_35)
FN:780,(anonymous_36)
FN:789,(anonymous_37)
FN:798,(anonymous_38)
FN:808,(anonymous_39)
FN:817,(anonymous_40)
FN:826,(anonymous_41)
FN:835,(anonymous_42)
FN:845,(anonymous_43)
FN:854,(anonymous_44)
FN:863,(anonymous_45)
FN:872,(anonymous_46)
FN:882,(anonymous_47)
FN:891,(anonymous_48)
FN:900,(anonymous_49)
FN:909,(anonymous_50)
FN:919,(anonymous_51)
FN:928,(anonymous_52)
FN:937,(anonymous_53)
FN:946,(anonymous_54)
FN:956,(anonymous_55)
FN:966,(anonymous_56)
FN:975,(anonymous_57)
FN:984,(anonymous_58)
FN:994,(anonymous_59)
FN:1004,(anonymous_60)
FN:1013,(anonymous_61)
FN:1022,(anonymous_62)
FN:1032,(anonymous_63)
FN:1042,(anonymous_64)
FN:1051,(anonymous_65)
FN:1060,(anonymous_66)
FN:1070,(anonymous_67)
FN:1080,(anonymous_68)
FN:1089,(anonymous_69)
FN:1098,(anonymous_70)
FN:1108,(anonymous_71)
FN:1118,(anonymous_72)
FN:1127,(anonymous_73)
FN:1136,(anonymous_74)
FN:1146,(anonymous_75)
FN:1155,(anonymous_76)
FN:1164,(anonymous_77)
FN:1173,(anonymous_78)
FN:1183,(anonymous_79)
FN:1192,(anonymous_80)
FN:1201,(anonymous_81)
FN:1222,(anonymous_82)
FN:1236,(anonymous_83)
FN:1256,(anonymous_84)
FN:1270,(anonymous_85)
FN:1305,(anonymous_86)
FN:1319,(anonymous_87)
FN:1352,(anonymous_88)
FN:1362,(anonymous_89)
FN:1371,(anonymous_90)
FN:1380,(anonymous_91)
FN:1389,(anonymous_92)
FN:1399,(anonymous_93)
FN:1408,(anonymous_94)
FN:1417,(anonymous_95)
FN:1426,(anonymous_96)
FN:1436,(anonymous_97)
FN:1445,(anonymous_98)
FN:1454,(anonymous_99)
FN:1475,(anonymous_100)
FN:1489,(anonymous_101)
FN:1509,(anonymous_102)
FN:1523,(anonymous_103)
FN:1558,(anonymous_104)
FN:1572,(anonymous_105)
FN:1605,(anonymous_106)
FN:1615,(anonymous_107)
FN:1624,(anonymous_108)
FN:1633,(anonymous_109)
FN:1642,(anonymous_110)
FN:1652,(anonymous_111)
FN:1661,(anonymous_112)
FN:1670,(anonymous_113)
FN:1679,(anonymous_114)
FN:1689,(anonymous_115)
FN:1698,(anonymous_116)
FN:1707,(anonymous_117)
FN:1735,(anonymous_118)
FN:1749,(anonymous_119)
FN:1776,(anonymous_120)
FN:1790,(anonymous_121)
FN:1850,(anonymous_122)
FN:1864,(anonymous_123)
FN:1937,(anonymous_124)
FN:1947,(anonymous_125)
FN:1956,(anonymous_126)
FN:1965,(anonymous_127)
FN:1974,(anonymous_128)
FN:1984,(anonymous_129)
FN:1993,(anonymous_130)
FN:2002,(anonymous_131)
FN:2011,(anonymous_132)
FN:2021,(anonymous_133)
FN:2030,(anonymous_134)
FN:2039,(anonymous_135)
FN:2048,(anonymous_136)
FN:2058,(anonymous_137)
FN:2067,(anonymous_138)
FN:2076,(anonymous_139)
FN:2085,(anonymous_140)
FN:2095,(anonymous_141)
FN:2105,(anonymous_142)
FN:2114,(anonymous_143)
FN:2123,(anonymous_144)
FN:2133,(anonymous_145)
FN:2143,(anonymous_146)
FN:2152,(anonymous_147)
FN:2161,(anonymous_148)
FN:2171,(anonymous_149)
FN:2180,(anonymous_150)
FN:2189,(anonymous_151)
FN:2198,(anonymous_152)
FN:2208,(anonymous_153)
FN:2217,(anonymous_154)
FN:2226,(anonymous_155)
FN:2247,(anonymous_156)
FN:2261,(anonymous_157)
FN:2281,(anonymous_158)
FN:2295,(anonymous_159)
FN:2330,(anonymous_160)
FN:2344,(anonymous_161)
FN:2377,(anonymous_162)
FN:2387,(anonymous_163)
FN:2396,(anonymous_164)
FN:2405,(anonymous_165)
FN:2414,(anonymous_166)
FN:2424,(anonymous_167)
FN:2433,(anonymous_168)
FN:2442,(anonymous_169)
FN:2451,(anonymous_170)
FN:2461,(anonymous_171)
FN:2470,(anonymous_172)
FN:2479,(anonymous_173)
FN:2500,(anonymous_174)
FN:2514,(anonymous_175)
FN:2533,(anonymous_176)
FN:2547,(anonymous_177)
FN:2577,(anonymous_178)
FN:2591,(anonymous_179)
FN:2616,(anonymous_180)
FN:2626,(anonymous_181)
FN:2635,(anonymous_182)
FN:2644,(anonymous_183)
FN:2653,(anonymous_184)
FN:2663,(anonymous_185)
FN:2672,(anonymous_186)
FN:2681,(anonymous_187)
FN:2702,(anonymous_188)
FN:2716,(anonymous_189)
FN:2735,(anonymous_190)
FN:2749,(anonymous_191)
FN:2779,(anonymous_192)
FN:2793,(anonymous_193)
FN:2818,(anonymous_194)
FN:2828,(anonymous_195)
FN:2837,(anonymous_196)
FN:2846,(anonymous_197)
FN:2855,(anonymous_198)
FN:2865,(anonymous_199)
FN:2874,(anonymous_200)
FN:2883,(anonymous_201)
FN:2904,(anonymous_202)
FN:2918,(anonymous_203)
FN:2936,(anonymous_204)
FN:2950,(anonymous_205)
FN:2975,(anonymous_206)
FN:2989,(anonymous_207)
FN:3006,(anonymous_208)
FN:3016,(anonymous_209)
FN:3025,(anonymous_210)
FN:3034,(anonymous_211)
FN:3062,(anonymous_212)
FN:3076,(anonymous_213)
FN:3101,(anonymous_214)
FN:3115,(anonymous_215)
FN:3165,(anonymous_216)
FN:3179,(anonymous_217)
FN:3236,(anonymous_218)
FN:3246,(anonymous_219)
FN:3255,(anonymous_220)
FN:3264,(anonymous_221)
FN:3273,(anonymous_222)
FN:3283,(anonymous_223)
FN:3292,(anonymous_224)
FN:3301,(anonymous_225)
FN:3310,(anonymous_226)
FN:3320,(anonymous_227)
FN:3330,(anonymous_228)
FN:3339,(anonymous_229)
FN:3348,(anonymous_230)
FN:3358,(anonymous_231)
FN:3368,(anonymous_232)
FN:3377,(anonymous_233)
FN:3386,(anonymous_234)
FN:3396,(anonymous_235)
FN:3405,(anonymous_236)
FN:3414,(anonymous_237)
FN:3423,(anonymous_238)
FN:3433,(anonymous_239)
FN:3442,(anonymous_240)
FN:3451,(anonymous_241)
FN:3472,(anonymous_242)
FN:3486,(anonymous_243)
FN:3505,(anonymous_244)
FN:3519,(anonymous_245)
FN:3549,(anonymous_246)
FN:3563,(anonymous_247)
FN:3588,(anonymous_248)
FN:3598,(anonymous_249)
FN:3607,(anonymous_250)
FN:3616,(anonymous_251)
FN:3625,(anonymous_252)
FN:3635,(anonymous_253)
FN:3644,(anonymous_254)
FN:3653,(anonymous_255)
FN:3674,(anonymous_256)
FN:3688,(anonymous_257)
FN:3707,(anonymous_258)
FN:3721,(anonymous_259)
FN:3751,(anonymous_260)
FN:3765,(anonymous_261)
FN:3790,(anonymous_262)
FN:3800,(anonymous_263)
FN:3809,(anonymous_264)
FN:3818,(anonymous_265)
FN:3827,(anonymous_266)
FN:3837,(anonymous_267)
FN:3846,(anonymous_268)
FN:3855,(anonymous_269)
FNF:270
FNH:67
FNDA:1,(anonymous_0)
FNDA:29,(anonymous_1)
FNDA:652,(anonymous_2)
FNDA:60,(anonymous_3)
FNDA:0,(anonymous_4)
FNDA:4,(anonymous_5)
FNDA:4,(anonymous_6)
FNDA:0,(anonymous_7)
FNDA:0,(anonymous_8)
FNDA:0,(anonymous_9)
FNDA:0,(anonymous_10)
FNDA:0,(anonymous_11)
FNDA:0,(anonymous_12)
FNDA:0,(anonymous_13)
FNDA:29,(anonymous_14)
FNDA:29,(anonymous_15)
FNDA:0,(anonymous_16)
FNDA:0,(anonymous_17)
FNDA:29,(anonymous_18)
FNDA:29,(anonymous_19)
FNDA:0,(anonymous_20)
FNDA:0,(anonymous_21)
FNDA:29,(anonymous_22)
FNDA:29,(anonymous_23)
FNDA:0,(anonymous_24)
FNDA:0,(anonymous_25)
FNDA:29,(anonymous_26)
FNDA:29,(anonymous_27)
FNDA:0,(anonymous_28)
FNDA:0,(anonymous_29)
FNDA:29,(anonymous_30)
FNDA:29,(anonymous_31)
FNDA:0,(anonymous_32)
FNDA:0,(anonymous_33)
FNDA:29,(anonymous_34)
FNDA:0,(anonymous_35)
FNDA:543,(anonymous_36)
FNDA:0,(anonymous_37)
FNDA:29,(anonymous_38)
FNDA:29,(anonymous_39)
FNDA:0,(anonymous_40)
FNDA:0,(anonymous_41)
FNDA:29,(anonymous_42)
FNDA:29,(anonymous_43)
FNDA:0,(anonymous_44)
FNDA:0,(anonymous_45)
FNDA:29,(anonymous_46)
FNDA:29,(anonymous_47)
FNDA:0,(anonymous_48)
FNDA:0,(anonymous_49)
FNDA:29,(anonymous_50)
FNDA:0,(anonymous_51)
FNDA:0,(anonymous_52)
FNDA:0,(anonymous_53)
FNDA:29,(anonymous_54)
FNDA:0,(anonymous_55)
FNDA:652,(anonymous_56)
FNDA:0,(anonymous_57)
FNDA:29,(anonymous_58)
FNDA:0,(anonymous_59)
FNDA:60,(anonymous_60)
FNDA:0,(anonymous_61)
FNDA:29,(anonymous_62)
FNDA:0,(anonymous_63)
FNDA:2515,(anonymous_64)
FNDA:0,(anonymous_65)
FNDA:29,(anonymous_66)
FNDA:0,(anonymous_67)
FNDA:2051,(anonymous_68)
FNDA:0,(anonymous_69)
FNDA:29,(anonymous_70)
FNDA:0,(anonymous_71)
FNDA:2341,(anonymous_72)
FNDA:0,(anonymous_73)
FNDA:29,(anonymous_74)
FNDA:29,(anonymous_75)
FNDA:0,(anonymous_76)
FNDA:0,(anonymous_77)
FNDA:29,(anonymous_78)
FNDA:29,(anonymous_79)
FNDA:0,(anonymous_80)
FNDA:0,(anonymous_81)
FNDA:0,(anonymous_82)
FNDA:0,(anonymous_83)
FNDA:0,(anonymous_84)
FNDA:652,(anonymous_85)
FNDA:0,(anonymous_86)
FNDA:0,(anonymous_87)
FNDA:652,(anonymous_88)
FNDA:652,(anonymous_89)
FNDA:0,(anonymous_90)
FNDA:0,(anonymous_91)
FNDA:652,(anonymous_92)
FNDA:652,(anonymous_93)
FNDA:0,(anonymous_94)
FNDA:0,(anonymous_95)
FNDA:652,(anonymous_96)
FNDA:652,(anonymous_97)
FNDA:0,(anonymous_98)
FNDA:0,(anonymous_99)
FNDA:0,(anonymous_100)
FNDA:0,(anonymous_101)
FNDA:0,(anonymous_102)
FNDA:60,(anonymous_103)
FNDA:0,(anonymous_104)
FNDA:0,(anonymous_105)
FNDA:60,(anonymous_106)
FNDA:60,(anonymous_107)
FNDA:0,(anonymous_108)
FNDA:0,(anonymous_109)
FNDA:60,(anonymous_110)
FNDA:60,(anonymous_111)
FNDA:0,(anonymous_112)
FNDA:0,(anonymous_113)
FNDA:60,(anonymous_114)
FNDA:60,(anonymous_115)
FNDA:0,(anonymous_116)
FNDA:0,(anonymous_117)
FNDA:0,(anonymous_118)
FNDA:0,(anonymous_119)
FNDA:0,(anonymous_120)
FNDA:0,(anonymous_121)
FNDA:0,(anonymous_122)
FNDA:0,(anonymous_123)
FNDA:0,(anonymous_124)
FNDA:0,(anonymous_125)
FNDA:0,(anonymous_126)
FNDA:0,(anonymous_127)
FNDA:0,(anonymous_128)
FNDA:0,(anonymous_129)
FNDA:0,(anonymous_130)
FNDA:0,(anonymous_131)
FNDA:0,(anonymous_132)
FNDA:0,(anonymous_133)
FNDA:0,(anonymous_134)
FNDA:0,(anonymous_135)
FNDA:0,(anonymous_136)
FNDA:0,(anonymous_137)
FNDA:0,(anonymous_138)
FNDA:0,(anonymous_139)
FNDA:0,(anonymous_140)
FNDA:0,(anonymous_141)
FNDA:0,(anonymous_142)
FNDA:0,(anonymous_143)
FNDA:0,(anonymous_144)
FNDA:0,(anonymous_145)
FNDA:0,(anonymous_146)
FNDA:0,(anonymous_147)
FNDA:0,(anonymous_148)
FNDA:0,(anonymous_149)
FNDA:0,(anonymous_150)
FNDA:0,(anonymous_151)
FNDA:0,(anonymous_152)
FNDA:0,(anonymous_153)
FNDA:0,(anonymous_154)
FNDA:0,(anonymous_155)
FNDA:0,(anonymous_156)
FNDA:0,(anonymous_157)
FNDA:0,(anonymous_158)
FNDA:0,(anonymous_159)
FNDA:4,(anonymous_160)
FNDA:4,(anonymous_161)
FNDA:4,(anonymous_162)
FNDA:4,(anonymous_163)
FNDA:0,(anonymous_164)
FNDA:0,(anonymous_165)
FNDA:4,(anonymous_166)
FNDA:4,(anonymous_167)
FNDA:0,(anonymous_168)
FNDA:0,(anonymous_169)
FNDA:4,(anonymous_170)
FNDA:4,(anonymous_171)
FNDA:0,(anonymous_172)
FNDA:0,(anonymous_173)
FNDA:0,(anonymous_174)
FNDA:0,(anonymous_175)
FNDA:0,(anonymous_176)
FNDA:0,(anonymous_177)
FNDA:4,(anonymous_178)
FNDA:4,(anonymous_179)
FNDA:4,(anonymous_180)
FNDA:4,(anonymous_181)
FNDA:0,(anonymous_182)
FNDA:0,(anonymous_183)
FNDA:4,(anonymous_184)
FNDA:4,(anonymous_185)
FNDA:0,(anonymous_186)
FNDA:0,(anonymous_187)
FNDA:0,(anonymous_188)
FNDA:0,(anonymous_189)
FNDA:0,(anonymous_190)
FNDA:0,(anonymous_191)
FNDA:0,(anonymous_192)
FNDA:0,(anonymous_193)
FNDA:0,(anonymous_194)
FNDA:0,(anonymous_195)
FNDA:0,(anonymous_196)
FNDA:0,(anonymous_197)
FNDA:0,(anonymous_198)
FNDA:0,(anonymous_199)
FNDA:0,(anonymous_200)
FNDA:0,(anonymous_201)
FNDA:0,(anonymous_202)
FNDA:0,(anonymous_203)
FNDA:0,(anonymous_204)
FNDA:0,(anonymous_205)
FNDA:0,(anonymous_206)
FNDA:0,(anonymous_207)
FNDA:0,(anonymous_208)
FNDA:0,(anonymous_209)
FNDA:0,(anonymous_210)
FNDA:0,(anonymous_211)
FNDA:0,(anonymous_212)
FNDA:0,(anonymous_213)
FNDA:0,(anonymous_214)
FNDA:0,(anonymous_215)
FNDA:0,(anonymous_216)
FNDA:0,(anonymous_217)
FNDA:0,(anonymous_218)
FNDA:0,(anonymous_219)
FNDA:0,(anonymous_220)
FNDA:0,(anonymous_221)
FNDA:0,(anonymous_222)
FNDA:0,(anonymous_223)
FNDA:0,(anonymous_224)
FNDA:0,(anonymous_225)
FNDA:0,(anonymous_226)
FNDA:0,(anonymous_227)
FNDA:0,(anonymous_228)
FNDA:0,(anonymous_229)
FNDA:0,(anonymous_230)
FNDA:0,(anonymous_231)
FNDA:0,(anonymous_232)
FNDA:0,(anonymous_233)
FNDA:0,(anonymous_234)
FNDA:0,(anonymous_235)
FNDA:0,(anonymous_236)
FNDA:0,(anonymous_237)
FNDA:0,(anonymous_238)
FNDA:0,(anonymous_239)
FNDA:0,(anonymous_240)
FNDA:0,(anonymous_241)
FNDA:0,(anonymous_242)
FNDA:0,(anonymous_243)
FNDA:0,(anonymous_244)
FNDA:0,(anonymous_245)
FNDA:0,(anonymous_246)
FNDA:0,(anonymous_247)
FNDA:0,(anonymous_248)
FNDA:0,(anonymous_249)
FNDA:0,(anonymous_250)
FNDA:0,(anonymous_251)
FNDA:0,(anonymous_252)
FNDA:0,(anonymous_253)
FNDA:0,(anonymous_254)
FNDA:0,(anonymous_255)
FNDA:0,(anonymous_256)
FNDA:0,(anonymous_257)
FNDA:0,(anonymous_258)
FNDA:0,(anonymous_259)
FNDA:0,(anonymous_260)
FNDA:0,(anonymous_261)
FNDA:0,(anonymous_262)
FNDA:0,(anonymous_263)
FNDA:0,(anonymous_264)
FNDA:0,(anonymous_265)
FNDA:0,(anonymous_266)
FNDA:0,(anonymous_267)
FNDA:0,(anonymous_268)
FNDA:0,(anonymous_269)
DA:15,1
DA:16,1
DA:17,1
DA:18,1
DA:19,0
DA:20,0
DA:21,0
DA:22,0
DA:25,1
DA:26,1
DA:27,1
DA:28,1
DA:29,1
DA:30,1
DA:31,1
DA:32,1
DA:33,1
DA:34,1
DA:35,1
DA:36,1
DA:37,1
DA:38,1
DA:39,1
DA:50,1
DA:51,29
DA:53,1
DA:54,1
DA:59,0
DA:71,1
DA:72,652
DA:74,1
DA:75,1
DA:80,0
DA:92,1
DA:93,60
DA:95,1
DA:96,1
DA:101,0
DA:113,1
DA:114,0
DA:116,1
DA:117,1
DA:122,0
DA:134,1
DA:135,4
DA:137,1
DA:138,1
DA:143,0
DA:155,1
DA:156,4
DA:158,1
DA:159,1
DA:164,0
DA:176,1
DA:177,0
DA:179,1
DA:180,1
DA:185,0
DA:197,1
DA:198,0
DA:200,1
DA:201,1
DA:206,0
DA:218,1
DA:219,0
DA:221,1
DA:222,1
DA:227,0
DA:239,1
DA:240,0
DA:242,1
DA:243,1
DA:248,0
DA:260,1
DA:261,0
DA:263,1
DA:264,1
DA:269,0
DA:277,1
DA:281,1
DA:294,1
DA:295,0
DA:308,1
DA:309,0
DA:334,0
DA:335,0
DA:337,0
DA:347,1
DA:348,29
DA:349,29
DA:350,29
DA:361,1
DA:362,29
DA:363,8423
DA:364,0
DA:366,8423
DA:367,8423
DA:369,29
DA:370,29
DA:371,29
DA:372,29
DA:374,29
DA:375,29
DA:376,29
DA:377,29
DA:379,29
DA:380,29
DA:381,29
DA:382,29
DA:384,29
DA:385,29
DA:386,29
DA:387,29
DA:389,543
DA:390,543
DA:391,543
DA:392,543
DA:394,29
DA:395,29
DA:396,29
DA:397,29
DA:399,29
DA:400,29
DA:401,29
DA:402,29
DA:404,29
DA:405,29
DA:406,29
DA:407,29
DA:409,0
DA:410,0
DA:411,0
DA:412,0
DA:414,652
DA:415,652
DA:416,652
DA:417,652
DA:419,60
DA:420,60
DA:421,60
DA:422,60
DA:424,2515
DA:425,2515
DA:426,2515
DA:427,2515
DA:429,2051
DA:430,2051
DA:431,2051
DA:432,2051
DA:434,2341
DA:435,2341
DA:436,2341
DA:437,2341
DA:439,29
DA:440,29
DA:441,29
DA:442,29
DA:444,29
DA:445,29
DA:446,29
DA:447,29
DA:449,0
DA:450,0
DA:453,29
DA:461,1
DA:462,0
DA:463,0
DA:464,0
DA:475,1
DA:476,0
DA:477,0
DA:478,0
DA:479,0
DA:485,0
DA:486,0
DA:487,0
DA:493,0
DA:494,0
DA:495,0
DA:501,0
DA:502,0
DA:503,0
DA:509,0
DA:510,0
DA:511,0
DA:517,0
DA:518,0
DA:519,0
DA:525,0
DA:526,0
DA:527,0
DA:533,0
DA:534,0
DA:535,0
DA:541,0
DA:542,0
DA:543,0
DA:549,0
DA:550,0
DA:551,0
DA:557,0
DA:558,0
DA:559,0
DA:565,0
DA:566,0
DA:567,0
DA:573,0
DA:574,0
DA:575,0
DA:581,0
DA:582,0
DA:583,0
DA:589,0
DA:590,0
DA:591,0
DA:597,0
DA:598,0
DA:599,0
DA:612,1
DA:613,29
DA:622,1
DA:623,29
DA:631,1
DA:632,0
DA:640,1
DA:641,0
DA:649,1
DA:650,29
DA:659,1
DA:660,29
DA:668,1
DA:669,0
DA:677,1
DA:678,0
DA:686,1
DA:687,29
DA:696,1
DA:697,29
DA:705,1
DA:706,0
DA:714,1
DA:715,0
DA:723,1
DA:724,29
DA:733,1
DA:734,29
DA:742,1
DA:743,0
DA:751,1
DA:752,0
DA:760,1
DA:761,29
DA:770,1
DA:771,0
DA:780,1
DA:781,543
DA:789,1
DA:790,0
DA:798,1
DA:799,29
DA:808,1
DA:809,29
DA:817,1
DA:818,0
DA:826,1
DA:827,0
DA:835,1
DA:836,29
DA:845,1
DA:846,29
DA:854,1
DA:855,0
DA:863,1
DA:864,0
DA:872,1
DA:873,29
DA:882,1
DA:883,29
DA:891,1
DA:892,0
DA:900,1
DA:901,0
DA:909,1
DA:910,29
DA:919,1
DA:920,0
DA:928,1
DA:929,0
DA:937,1
DA:938,0
DA:946,1
DA:947,29
DA:956,1
DA:957,0
DA:966,1
DA:967,652
DA:975,1
DA:976,0
DA:984,1
DA:985,29
DA:994,1
DA:995,0
DA:1004,1
DA:1005,60
DA:1013,1
DA:1014,0
DA:1022,1
DA:1023,29
DA:1032,1
DA:1033,0
DA:1042,1
DA:1043,2515
DA:1051,1
DA:1052,0
DA:1060,1
DA:1061,29
DA:1070,1
DA:1071,0
DA:1080,1
DA:1081,2051
DA:1089,1
DA:1090,0
DA:1098,1
DA:1099,29
DA:1108,1
DA:1109,0
DA:1118,1
DA:1119,2341
DA:1127,1
DA:1128,0
DA:1136,1
DA:1137,29
DA:1146,1
DA:1147,29
DA:1155,1
DA:1156,0
DA:1164,1
DA:1165,0
DA:1173,1
DA:1174,29
DA:1183,1
DA:1184,29
DA:1192,1
DA:1193,0
DA:1201,1
DA:1202,0
DA:1209,1
DA:1222,1
DA:1223,0
DA:1236,1
DA:1237,0
DA:1243,0
DA:1244,0
DA:1246,0
DA:1256,1
DA:1257,0
DA:1258,0
DA:1259,0
DA:1270,1
DA:1271,652
DA:1272,1956
DA:1273,0
DA:1275,1956
DA:1276,1956
DA:1278,652
DA:1279,652
DA:1280,652
DA:1281,652
DA:1283,652
DA:1284,652
DA:1285,652
DA:1286,652
DA:1288,652
DA:1289,652
DA:1290,652
DA:1291,652
DA:1293,0
DA:1294,0
DA:1297,652
DA:1305,1
DA:1306,0
DA:1307,0
DA:1308,0
DA:1319,1
DA:1320,0
DA:1321,0
DA:1322,0
DA:1323,0
DA:1329,0
DA:1330,0
DA:1331,0
DA:1337,0
DA:1338,0
DA:1339,0
DA:1352,1
DA:1353,652
DA:1362,1
DA:1363,652
DA:1371,1
DA:1372,0
DA:1380,1
DA:1381,0
DA:1389,1
DA:1390,652
DA:1399,1
DA:1400,652
DA:1408,1
DA:1409,0
DA:1417,1
DA:1418,0
DA:1426,1
DA:1427,652
DA:1436,1
DA:1437,652
DA:1445,1
DA:1446,0
DA:1454,1
DA:1455,0
DA:1462,1
DA:1475,1
DA:1476,0
DA:1489,1
DA:1490,0
DA:1496,0
DA:1497,0
DA:1499,0
DA:1509,1
DA:1510,0
DA:1511,0
DA:1512,0
DA:1523,1
DA:1524,60
DA:1525,180
DA:1526,0
DA:1528,180
DA:1529,180
DA:1531,60
DA:1532,60
DA:1533,60
DA:1534,60
DA:1536,60
DA:1537,60
DA:1538,60
DA:1539,60
DA:1541,60
DA:1542,60
DA:1543,60
DA:1544,60
DA:1546,0
DA:1547,0
DA:1550,60
DA:1558,1
DA:1559,0
DA:1560,0
DA:1561,0
DA:1572,1
DA:1573,0
DA:1574,0
DA:1575,0
DA:1576,0
DA:1582,0
DA:1583,0
DA:1584,0
DA:1590,0
DA:1591,0
DA:1592,0
DA:1605,1
DA:1606,60
DA:1615,1
DA:1616,60
DA:1624,1
DA:1625,0
DA:1633,1
DA:1634,0
DA:1642,1
DA:1643,60
DA:1652,1
DA:1653,60
DA:1661,1
DA:1662,0
DA:1670,1
DA:1671,0
DA:1679,1
DA:1680,60
DA:1689,1
DA:1690,60
DA:1698,1
DA:1699,0
DA:1707,1
DA:1708,0
DA:1718,1
DA:1722,1
DA:1735,1
DA:1736,0
DA:1749,1
DA:1750,0
DA:1763,0
DA:1764,0
DA:1766,0
DA:1776,1
DA:1777,0
DA:1778,0
DA:1779,0
DA:1790,1
DA:1791,0
DA:1792,0
DA:1793,0
DA:1795,0
DA:1796,0
DA:1798,0
DA:1799,0
DA:1800,0
DA:1801,0
DA:1803,0
DA:1804,0
DA:1805,0
DA:1806,0
DA:1808,0
DA:1809,0
DA:1810,0
DA:1811,0
DA:1813,0
DA:1814,0
DA:1815,0
DA:1816,0
DA:1818,0
DA:1819,0
DA:1820,0
DA:1821,0
DA:1823,0
DA:1824,0
DA:1825,0
DA:1826,0
DA:1828,0
DA:1829,0
DA:1830,0
DA:1831,0
DA:1833,0
DA:1834,0
DA:1835,0
DA:1836,0
DA:1838,0
DA:1839,0
DA:1842,0
DA:1850,1
DA:1851,0
DA:1852,0
DA:1853,0
DA:1864,1
DA:1865,0
DA:1866,0
DA:1867,0
DA:1868,0
DA:1874,0
DA:1875,0
DA:1876,0
DA:1882,0
DA:1883,0
DA:1884,0
DA:1890,0
DA:1891,0
DA:1892,0
DA:1898,0
DA:1899,0
DA:1900,0
DA:1906,0
DA:1907,0
DA:1908,0
DA:1914,0
DA:1915,0
DA:1916,0
DA:1922,0
DA:1923,0
DA:1924,0
DA:1937,1
DA:1938,0
DA:1947,1
DA:1948,0
DA:1956,1
DA:1957,0
DA:1965,1
DA:1966,0
DA:1974,1
DA:1975,0
DA:1984,1
DA:1985,0
DA:1993,1
DA:1994,0
DA:2002,1
DA:2003,0
DA:2011,1
DA:2012,0
DA:2021,1
DA:2022,0
DA:2030,1
DA:2031,0
DA:2039,1
DA:2040,0
DA:2048,1
DA:2049,0
DA:2058,1
DA:2059,0
DA:2067,1
DA:2068,0
DA:2076,1
DA:2077,0
DA:2085,1
DA:2086,0
DA:2095,1
DA:2096,0
DA:2105,1
DA:2106,0
DA:2114,1
DA:2115,0
DA:2123,1
DA:2124,0
DA:2133,1
DA:2134,0
DA:2143,1
DA:2144,0
DA:2152,1
DA:2153,0
DA:2161,1
DA:2162,0
DA:2171,1
DA:2172,0
DA:2180,1
DA:2181,0
DA:2189,1
DA:2190,0
DA:2198,1
DA:2199,0
DA:2208,1
DA:2209,0
DA:2217,1
DA:2218,0
DA:2226,1
DA:2227,0
DA:2234,1
DA:2247,1
DA:2248,0
DA:2261,1
DA:2262,0
DA:2268,0
DA:2269,0
DA:2271,0
DA:2281,1
DA:2282,0
DA:2283,0
DA:2284,0
DA:2295,1
DA:2296,0
DA:2297,0
DA:2298,0
DA:2300,0
DA:2301,0
DA:2303,0
DA:2304,0
DA:2305,0
DA:2306,0
DA:2308,0
DA:2309,0
DA:2310,0
DA:2311,0
DA:2313,0
DA:2314,0
DA:2315,0
DA:2316,0
DA:2318,0
DA:2319,0
DA:2322,0
DA:2330,1
DA:2331,4
DA:2332,4
DA:2333,4
DA:2344,1
DA:2345,4
DA:2346,4
DA:2347,4
DA:2348,4
DA:2354,4
DA:2355,4
DA:2356,4
DA:2362,4
DA:2363,4
DA:2364,4
DA:2377,1
DA:2378,4
DA:2387,1
DA:2388,4
DA:2396,1
DA:2397,0
DA:2405,1
DA:2406,0
DA:2414,1
DA:2415,4
DA:2424,1
DA:2425,4
DA:2433,1
DA:2434,0
DA:2442,1
DA:2443,0
DA:2451,1
DA:2452,4
DA:2461,1
DA:2462,4
DA:2470,1
DA:2471,0
DA:2479,1
DA:2480,0
DA:2487,1
DA:2500,1
DA:2501,0
DA:2514,1
DA:2515,0
DA:2520,0
DA:2521,0
DA:2523,0
DA:2533,1
DA:2534,0
DA:2535,0
DA:2536,0
DA:2547,1
DA:2548,0
DA:2549,0
DA:2550,0
DA:2552,0
DA:2553,0
DA:2555,0
DA:2556,0
DA:2557,0
DA:2558,0
DA:2560,0
DA:2561,0
DA:2562,0
DA:2563,0
DA:2565,0
DA:2566,0
DA:2569,0
DA:2577,1
DA:2578,4
DA:2579,4
DA:2580,4
DA:2591,1
DA:2592,4
DA:2593,4
DA:2594,4
DA:2595,4
DA:2601,4
DA:2602,4
DA:2603,4
DA:2616,1
DA:2617,4
DA:2626,1
DA:2627,4
DA:2635,1
DA:2636,0
DA:2644,1
DA:2645,0
DA:2653,1
DA:2654,4
DA:2663,1
DA:2664,4
DA:2672,1
DA:2673,0
DA:2681,1
DA:2682,0
DA:2689,1
DA:2702,1
DA:2703,0
DA:2716,1
DA:2717,0
DA:2722,0
DA:2723,0
DA:2725,0
DA:2735,1
DA:2736,0
DA:2737,0
DA:2738,0
DA:2749,1
DA:2750,0
DA:2751,0
DA:2752,0
DA:2754,0
DA:2755,0
DA:2757,0
DA:2758,0
DA:2759,0
DA:2760,0
DA:2762,0
DA:2763,0
DA:2764,0
DA:2765,0
DA:2767,0
DA:2768,0
DA:2771,0
DA:2779,1
DA:2780,0
DA:2781,0
DA:2782,0
DA:2793,1
DA:2794,0
DA:2795,0
DA:2796,0
DA:2797,0
DA:2803,0
DA:2804,0
DA:2805,0
DA:2818,1
DA:2819,0
DA:2828,1
DA:2829,0
DA:2837,1
DA:2838,0
DA:2846,1
DA:2847,0
DA:2855,1
DA:2856,0
DA:2865,1
DA:2866,0
DA:2874,1
DA:2875,0
DA:2883,1
DA:2884,0
DA:2891,1
DA:2904,1
DA:2905,0
DA:2918,1
DA:2919,0
DA:2923,0
DA:2924,0
DA:2926,0
DA:2936,1
DA:2937,0
DA:2938,0
DA:2939,0
DA:2950,1
DA:2951,0
DA:2952,0
DA:2953,0
DA:2955,0
DA:2956,0
DA:2958,0
DA:2959,0
DA:2960,0
DA:2961,0
DA:2963,0
DA:2964,0
DA:2967,0
DA:2975,1
DA:2976,0
DA:2977,0
DA:2978,0
DA:2989,1
DA:2990,0
DA:2991,0
DA:2992,0
DA:2993,0
DA:3006,1
DA:3007,0
DA:3016,1
DA:3017,0
DA:3025,1
DA:3026,0
DA:3034,1
DA:3035,0
DA:3045,1
DA:3049,1
DA:3062,1
DA:3063,0
DA:3076,1
DA:3077,0
DA:3088,0
DA:3089,0
DA:3091,0
DA:3101,1
DA:3102,0
DA:3103,0
DA:3104,0
DA:3115,1
DA:3116,0
DA:3117,0
DA:3118,0
DA:3120,0
DA:3121,0
DA:3123,0
DA:3124,0
DA:3125,0
DA:3126,0
DA:3128,0
DA:3129,0
DA:3130,0
DA:3131,0
DA:3133,0
DA:3134,0
DA:3135,0
DA:3136,0
DA:3138,0
DA:3139,0
DA:3140,0
DA:3141,0
DA:3143,0
DA:3144,0
DA:3145,0
DA:3146,0
DA:3148,0
DA:3149,0
DA:3150,0
DA:3151,0
DA:3153,0
DA:3154,0
DA:3157,0
DA:3165,1
DA:3166,0
DA:3167,0
DA:3168,0
DA:3179,1
DA:3180,0
DA:3181,0
DA:3182,0
DA:3183,0
DA:3189,0
DA:3190,0
DA:3191,0
DA:3197,0
DA:3198,0
DA:3199,0
DA:3205,0
DA:3206,0
DA:3207,0
DA:3213,0
DA:3214,0
DA:3215,0
DA:3221,0
DA:3222,0
DA:3223,0
DA:3236,1
DA:3237,0
DA:3246,1
DA:3247,0
DA:3255,1
DA:3256,0
DA:3264,1
DA:3265,0
DA:3273,1
DA:3274,0
DA:3283,1
DA:3284,0
DA:3292,1
DA:3293,0
DA:3301,1
DA:3302,0
DA:3310,1
DA:3311,0
DA:3320,1
DA:3321,0
DA:3330,1
DA:3331,0
DA:3339,1
DA:3340,0
DA:3348,1
DA:3349,0
DA:3358,1
DA:3359,0
DA:3368,1
DA:3369,0
DA:3377,1
DA:3378,0
DA:3386,1
DA:3387,0
DA:3396,1
DA:3397,0
DA:3405,1
DA:3406,0
DA:3414,1
DA:3415,0
DA:3423,1
DA:3424,0
DA:3433,1
DA:3434,0
DA:3442,1
DA:3443,0
DA:3451,1
DA:3452,0
DA:3459,1
DA:3472,1
DA:3473,0
DA:3486,1
DA:3487,0
DA:3492,0
DA:3493,0
DA:3495,0
DA:3505,1
DA:3506,0
DA:3507,0
DA:3508,0
DA:3519,1
DA:3520,0
DA:3521,0
DA:3522,0
DA:3524,0
DA:3525,0
DA:3527,0
DA:3528,0
DA:3529,0
DA:3530,0
DA:3532,0
DA:3533,0
DA:3534,0
DA:3535,0
DA:3537,0
DA:3538,0
DA:3541,0
DA:3549,1
DA:3550,0
DA:3551,0
DA:3552,0
DA:3563,1
DA:3564,0
DA:3565,0
DA:3566,0
DA:3567,0
DA:3573,0
DA:3574,0
DA:3575,0
DA:3588,1
DA:3589,0
DA:3598,1
DA:3599,0
DA:3607,1
DA:3608,0
DA:3616,1
DA:3617,0
DA:3625,1
DA:3626,0
DA:3635,1
DA:3636,0
DA:3644,1
DA:3645,0
DA:3653,1
DA:3654,0
DA:3661,1
DA:3674,1
DA:3675,0
DA:3688,1
DA:3689,0
DA:3694,0
DA:3695,0
DA:3697,0
DA:3707,1
DA:3708,0
DA:3709,0
DA:3710,0
DA:3721,1
DA:3722,0
DA:3723,0
DA:3724,0
DA:3726,0
DA:3727,0
DA:3729,0
DA:3730,0
DA:3731,0
DA:3732,0
DA:3734,0
DA:3735,0
DA:3736,0
DA:3737,0
DA:3739,0
DA:3740,0
DA:3743,0
DA:3751,1
DA:3752,0
DA:3753,0
DA:3754,0
DA:3765,1
DA:3766,0
DA:3767,0
DA:3768,0
DA:3769,0
DA:3775,0
DA:3776,0
DA:3777,0
DA:3790,1
DA:3791,0
DA:3800,1
DA:3801,0
DA:3809,1
DA:3810,0
DA:3818,1
DA:3819,0
DA:3827,1
DA:3828,0
DA:3837,1
DA:3838,0
DA:3846,1
DA:3847,0
DA:3855,1
DA:3856,0
DA:3860,1
LF:1099
LH:508
BRDA:18,0,0,1
BRDA:18,0,1,0
BRDA:19,1,0,0
BRDA:19,1,1,0
BRDA:20,2,0,0
BRDA:20,2,1,0
BRDA:21,3,0,0
BRDA:21,3,1,0
BRDA:54,4,0,0
BRDA:54,4,1,1
BRDA:54,5,0,1
BRDA:54,5,1,0
BRDA:75,6,0,0
BRDA:75,6,1,1
BRDA:75,7,0,1
BRDA:75,7,1,0
BRDA:96,8,0,0
BRDA:96,8,1,1
BRDA:96,9,0,1
BRDA:96,9,1,0
BRDA:117,10,0,0
BRDA:117,10,1,1
BRDA:117,11,0,1
BRDA:117,11,1,0
BRDA:138,12,0,0
BRDA:138,12,1,1
BRDA:138,13,0,1
BRDA:138,13,1,0
BRDA:159,14,0,0
BRDA:159,14,1,1
BRDA:159,15,0,1
BRDA:159,15,1,0
BRDA:180,16,0,0
BRDA:180,16,1,1
BRDA:180,17,0,1
BRDA:180,17,1,0
BRDA:201,18,0,0
BRDA:201,18,1,1
BRDA:201,19,0,1
BRDA:201,19,1,0
BRDA:222,20,0,0
BRDA:222,20,1,1
BRDA:222,21,0,1
BRDA:222,21,1,0
BRDA:243,22,0,0
BRDA:243,22,1,1
BRDA:243,23,0,1
BRDA:243,23,1,0
BRDA:264,24,0,0
BRDA:264,24,1,1
BRDA:264,25,0,1
BRDA:264,25,1,0
BRDA:281,26,0,1
BRDA:281,26,1,0
BRDA:310,27,0,0
BRDA:310,27,1,0
BRDA:311,28,0,0
BRDA:311,28,1,0
BRDA:312,29,0,0
BRDA:312,29,1,0
BRDA:313,30,0,0
BRDA:313,30,1,0
BRDA:316,31,0,0
BRDA:316,31,1,0
BRDA:317,32,0,0
BRDA:317,32,1,0
BRDA:318,33,0,0
BRDA:318,33,1,0
BRDA:319,34,0,0
BRDA:319,34,1,0
BRDA:330,35,0,0
BRDA:330,35,1,0
BRDA:331,36,0,0
BRDA:331,36,1,0
BRDA:334,37,0,0
BRDA:334,37,1,0
BRDA:363,38,0,0
BRDA:363,38,1,8423
BRDA:367,39,0,29
BRDA:367,39,1,29
BRDA:367,39,2,29
BRDA:367,39,3,29
BRDA:367,39,4,543
BRDA:367,39,5,29
BRDA:367,39,6,29
BRDA:367,39,7,29
BRDA:367,39,8,0
BRDA:367,39,9,652
BRDA:367,39,10,60
BRDA:367,39,11,2515
BRDA:367,39,12,2051
BRDA:367,39,13,2341
BRDA:367,39,14,29
BRDA:367,39,15,29
BRDA:367,39,16,0
BRDA:478,40,0,0
BRDA:478,40,1,0
BRDA:486,41,0,0
BRDA:486,41,1,0
BRDA:494,42,0,0
BRDA:494,42,1,0
BRDA:502,43,0,0
BRDA:502,43,1,0
BRDA:510,44,0,0
BRDA:510,44,1,0
BRDA:518,45,0,0
BRDA:518,45,1,0
BRDA:526,46,0,0
BRDA:526,46,1,0
BRDA:534,47,0,0
BRDA:534,47,1,0
BRDA:542,48,0,0
BRDA:542,48,1,0
BRDA:550,49,0,0
BRDA:550,49,1,0
BRDA:558,50,0,0
BRDA:558,50,1,0
BRDA:566,51,0,0
BRDA:566,51,1,0
BRDA:574,52,0,0
BRDA:574,52,1,0
BRDA:582,53,0,0
BRDA:582,53,1,0
BRDA:590,54,0,0
BRDA:590,54,1,0
BRDA:598,55,0,0
BRDA:598,55,1,0
BRDA:1209,56,0,1
BRDA:1209,56,1,0
BRDA:1238,57,0,0
BRDA:1238,57,1,0
BRDA:1239,58,0,0
BRDA:1239,58,1,0
BRDA:1240,59,0,0
BRDA:1240,59,1,0
BRDA:1243,60,0,0
BRDA:1243,60,1,0
BRDA:1272,61,0,0
BRDA:1272,61,1,1956
BRDA:1276,62,0,652
BRDA:1276,62,1,652
BRDA:1276,62,2,652
BRDA:1276,62,3,0
BRDA:1322,63,0,0
BRDA:1322,63,1,0
BRDA:1330,64,0,0
BRDA:1330,64,1,0
BRDA:1338,65,0,0
BRDA:1338,65,1,0
BRDA:1462,66,0,1
BRDA:1462,66,1,0
BRDA:1491,67,0,0
BRDA:1491,67,1,0
BRDA:1492,68,0,0
BRDA:1492,68,1,0
BRDA:1493,69,0,0
BRDA:1493,69,1,0
BRDA:1496,70,0,0
BRDA:1496,70,1,0
BRDA:1525,71,0,0
BRDA:1525,71,1,180
BRDA:1529,72,0,60
BRDA:1529,72,1,60
BRDA:1529,72,2,60
BRDA:1529,72,3,0
BRDA:1575,73,0,0
BRDA:1575,73,1,0
BRDA:1583,74,0,0
BRDA:1583,74,1,0
BRDA:1591,75,0,0
BRDA:1591,75,1,0
BRDA:1722,76,0,1
BRDA:1722,76,1,0
BRDA:1751,77,0,0
BRDA:1751,77,1,0
BRDA:1752,78,0,0
BRDA:1752,78,1,0
BRDA:1753,79,0,0
BRDA:1753,79,1,0
BRDA:1754,80,0,0
BRDA:1754,80,1,0
BRDA:1759,81,0,0
BRDA:1759,81,1,0
BRDA:1760,82,0,0
BRDA:1760,82,1,0
BRDA:1763,83,0,0
BRDA:1763,83,1,0
BRDA:1792,84,0,0
BRDA:1792,84,1,0
BRDA:1796,85,0,0
BRDA:1796,85,1,0
BRDA:1796,85,2,0
BRDA:1796,85,3,0
BRDA:1796,85,4,0
BRDA:1796,85,5,0
BRDA:1796,85,6,0
BRDA:1796,85,7,0
BRDA:1796,85,8,0
BRDA:1867,86,0,0
BRDA:1867,86,1,0
BRDA:1875,87,0,0
BRDA:1875,87,1,0
BRDA:1883,88,0,0
BRDA:1883,88,1,0
BRDA:1891,89,0,0
BRDA:1891,89,1,0
BRDA:1899,90,0,0
BRDA:1899,90,1,0
BRDA:1907,91,0,0
BRDA:1907,91,1,0
BRDA:1915,92,0,0
BRDA:1915,92,1,0
BRDA:1923,93,0,0
BRDA:1923,93,1,0
BRDA:2234,94,0,1
BRDA:2234,94,1,0
BRDA:2263,95,0,0
BRDA:2263,95,1,0
BRDA:2264,96,0,0
BRDA:2264,96,1,0
BRDA:2265,97,0,0
BRDA:2265,97,1,0
BRDA:2268,98,0,0
BRDA:2268,98,1,0
BRDA:2297,99,0,0
BRDA:2297,99,1,0
BRDA:2301,100,0,0
BRDA:2301,100,1,0
BRDA:2301,100,2,0
BRDA:2301,100,3,0
BRDA:2347,101,0,4
BRDA:2347,101,1,0
BRDA:2355,102,0,4
BRDA:2355,102,1,0
BRDA:2363,103,0,4
BRDA:2363,103,1,0
BRDA:2487,104,0,1
BRDA:2487,104,1,0
BRDA:2516,105,0,0
BRDA:2516,105,1,0
BRDA:2517,106,0,0
BRDA:2517,106,1,0
BRDA:2520,107,0,0
BRDA:2520,107,1,0
BRDA:2549,108,0,0
BRDA:2549,108,1,0
BRDA:2553,109,0,0
BRDA:2553,109,1,0
BRDA:2553,109,2,0
BRDA:2594,110,0,4
BRDA:2594,110,1,0
BRDA:2602,111,0,4
BRDA:2602,111,1,0
BRDA:2689,112,0,1
BRDA:2689,112,1,0
BRDA:2718,113,0,0
BRDA:2718,113,1,0
BRDA:2719,114,0,0
BRDA:2719,114,1,0
BRDA:2722,115,0,0
BRDA:2722,115,1,0
BRDA:2751,116,0,0
BRDA:2751,116,1,0
BRDA:2755,117,0,0
BRDA:2755,117,1,0
BRDA:2755,117,2,0
BRDA:2796,118,0,0
BRDA:2796,118,1,0
BRDA:2804,119,0,0
BRDA:2804,119,1,0
BRDA:2891,120,0,1
BRDA:2891,120,1,0
BRDA:2920,121,0,0
BRDA:2920,121,1,0
BRDA:2923,122,0,0
BRDA:2923,122,1,0
BRDA:2952,123,0,0
BRDA:2952,123,1,0
BRDA:2956,124,0,0
BRDA:2956,124,1,0
BRDA:2992,125,0,0
BRDA:2992,125,1,0
BRDA:3049,126,0,1
BRDA:3049,126,1,0
BRDA:3078,127,0,0
BRDA:3078,127,1,0
BRDA:3079,128,0,0
BRDA:3079,128,1,0
BRDA:3084,129,0,0
BRDA:3084,129,1,0
BRDA:3085,130,0,0
BRDA:3085,130,1,0
BRDA:3088,131,0,0
BRDA:3088,131,1,0
BRDA:3117,132,0,0
BRDA:3117,132,1,0
BRDA:3121,133,0,0
BRDA:3121,133,1,0
BRDA:3121,133,2,0
BRDA:3121,133,3,0
BRDA:3121,133,4,0
BRDA:3121,133,5,0
BRDA:3121,133,6,0
BRDA:3182,134,0,0
BRDA:3182,134,1,0
BRDA:3190,135,0,0
BRDA:3190,135,1,0
BRDA:3198,136,0,0
BRDA:3198,136,1,0
BRDA:3206,137,0,0
BRDA:3206,137,1,0
BRDA:3214,138,0,0
BRDA:3214,138,1,0
BRDA:3222,139,0,0
BRDA:3222,139,1,0
BRDA:3459,140,0,1
BRDA:3459,140,1,0
BRDA:3488,141,0,0
BRDA:3488,141,1,0
BRDA:3489,142,0,0
BRDA:3489,142,1,0
BRDA:3492,143,0,0
BRDA:3492,143,1,0
BRDA:3521,144,0,0
BRDA:3521,144,1,0
BRDA:3525,145,0,0
BRDA:3525,145,1,0
BRDA:3525,145,2,0
BRDA:3566,146,0,0
BRDA:3566,146,1,0
BRDA:3574,147,0,0
BRDA:3574,147,1,0
BRDA:3661,148,0,1
BRDA:3661,148,1,0
BRDA:3690,149,0,0
BRDA:3690,149,1,0
BRDA:3691,150,0,0
BRDA:3691,150,1,0
BRDA:3694,151,0,0
BRDA:3694,151,1,0
BRDA:3723,152,0,0
BRDA:3723,152,1,0
BRDA:3727,153,0,0
BRDA:3727,153,1,0
BRDA:3727,153,2,0
BRDA:3768,154,0,0
BRDA:3768,154,1,0
BRDA:3776,155,0,0
BRDA:3776,155,1,0
BRF:349
BRH:63
end_of_record
